This is pdfTeX, Version 3.14159-14h-released-20010417 (Web2C 7.3.3.1) (format=pdflatex 2007.11.8)  8 AUG 2008 09:31
**usr_manual
(./usr_manual.tex{/usr/share/texmf/pdftex/config/pdftex.cfg}
LaTeX2e <2001/06/01>
Babel <v3.7h> and hyphenation patterns for american, french, german, ngerman, i
talian, nohyphenation, loaded.
(/usr/share/texmf/tex/latex/base/book.cls
Document Class: book 2001/04/21 v1.4e Standard LaTeX document class
(/usr/share/texmf/tex/latex/base/bk11.clo
File: bk11.clo 2001/04/21 v1.4e Standard LaTeX file (size option)
)
\c@part=\count79
\c@chapter=\count80
\c@section=\count81
\c@subsection=\count82
\c@subsubsection=\count83
\c@paragraph=\count84
\c@subparagraph=\count85
\c@figure=\count86
\c@table=\count87
\abovecaptionskip=\skip41
\belowcaptionskip=\skip42
\bibindent=\dimen102
) (./hypre.sty)
(/usr/share/texmf/tex/latex/graphics/graphicx.sty
Package: graphicx 1999/02/16 v1.0f Enhanced LaTeX Graphics (DPC,SPQR)

(/usr/share/texmf/tex/latex/graphics/keyval.sty
Package: keyval 1999/03/16 v1.13 key=value parser (DPC)
\KV@toks@=\toks14
)
(/usr/share/texmf/tex/latex/graphics/graphics.sty
Package: graphics 2001/07/07 v1.0n Standard LaTeX Graphics (DPC,SPQR)

(/usr/share/texmf/tex/latex/graphics/trig.sty
Package: trig 1999/03/16 v1.09 sin cos tan (DPC)
)
(/usr/share/texmf/tex/latex/config/graphics.cfg)
Package graphics Info: Driver file: pdftex.def on input line 80.

(/usr/share/texmf/tex/latex/graphics/pdftex.def
File: pdftex.def 2001/11/29 v0.03i graphics/color for pdftex
\Gread@gobject=\count88
))
\Gin@req@height=\dimen103
\Gin@req@width=\dimen104
)
(/usr/share/texmf/tex/latex/hyperref/hyperref.sty
Package: hyperref 2002/08/04 v6.72v Hypertext links for LaTeX
\@linkdim=\dimen105
\Hy@linkcounter=\count89
\Hy@pagecounter=\count90

(/usr/share/texmf/tex/latex/hyperref/pd1enc.def
File: pd1enc.def 2002/08/04 v6.72v Hyperref: PDFDocEncoding definition (HO)
)
Package hyperref Info: Option `linktocpage' set `true' on input line 1739.
Package hyperref Info: Option `plainpages' set `false' on input line 1739.
Package hyperref Info: Option `bookmarksopen' set `true' on input line 1739.
Package hyperref Info: Option `bookmarksnumbered' set `true' on input line 1739
.
Package hyperref Info: Bookmarks ON on input line 1797.
Package hyperref Info: Hyper figures OFF on input line 1816.
Package hyperref Info: Link nesting OFF on input line 1821.
Package hyperref Info: Hyper index ON on input line 1824.
Package hyperref Info: Plain pages OFF on input line 1831.
Package hyperref Info: Backreferencing ON on input line 1834.

Implicit mode ON; LaTeX internals redefined
(/usr/share/texmf/tex/latex/hyperref/backref.sty
Package: backref 2002/06/09 v1.20 Bibliographical back referencing
)
(/usr/share/texmf/tex/latex/misc/url.sty
\Urlmuskip=\muskip10
Package: url 1999/03/28  ver 1.5x  Verb mode for urls, etc.
)
LaTeX Info: Redefining \url on input line 2048.
\Fld@menulength=\count91
\Field@Width=\dimen106
\Fld@charsize=\dimen107
\Choice@toks=\toks15
\Field@toks=\toks16
Package hyperref Info: Hyper figures OFF on input line 2506.
Package hyperref Info: Link nesting OFF on input line 2511.
Package hyperref Info: Hyper index ON on input line 2514.
Package hyperref Info: backreferencing ON on input line 2519.
Package hyperref Info: Link coloring OFF on input line 2526.
\c@Item=\count92
\c@Hfootnote=\count93
)
*hyperref using driver hpdftex*
(/usr/share/texmf/tex/latex/hyperref/hpdftex.def
File: hpdftex.def 2002/08/04 v6.72v Hyperref driver for pdfTeX

(/usr/share/texmf/tex/latex/psnfss/pifont.sty
Package: pifont 2001/06/04 PSNFSS-v8.2 Pi font support (SPQR) 
LaTeX Font Info:    Try loading font information for U+pzd on input line 62.

(/usr/share/texmf/tex/latex/psnfss/upzd.fd
File: upzd.fd 2001/06/04 font definitions for U/pzd.
)
LaTeX Font Info:    Try loading font information for U+psy on input line 63.

(/usr/share/texmf/tex/latex/psnfss/upsy.fd
File: upsy.fd 2001/06/04 font definitions for U/psy.
))
\Fld@listcount=\count94
\@outlinefile=\write3
) (./version.tex) (./usr_manual.aux)
\openout1 = `usr_manual.aux'.

LaTeX Font Info:    Checking defaults for OML/cmm/m/it on input line 39.
LaTeX Font Info:    ... okay on input line 39.
LaTeX Font Info:    Checking defaults for T1/cmr/m/n on input line 39.
LaTeX Font Info:    ... okay on input line 39.
LaTeX Font Info:    Checking defaults for OT1/cmr/m/n on input line 39.
LaTeX Font Info:    ... okay on input line 39.
LaTeX Font Info:    Checking defaults for OMS/cmsy/m/n on input line 39.
LaTeX Font Info:    ... okay on input line 39.
LaTeX Font Info:    Checking defaults for OMX/cmex/m/n on input line 39.
LaTeX Font Info:    ... okay on input line 39.
LaTeX Font Info:    Checking defaults for U/cmr/m/n on input line 39.
LaTeX Font Info:    ... okay on input line 39.
LaTeX Font Info:    Checking defaults for PD1/pdf/m/n on input line 39.
LaTeX Font Info:    ... okay on input line 39.
 (/usr/share/texmf/tex/context/base/supp-pdf.tex
(/usr/share/texmf/tex/context/base/supp-mis.tex
loading : Context Support Macros / Missing
\protectiondepth=\count95
\scratchcounter=\count96
\scratchtoks=\toks17
\scratchdimen=\dimen108
\scratchskip=\skip43
\scratchmuskip=\muskip11
\scratchbox=\box26
\scratchread=\read1
\scratchwrite=\write4
\zeropoint=\dimen109
\nextbox=\box27
\nextdepth=\dimen110
\everyline=\toks18
\!!counta=\count97
\!!countb=\count98
\recursecounter=\count99
)
loading : Context Support Macros / PDF
\nofMPsegments=\count100
\nofMParguments=\count101
\everyMPtoPDFconversion=\toks19
)
Package hyperref Info: Link coloring OFF on input line 39.
 (/usr/share/texmf/tex/latex/hyperref/nameref.sty
Package: nameref 2001/01/27 v2.19 Cross-referencing by name of section
\c@section@level=\count102
)
LaTeX Info: Redefining \ref on input line 39.
LaTeX Info: Redefining \pageref on input line 39.
 (./usr_manual.out)
(./usr_manual.out)
\openout3 = `usr_manual.out'.

 <hypre_wiw.pdf, id=291, 395.83185pt x 139.02039pt>
File: hypre_wiw.pdf Graphic file (type pdf)

<use hypre_wiw.pdf>
Underfull \hbox (badness 10000) in paragraph at lines 56--57

 []

[1


{/usr/share/texmf/dvips/config/pdftex.map} <./hypre_wiw.pdf>]
(./copyright.txt) [2

] (./usr_manual.toc
LaTeX Font Info:    External font `cmex10' loaded for size
(Font)              <10.95> on input line 2.
LaTeX Font Info:    External font `cmex10' loaded for size
(Font)              <8> on input line 2.
LaTeX Font Info:    External font `cmex10' loaded for size
(Font)              <6> on input line 2.
 [1


] [2])
\tf@toc=\write5
\openout5 = `usr_manual.toc'.

 [3] [4

] (./usr_intro.tex
Chapter 1.
LaTeX Font Info:    Try loading font information for OMS+cmr on input line 29.
(/usr/share/texmf/tex/latex/base/omscmr.fd
File: omscmr.fd 1999/05/25 v2.5h Standard LaTeX font definitions
)
LaTeX Font Info:    Font shape `OMS/cmr/m/n' in size <10.95> not available
(Font)              Font shape `OMS/cmsy/m/n' tried instead on input line 29.

! pdfTeX warning (ext4): destination with the same identifier (name{page.1}) ha
s been already used, duplicate ignored
<to be read again> 
                   \penalty 
l.63 
      [1

]
! pdfTeX warning (ext4): destination with the same identifier (name{page.2}) ha
s been already used, duplicate ignored
<to be read again> 
                   \penalty 
l.131 \item {
             \sl hypre-beta-announce} (\kbd{hypre-beta-announce@lists.llnl.g...
[2]
Overfull \hbox (2.88783pt too wide) in paragraph at lines 131--134
[]/cmsl10@10.95pt/hypre-beta-announce /cmr10@10.95pt/([]): The de-vel-op-ment t
eam
 []


Package hyperref Warning: Token not allowed in a PDFDocEncoded string,
(hyperref)                removing `\<def>-command' on input line 144.


Package hyperref Warning: Token not allowed in a PDFDocEncoded string,
(hyperref)                removing `\f@encoding' on input line 144.


Package hyperref Warning: Token not allowed in a PDFDocEncoded string,
(hyperref)                removing `\<let>-command' on input line 144.


Package hyperref Warning: Token not allowed in a PDFDocEncoded string,
(hyperref)                removing `\<def>-command' on input line 144.


Package hyperref Warning: Token not allowed in a PDFDocEncoded string,
(hyperref)                removing `\f@family' on input line 144.


Package hyperref Warning: Token not allowed in a PDFDocEncoded string,
(hyperref)                removing `\<def>-command' on input line 144.


Package hyperref Warning: Token not allowed in a PDFDocEncoded string,
(hyperref)                removing `\f@series' on input line 144.


Package hyperref Warning: Token not allowed in a PDFDocEncoded string,
(hyperref)                removing `\<def>-command' on input line 144.


Package hyperref Warning: Token not allowed in a PDFDocEncoded string,
(hyperref)                removing `\f@shape' on input line 144.


Package hyperref Warning: Token not allowed in a PDFDocEncoded string,
(hyperref)                removing `\<def>-command' on input line 144.


Package hyperref Warning: Token not allowed in a PDFDocEncoded string,
(hyperref)                removing `\font@name' on input line 144.


Package hyperref Warning: Token not allowed in a PDFDocEncoded string,
(hyperref)                removing `\OT1/cmr/m/sl/12' on input line 144.


Package hyperref Warning: Token not allowed in a PDFDocEncoded string,
(hyperref)                removing `\ignorespaces' on input line 144.


Package hyperref Warning: Token not allowed in a PDFDocEncoded string,
(hyperref)                removing `\<def>-command' on input line 144.


Package hyperref Warning: Token not allowed in a PDFDocEncoded string,
(hyperref)                removing `\f@shape' on input line 144.


Package hyperref Warning: Token not allowed in a PDFDocEncoded string,
(hyperref)                removing `\<def>-command' on input line 144.


Package hyperref Warning: Token not allowed in a PDFDocEncoded string,
(hyperref)                removing `\font@name' on input line 144.


Package hyperref Warning: Token not allowed in a PDFDocEncoded string,
(hyperref)                removing `\OT1/cmr/m/sl/12' on input line 144.

[3] <fig_concep_iface.pdf, id=436, 435.6275pt x 240.9pt>
File: fig_concep_iface.pdf Graphic file (type pdf)

<use fig_concep_iface.pdf> [4 <./fig_concep_iface.pdf>] [5]) (./usr_struct.tex
[6]
Chapter 2.
<figStructExample1.pdf, id=474, 391.4625pt x 174.6525pt>
File: figStructExample1.pdf Graphic file (type pdf)

<use figStructExample1.pdf> [7

 <./figStructExample1.pdf>]
<figStructGridBoxes.pdf, id=499, 273.02pt x 163.61125pt>
File: figStructGridBoxes.pdf Graphic file (type pdf)

<use figStructGridBoxes.pdf>
<figStructGrid1.pdf, id=500, 194.7275pt x 194.7275pt>
File: figStructGrid1.pdf Graphic file (type pdf)
 <use figStructGrid1.pdf>
<figStructGrid2.pdf, id=501, 194.7275pt x 194.7275pt>
File: figStructGrid2.pdf Graphic file (type pdf)
 <use figStructGrid2.pdf>
<figStructGrid3.pdf, id=502, 194.7275pt x 194.7275pt>
File: figStructGrid3.pdf Graphic file (type pdf)
 <use figStructGrid3.pdf>
<figStructGrid4.pdf, id=503, 194.7275pt x 195.73125pt>
File: figStructGrid4.pdf Graphic file (type pdf)

<use figStructGrid4.pdf>
Overfull \hbox (10.34552pt too wide) in paragraph at lines 119--119
[]/cmtt10@10.95pt/2:  HYPRE_StructGridSetExtents(grid, ilower[0], iupper[0]);[]
 
 []


Overfull \hbox (10.34552pt too wide) in paragraph at lines 119--119
[]/cmtt10@10.95pt/3:  HYPRE_StructGridSetExtents(grid, ilower[1], iupper[1]);[]
 
 []

<figStructStenc0.pdf, id=504, 147.55125pt x 110.4125pt>
File: figStructStenc0.pdf Graphic file (type pdf)

<use figStructStenc0.pdf>
<figStructStenc7.pdf, id=505, 225.84375pt x 224.84pt>
File: figStructStenc7.pdf Graphic file (type pdf)

<use figStructStenc7.pdf>
Underfull \vbox (badness 1360) has occurred while \output is active []

 [8 <./figStructGridBoxes.pdf>] [9 <./figStructGrid1.pdf> <./figStructGrid2.pdf
> <./figStructGrid3.pdf> <./figStructGrid4.pdf>]
<figStructStenc1.pdf, id=570, 225.84375pt x 224.84pt>
File: figStructStenc1.pdf Graphic file (type pdf)

<use figStructStenc1.pdf>
<figStructStenc2.pdf, id=571, 225.84375pt x 224.84pt>
File: figStructStenc2.pdf Graphic file (type pdf)

<use figStructStenc2.pdf>
<figStructStenc3.pdf, id=572, 225.84375pt x 224.84pt>
File: figStructStenc3.pdf Graphic file (type pdf)

<use figStructStenc3.pdf>
<figStructStenc4.pdf, id=573, 225.84375pt x 224.84pt>
File: figStructStenc4.pdf Graphic file (type pdf)

<use figStructStenc4.pdf>
<figStructStenc5.pdf, id=574, 225.84375pt x 224.84pt>
File: figStructStenc5.pdf Graphic file (type pdf)

<use figStructStenc5.pdf>
<figStructStenc6.pdf, id=575, 225.84375pt x 224.84pt>
File: figStructStenc6.pdf Graphic file (type pdf)

<use figStructStenc6.pdf>
Overfull \hbox (8.86223pt too wide) in paragraph at lines 211--211
[]/cmtt10@10.95pt/2-6:     HYPRE_StructStencilSetElement(stencil, entry, offset
s[entry]);[] 
 []

[10 <./figStructStenc0.pdf> <./figStructStenc7.pdf>] [11 <./figStructStenc1.pdf
> <./figStructStenc2.pdf> <./figStructStenc3.pdf> <./figStructStenc4.pdf> <./fi
gStructStenc5.pdf> <./figStructStenc6.pdf>] [12] [13] [14]) (./usr_sstruct.tex
[15] [16

]
Chapter 3.
<figSStructGridVars.pdf, id=713, 164.615pt x 164.615pt>
File: figSStructGridVars.pdf Graphic file (type pdf)

<use figSStructGridVars.pdf>
Overfull \hbox (1.26537pt too wide) in paragraph at lines 42--48
[] /cmr10@10.95pt/rou-tine. An-other method for re-lat-ing part data is the []
 []

[17] <figSStructExample1a.pdf, id=732, 462.72874pt x 315.1775pt>
File: figSStructExample1a.pdf Graphic file (type pdf)

<use figSStructExample1a.pdf>
<figSStructExample1b.pdf, id=733, 378.41376pt x 161.60374pt>
File: figSStructExample1b.pdf Graphic file (type pdf)

<use figSStructExample1b.pdf>
<figSStructExample1c.pdf, id=734, 369.38pt x 369.38pt>
File: figSStructExample1c.pdf Graphic file (type pdf)

<use figSStructExample1c.pdf>
<figSStructGrid1.pdf, id=735, 291.0875pt x 200.75pt>
File: figSStructGrid1.pdf Graphic file (type pdf)
 <use figSStructGrid1.pdf>
<figSStructGrid2.pdf, id=736, 291.0875pt x 200.75pt>
File: figSStructGrid2.pdf Graphic file (type pdf)
 <use figSStructGrid2.pdf>
<figSStructGrid3.pdf, id=737, 291.0875pt x 200.75pt>
File: figSStructGrid3.pdf Graphic file (type pdf)
 <use figSStructGrid3.pdf>
<figSStructGrid4.pdf, id=738, 291.0875pt x 200.75pt>
File: figSStructGrid4.pdf Graphic file (type pdf)
 <use figSStructGrid4.pdf>
<figSStructGrid5.pdf, id=739, 291.0875pt x 200.75pt>
File: figSStructGrid5.pdf Graphic file (type pdf)
 <use figSStructGrid5.pdf>
<figSStructGrid6.pdf, id=740, 291.0875pt x 200.75pt>
File: figSStructGrid6.pdf Graphic file (type pdf)
 <use figSStructGrid6.pdf>
Overfull \hbox (8.37497pt too wide) in paragraph at lines 175--175
[]    /cmtt10@10.95pt/int nb2_exts[][2]   = {{1,0}, {4,0}}, nb4_exts[][2]   = {
{0,1}, {0,4}};[] 
 []


Overfull \hbox (8.37497pt too wide) in paragraph at lines 175--175
[]    /cmtt10@10.95pt/int nb2_n_exts[][2] = {{1,1}, {1,4}}, nb4_n_exts[][2] = {
{4,1}, {4,4}};[] 
 []


Overfull \hbox (14.12366pt too wide) in paragraph at lines 175--175
[]    /cmtt10@10.95pt//* Set spatial relationship between parts 3 and 2, then p
arts 3 and 4 */[] 
 []


Overfull \hbox (2.62628pt too wide) in paragraph at lines 175--175
[]/cmtt10@10.95pt/4:  HYPRE_SStructGridSetNeighborPart(grid, part, nb2_exts[0],
 nb2_exts[1],[] 
 []


Overfull \hbox (2.62628pt too wide) in paragraph at lines 175--175
[]/cmtt10@10.95pt/5:  HYPRE_SStructGridSetNeighborPart(grid, part, nb4_exts[0],
 nb4_exts[1],[] 
 []


LaTeX Warning: Float too large for page by 47.81047pt on input line 180.

[18 <./figSStructGridVars.pdf>] [19 <./figSStructExample1a.pdf> <./figSStructEx
ample1b.pdf> <./figSStructExample1c.pdf>] [20 <./figSStructGrid1.pdf> <./figSSt
ructGrid2.pdf> <./figSStructGrid3.pdf> <./figSStructGrid4.pdf> <./figSStructGri
d5.pdf> <./figSStructGrid6.pdf>]
<figSStructStenc0.pdf, id=851, 142.5325pt x 176.66pt>
File: figSStructStenc0.pdf Graphic file (type pdf)

<use figSStructStenc0.pdf>
<figSStructStenc1.pdf, id=852, 158.5925pt x 229.85875pt>
File: figSStructStenc1.pdf Graphic file (type pdf)

<use figSStructStenc1.pdf>
<figSStructGraph1.pdf, id=853, 340.27126pt x 195.73125pt>
File: figSStructGraph1.pdf Graphic file (type pdf)

<use figSStructGraph1.pdf>
<figSStructGraph2.pdf, id=854, 340.27126pt x 195.73125pt>
File: figSStructGraph2.pdf Graphic file (type pdf)

<use figSStructGraph2.pdf>
<figSStructGraph3.pdf, id=855, 340.27126pt x 195.73125pt>
File: figSStructGraph3.pdf Graphic file (type pdf)

<use figSStructGraph3.pdf>
<figSStructGraph4.pdf, id=856, 340.27126pt x 195.73125pt>
File: figSStructGraph4.pdf Graphic file (type pdf)

<use figSStructGraph4.pdf>
<figSStructGraph5.pdf, id=857, 340.27126pt x 195.73125pt>
File: figSStructGraph5.pdf Graphic file (type pdf)

<use figSStructGraph5.pdf>
Overfull \hbox (2.62628pt too wide) in paragraph at lines 304--304
[]    /cmtt10@10.95pt//* Set the cell-centered, x-face, and y-face stencils for
 each part */[] 
 []

[21] <figSStructExample2a.pdf, id=871, 406.51875pt x 252.945pt>
File: figSStructExample2a.pdf Graphic file (type pdf)

<use figSStructExample2a.pdf> [22 <./figSStructStenc0.pdf> <./figSStructStenc1.
pdf>] [23 <./figSStructGraph1.pdf> <./figSStructGraph2.pdf> <./figSStructGraph3
.pdf> <./figSStructGraph4.pdf> <./figSStructGraph5.pdf>] [24 <./figSStructExamp
le2a.pdf>] <figSStructExample2b.pdf, id=953, 188.705pt x 188.705pt>
File: figSStructExample2b.pdf Graphic file (type pdf)

<use figSStructExample2b.pdf>) (./usr_fei.tex [25 <./figSStructExample2b.pdf>]
[26

]
Chapter 4.
<square-hole.pdf, id=970, 329.42984pt x 328.8271pt>
File: square-hole.pdf Graphic file (type pdf)
 <use square-hole.pdf>
Underfull \vbox (badness 10000) has occurred while \output is active []

 [27 <./square-hole.pdf>] [28] [29]) (./usr_ij.tex [30]
Chapter 5.
[31

] [32] [33]) (./usr_solvers.tex [34]
Chapter 6.

LaTeX Warning: `h' float specifier changed to `ht'.

[35

] [36] [37] [38] [39]
Overfull \hbox (4.30763pt too wide) in paragraph at lines 306--314
/cmr10@10.95pt/ter these pre-lim-i-nary calls, the Maxwell solver can be setup 
by call-ing HYPRE$[]$SStructMaxwellSetup. 
 []

[40] [41] [42] [43] [44] [45] [46]
Overfull \hbox (39.29503pt too wide) in paragraph at lines 714--719
/cmr10@10.95pt/be-fore call-ing [] and one of the func-tions []
 []

[47] [48] [49] [50]
Overfull \hbox (6.01772pt too wide) in paragraph at lines 1006--1006
 []/cmtt10@10.95pt/HYPRE_PCGSetup(pcg_solver, (HYPRE_Matrix)A, (HYPRE_Vector)b,
 (HYPRE_Vector)x);[] 
 []


Overfull \hbox (46.25853pt too wide) in paragraph at lines 1006--1006
 []/cmtt10@10.95pt/HYPRE_PCGSolve(pcg_solver, (HYPRE_Matrix)parcsr_A, (HYPRE_Ve
ctor)b, (HYPRE_Vector)x);[] 
 []

[51] [52]
Overfull \hbox (6.76938pt too wide) in paragraph at lines 1131--1136
/cmr10@10.95pt/out. De-fault: 0 (false). The statis-tics are for the pro-ces-so
r whose rank in MPI[]COMM[]WORLD
 []


Package hyperref Warning: Token not allowed in a PDFDocEncoded string,
(hyperref)                removing `\<def>-command' on input line 1170.


Package hyperref Warning: Token not allowed in a PDFDocEncoded string,
(hyperref)                removing `\f@encoding' on input line 1170.


Package hyperref Warning: Token not allowed in a PDFDocEncoded string,
(hyperref)                removing `\<let>-command' on input line 1170.


Package hyperref Warning: Token not allowed in a PDFDocEncoded string,
(hyperref)                removing `\<def>-command' on input line 1170.


Package hyperref Warning: Token not allowed in a PDFDocEncoded string,
(hyperref)                removing `\f@family' on input line 1170.


Package hyperref Warning: Token not allowed in a PDFDocEncoded string,
(hyperref)                removing `\<def>-command' on input line 1170.


Package hyperref Warning: Token not allowed in a PDFDocEncoded string,
(hyperref)                removing `\f@series' on input line 1170.


Package hyperref Warning: Token not allowed in a PDFDocEncoded string,
(hyperref)                removing `\<def>-command' on input line 1170.


Package hyperref Warning: Token not allowed in a PDFDocEncoded string,
(hyperref)                removing `\f@shape' on input line 1170.


Package hyperref Warning: Token not allowed in a PDFDocEncoded string,
(hyperref)                removing `\<def>-command' on input line 1170.


Package hyperref Warning: Token not allowed in a PDFDocEncoded string,
(hyperref)                removing `\font@name' on input line 1170.


Package hyperref Warning: Token not allowed in a PDFDocEncoded string,
(hyperref)                removing `\OT1/cmr/m/sl/14.4' on input line 1170.


Package hyperref Warning: Token not allowed in a PDFDocEncoded string,
(hyperref)                removing `\ignorespaces' on input line 1170.


Package hyperref Warning: Token not allowed in a PDFDocEncoded string,
(hyperref)                removing `\<def>-command' on input line 1170.


Package hyperref Warning: Token not allowed in a PDFDocEncoded string,
(hyperref)                removing `\f@shape' on input line 1170.


Package hyperref Warning: Token not allowed in a PDFDocEncoded string,
(hyperref)                removing `\<def>-command' on input line 1170.


Package hyperref Warning: Token not allowed in a PDFDocEncoded string,
(hyperref)                removing `\font@name' on input line 1170.


Package hyperref Warning: Token not allowed in a PDFDocEncoded string,
(hyperref)                removing `\OT1/cmr/m/sl/14.4' on input line 1170.

[53]
Overfull \hbox (2.09602pt too wide) in paragraph at lines 1199--1207
[][] /cmr10@10.95pt/Set the max-i-mum num-ber of nonze-
 []

) (./usr_fei_solvers.tex [54] [55] [56]) (./usr_misc.tex [57] [58

]
Chapter 7.
[59]
Overfull \hbox (59.12428pt too wide) in paragraph at lines 107--107
[]      /cmtt10@10.95pt/./configure  --with-blas-lib="blas-lib-name" --with-bla
s-lib-dirs="path-to-blas-lib" \[] 
 []


Overfull \hbox (93.61641pt too wide) in paragraph at lines 107--107
[]                   /cmtt10@10.95pt/--with-lapack-lib="lapack-lib-name" --with
-lapack-lib-dirs="path-to-lapack-lib"[] 
 []

[60] [61] [62] [63] [64]) (./usr_babel.tex [65] [66

]
Chapter 8.
[67] [68] [69] [70] [71] [72] [73]
<figObjectModel.pdf, id=1332, 806.01125pt x 495.8525pt>
File: figObjectModel.pdf Graphic file (type pdf)

<use figObjectModel.pdf> [74 <./figObjectModel.pdf>] [75]) (./usr_manual.bbl
(./usr_manual.brf)
\tf@brf=\write6
\openout6 = `usr_manual.brf'.

 [76] [77

] [78]) [79] (./usr_manual.aux) ) 
Here is how much of TeX's memory you used:
 3258 strings out of 50453
 44689 string characters out of 690528
 94411 words of memory out of 1500001
 5879 multiletter control sequences out of 10000+25000
 13939 words of font info for 48 fonts, out of 400000 for 1000
 14 hyphenation exceptions out of 10000
 27i,12n,41p,438b,428s stack positions out of 3000i,500n,3000p,50000b,5000s
</usr/share/texmf/fonts/type1/bluesky/cm/cmss1
0.pfb></usr/share/texmf/fonts/type1/bluesky/cm/cmbx8.pfb></usr/share/texmf/font
s/type1/bluesky/cm/cmr6.pfb></usr/share/texmf/fonts/type1/bluesky/cm/cmmi6.pfb>
</usr/share/texmf/fonts/type1/bluesky/cm/cmsy8.pfb></usr/share/texmf/fonts/type
1/bluesky/cm/cmmi8.pfb></usr/share/texmf/fonts/type1/bluesky/cm/cmmi10.pfb></us
r/share/texmf/fonts/type1/bluesky/cm/cmr8.pfb></usr/share/texmf/fonts/type1/blu
esky/cm/cmex10.pfb></usr/share/texmf/fonts/type1/bluesky/cm/cmsl12.pfb></usr/sh
are/texmf/fonts/type1/bluesky/cm/cmtt10.pfb></usr/share/texmf/fonts/type1/blues
ky/cm/cmsy10.pfb></usr/share/texmf/fonts/type1/bluesky/cm/cmti10.pfb></usr/shar
e/texmf/fonts/type1/bluesky/cm/cmsl10.pfb></usr/share/texmf/fonts/type1/bluesky
/cm/cmbx10.pfb></usr/share/texmf/fonts/type1/bluesky/cm/cmr10.pfb></usr/share/t
exmf/fonts/type1/bluesky/cm/cmbx12.pfb>
Output written on usr_manual.pdf (85 pages, 702116 bytes).
