This is pdfTeX, Version 3.14159-14h-released-20010417 (Web2C 7.3.3.1) (format=pdflatex 2007.11.8)  8 AUG 2008 09:31
**vref_manual
(./vref_manual.tex{/usr/share/texmf/pdftex/config/pdftex.cfg}
LaTeX2e <2001/06/01>
Babel <v3.7h> and hyphenation patterns for american, french, german, ngerman, i
talian, nohyphenation, loaded.
(/usr/share/texmf/tex/latex/base/article.cls
Document Class: article 2001/04/21 v1.4e Standard LaTeX document class
(/usr/share/texmf/tex/latex/base/size10.clo
File: size10.clo 2001/04/21 v1.4e Standard LaTeX file (size option)
)
\c@part=\count79
\c@section=\count80
\c@subsection=\count81
\c@subsubsection=\count82
\c@paragraph=\count83
\c@subparagraph=\count84
\c@figure=\count85
\c@table=\count86
\abovecaptionskip=\skip41
\belowcaptionskip=\skip42
\bibindent=\dimen102
) (./docxx.sty
(/usr/share/texmf/tex/latex/hyperref/hyperref.sty
Package: hyperref 2002/08/04 v6.72v Hypertext links for LaTeX

(/usr/share/texmf/tex/latex/graphics/keyval.sty
Package: keyval 1999/03/16 v1.13 key=value parser (DPC)
\KV@toks@=\toks14
)
\@linkdim=\dimen103
\Hy@linkcounter=\count87
\Hy@pagecounter=\count88

(/usr/share/texmf/tex/latex/hyperref/pd1enc.def
File: pd1enc.def 2002/08/04 v6.72v Hyperref: PDFDocEncoding definition (HO)
)
Package hyperref Info: Option `linktocpage' set `true' on input line 1739.
Package hyperref Info: Option `plainpages' set `false' on input line 1739.
Package hyperref Info: Option `bookmarksopen' set `true' on input line 1739.
Package hyperref Info: Option `bookmarksnumbered' set `true' on input line 1739
.
Package hyperref Info: Bookmarks ON on input line 1797.
Package hyperref Info: Hyper figures OFF on input line 1816.
Package hyperref Info: Link nesting OFF on input line 1821.
Package hyperref Info: Hyper index ON on input line 1824.
Package hyperref Info: Plain pages OFF on input line 1831.
Package hyperref Info: Backreferencing ON on input line 1834.

Implicit mode ON; LaTeX internals redefined
(/usr/share/texmf/tex/latex/hyperref/backref.sty
Package: backref 2002/06/09 v1.20 Bibliographical back referencing
)
(/usr/share/texmf/tex/latex/misc/url.sty
\Urlmuskip=\muskip10
Package: url 1999/03/28  ver 1.5x  Verb mode for urls, etc.
)
LaTeX Info: Redefining \url on input line 2048.
\Fld@menulength=\count89
\Field@Width=\dimen104
\Fld@charsize=\dimen105
\Choice@toks=\toks15
\Field@toks=\toks16
Package hyperref Info: Hyper figures OFF on input line 2506.
Package hyperref Info: Link nesting OFF on input line 2511.
Package hyperref Info: Hyper index ON on input line 2514.
Package hyperref Info: backreferencing ON on input line 2519.
Package hyperref Info: Link coloring OFF on input line 2526.
\c@Item=\count90
\c@Hfootnote=\count91
)
*hyperref using driver hpdftex*
(/usr/share/texmf/tex/latex/hyperref/hpdftex.def
File: hpdftex.def 2002/08/04 v6.72v Hyperref driver for pdfTeX

(/usr/share/texmf/tex/latex/psnfss/pifont.sty
Package: pifont 2001/06/04 PSNFSS-v8.2 Pi font support (SPQR) 
LaTeX Font Info:    Try loading font information for U+pzd on input line 62.

(/usr/share/texmf/tex/latex/psnfss/upzd.fd
File: upzd.fd 2001/06/04 font definitions for U/pzd.
)
LaTeX Font Info:    Try loading font information for U+psy on input line 63.

(/usr/share/texmf/tex/latex/psnfss/upsy.fd
File: upsy.fd 2001/06/04 font definitions for U/psy.
))
\Fld@listcount=\count92
\@outlinefile=\write3
)
\cxxcodewidth=\dimen106
\cxxIdWidth=\dimen107
\cxxTypeWidth=\dimen108
\cxxProtoWidth=\dimen109
\cxxMemoWidth=\dimen110
\cxxPageWidth=\dimen111
\cxxProtoMemoWidth=\dimen112
\cxxtypestart=\dimen113
\cxxnamestart=\dimen114
\cxxargsstart=\dimen115
\cxxargswidth=\dimen116
\cxxmemostart=\dimen117
\cxxBoxLen=\skip43
\cxxBoxHt=\skip44
\cxxBoxDp=\skip45
\cxxSideHt=\skip46
\cxxSideLen=\skip47
\cxxTitleLen=\skip48
\cxxHeadName=\box26
\c@cxxContentsDepth=\count93
\cxxContentsLengthIncr=\dimen118
\cxxContentsLength=\dimen119
\cxxClassGraphShift=\dimen120
\cxxClassGraphLength=\dimen121
\cxxClassGraphHeight=\dimen122
\cxxClassGraphDepth=\dimen123
\cxxClassGraphTotV=\dimen124
\cxxgenericstart=\dimen125
\cxxgenericwidth=\dimen126
\c@cxxDepth=\count94
\cxxSize=\skip49
) (./vref_manual.aux)
\openout1 = `vref_manual.aux'.

LaTeX Font Info:    Checking defaults for OML/cmm/m/it on input line 3.
LaTeX Font Info:    ... okay on input line 3.
LaTeX Font Info:    Checking defaults for T1/cmr/m/n on input line 3.
LaTeX Font Info:    ... okay on input line 3.
LaTeX Font Info:    Checking defaults for OT1/cmr/m/n on input line 3.
LaTeX Font Info:    ... okay on input line 3.
LaTeX Font Info:    Checking defaults for OMS/cmsy/m/n on input line 3.
LaTeX Font Info:    ... okay on input line 3.
LaTeX Font Info:    Checking defaults for OMX/cmex/m/n on input line 3.
LaTeX Font Info:    ... okay on input line 3.
LaTeX Font Info:    Checking defaults for U/cmr/m/n on input line 3.
LaTeX Font Info:    ... okay on input line 3.
LaTeX Font Info:    Checking defaults for PD1/pdf/m/n on input line 3.
LaTeX Font Info:    ... okay on input line 3.
Package hyperref Info: Link coloring OFF on input line 3.

(/usr/share/texmf/tex/latex/hyperref/nameref.sty
Package: nameref 2001/01/27 v2.19 Cross-referencing by name of section
\c@section@level=\count95
)
LaTeX Info: Redefining \ref on input line 3.
LaTeX Info: Redefining \pageref on input line 3.
 (./vref_manual.out)
(./vref_manual.out)
\openout3 = `vref_manual.out'.

 [1

{/usr/share/texmf/dvips/config/pdftex.map}]
LaTeX Font Info:    Try loading font information for OMS+cmss on input line 161
.
LaTeX Font Info:    No file OMScmss.fd. on input line 161.


LaTeX Font Warning: Font shape `OMS/cmss/m/n' undefined
(Font)              using `OMS/cmsy/m/n' instead on input line 161.

[2] [3]
Underfull \hbox (badness 10000) in paragraph at lines 249--250

 []

[4

]
Underfull \hbox (badness 10000) in paragraph at lines 269--296

 []

[5

]
Underfull \hbox (badness 10000) in paragraph at lines 367--368

 []


Underfull \hbox (badness 10000) in paragraph at lines 384--385

 []

[6]
Underfull \hbox (badness 10000) in paragraph at lines 443--444

 []

[7] [8]
Underfull \hbox (badness 10000) in paragraph at lines 582--583

 []

LaTeX Font Info:    External font `cmex10' loaded for size
(Font)              <7> on input line 587.
LaTeX Font Info:    External font `cmex10' loaded for size
(Font)              <5> on input line 587.

Underfull \hbox (badness 10000) in paragraph at lines 598--599

 []


Underfull \hbox (badness 10000) in paragraph at lines 614--615

 []

[9]
Underfull \hbox (badness 10000) in paragraph at lines 627--628

 []


Underfull \hbox (badness 10000) in paragraph at lines 640--641

 []


Underfull \hbox (badness 10000) in paragraph at lines 665--666

 []

[10]
Underfull \hbox (badness 6559) in paragraph at lines 667--677
[]/cmr10/Add to ma-trix co-ef-fi-cients a box at a time. The data in /cmtt10/va
lues /cmr10/is or-dered as in
 []


Underfull \hbox (badness 10000) in paragraph at lines 678--679

 []


Underfull \hbox (badness 10000) in paragraph at lines 694--695

 []


Underfull \hbox (badness 10000) in paragraph at lines 696--706
[]/cmr10/Get ma-trix co-ef-fi-cients a box at a time. The data in /cmtt10/value
s /cmr10/is or-dered as in
 []


Underfull \hbox (badness 10000) in paragraph at lines 707--708

 []

[11]
Underfull \hbox (badness 10000) in paragraph at lines 721--722

 []

LaTeX Font Info:    Try loading font information for OMS+cmr on input line 730.

(/usr/share/texmf/tex/latex/base/omscmr.fd
File: omscmr.fd 1999/05/25 v2.5h Standard LaTeX font definitions
)
LaTeX Font Info:    Font shape `OMS/cmr/m/n' in size <10> not available
(Font)              Font shape `OMS/cmsy/m/n' tried instead on input line 730.

Underfull \hbox (badness 10000) in paragraph at lines 743--744

 []


Underfull \hbox (badness 10000) in paragraph at lines 755--756

 []

[12] [13]
Underfull \hbox (badness 10000) in paragraph at lines 856--857

 []


Underfull \hbox (badness 10000) in paragraph at lines 871--872

 []


Underfull \hbox (badness 10000) in paragraph at lines 886--887

 []

[14]
Underfull \hbox (badness 10000) in paragraph at lines 910--911

 []


Underfull \hbox (badness 6978) in paragraph at lines 912--922
[]/cmr10/Add to vec-tor co-ef-fi-cients a box at a time. The data in /cmtt10/va
lues /cmr10/is or-dered as in
 []


Underfull \hbox (badness 10000) in paragraph at lines 923--924

 []


Underfull \hbox (badness 10000) in paragraph at lines 938--939

 []


Underfull \hbox (badness 10000) in paragraph at lines 940--950
[]/cmr10/Get vec-tor co-ef-fi-cients a box at a time. The data in /cmtt10/value
s /cmr10/is or-dered as in
 []

[15]
Underfull \hbox (badness 10000) in paragraph at lines 951--952

 []

[16]
Underfull \hbox (badness 10000) in paragraph at lines 964--997

 []

[17

]
Underfull \hbox (badness 10000) in paragraph at lines 1107--1108

 []

[18]
Underfull \hbox (badness 10000) in paragraph at lines 1122--1123

 []


Underfull \hbox (badness 10000) in paragraph at lines 1172--1173

 []

[19]
Underfull \hbox (badness 10000) in paragraph at lines 1189--1190

 []


Underfull \hbox (badness 10000) in paragraph at lines 1203--1204

 []

[20]
Underfull \hbox (badness 10000) in paragraph at lines 1247--1248

 []


Underfull \hbox (badness 10000) in paragraph at lines 1279--1280

 []

[21]
Underfull \hbox (badness 10000) in paragraph at lines 1296--1297

 []

[22]
Underfull \hbox (badness 10000) in paragraph at lines 1413--1414

 []

[23]
Underfull \hbox (badness 10000) in paragraph at lines 1431--1432

 []

[24] [25]
Underfull \hbox (badness 10000) in paragraph at lines 1570--1571

 []


Underfull \hbox (badness 10000) in paragraph at lines 1601--1602

 []

[26]
Underfull \hbox (badness 10000) in paragraph at lines 1631--1632

 []


Underfull \hbox (badness 10000) in paragraph at lines 1671--1672

 []


Underfull \hbox (badness 6559) in paragraph at lines 1673--1675
[]/cmr10/Add to ma-trix co-ef-fi-cients a box at a time. The data in /cmtt10/va
lues /cmr10/is or-dered as in
 []

[27]
Underfull \hbox (badness 10000) in paragraph at lines 1697--1698

 []


Underfull \hbox (badness 10000) in paragraph at lines 1727--1728

 []


Underfull \hbox (badness 10000) in paragraph at lines 1729--1731
[]/cmr10/Get ma-trix co-ef-fi-cients a box at a time. The data in /cmtt10/value
s /cmr10/is or-dered as in
 []

[28]
Underfull \hbox (badness 10000) in paragraph at lines 1750--1751

 []


Underfull \hbox (badness 10000) in paragraph at lines 1773--1774

 []


Underfull \hbox (badness 10000) in paragraph at lines 1791--1792

 []

[29]
Underfull \hbox (badness 10000) in paragraph at lines 1805--1806

 []

[30] [31]
Underfull \hbox (badness 10000) in paragraph at lines 1931--1932

 []


Underfull \hbox (badness 10000) in paragraph at lines 1956--1957

 []


Underfull \hbox (badness 10000) in paragraph at lines 1981--1982

 []

[32]
Underfull \hbox (badness 10000) in paragraph at lines 2015--2016

 []


Underfull \hbox (badness 6978) in paragraph at lines 2017--2019
[]/cmr10/Add to vec-tor co-ef-fi-cients a box at a time. The data in /cmtt10/va
lues /cmr10/is or-dered as in
 []

[33]
Underfull \hbox (badness 10000) in paragraph at lines 2036--2037

 []


Underfull \hbox (badness 10000) in paragraph at lines 2053--2054

 []


Underfull \hbox (badness 10000) in paragraph at lines 2078--2079

 []


Underfull \hbox (badness 10000) in paragraph at lines 2080--2082
[]/cmr10/Get vec-tor co-ef-fi-cients a box at a time. The data in /cmtt10/value
s /cmr10/is or-dered as in
 []

[34]
Underfull \hbox (badness 10000) in paragraph at lines 2101--2102

 []


Underfull \hbox (badness 10000) in paragraph at lines 2119--2120

 []


Underfull \hbox (badness 10000) in paragraph at lines 2133--2134

 []

[35]
Underfull \hbox (badness 10000) in paragraph at lines 2146--2161

 []

[36

] [37]
Underfull \hbox (badness 10000) in paragraph at lines 2305--2306

 []


Underfull \hbox (badness 10000) in paragraph at lines 2334--2335

 []


Underfull \hbox (badness 10000) in paragraph at lines 2352--2353

 []


Underfull \hbox (badness 10000) in paragraph at lines 2366--2367

 []

[38]
Underfull \hbox (badness 10000) in paragraph at lines 2389--2390

 []


Underfull \hbox (badness 1184) in paragraph at lines 2391--2396
[]/cmr10/Adds to val-ues for /cmtt10/nrows /cmr10/rows or par-tial rows of the 
ma-trix. Us-age de-tails are anal-o-gous to
 []


Underfull \hbox (badness 10000) in paragraph at lines 2407--2408

 []


Underfull \hbox (badness 2521) in paragraph at lines 2409--2420
[]/cmr10/Gets val-ues for /cmtt10/nrows /cmr10/rows or par-tial rows of the ma-
trix. Us-age de-tails are anal-o-gous to
 []


Underfull \hbox (badness 10000) in paragraph at lines 2423--2424

 []

[39]
Underfull \hbox (badness 10000) in paragraph at lines 2442--2443

 []


Underfull \hbox (badness 10000) in paragraph at lines 2456--2457

 []


Underfull \hbox (badness 10000) in paragraph at lines 2474--2475

 []

[40]
Underfull \hbox (badness 10000) in paragraph at lines 2498--2499

 []


Underfull \hbox (badness 10000) in paragraph at lines 2515--2516

 []


Underfull \hbox (badness 10000) in paragraph at lines 2527--2528

 []

[41] [42]
Underfull \hbox (badness 10000) in paragraph at lines 2646--2647

 []


Underfull \hbox (badness 10000) in paragraph at lines 2666--2667

 []


Underfull \hbox (badness 10000) in paragraph at lines 2684--2685

 []

[43]
Underfull \hbox (badness 10000) in paragraph at lines 2701--2702

 []


Underfull \hbox (badness 10000) in paragraph at lines 2718--2719

 []


Underfull \hbox (badness 10000) in paragraph at lines 2736--2737

 []

[44]
Underfull \hbox (badness 10000) in paragraph at lines 2751--2752

 []


Underfull \hbox (badness 10000) in paragraph at lines 2768--2769

 []


Underfull \hbox (badness 10000) in paragraph at lines 2787--2788

 []


Underfull \hbox (badness 10000) in paragraph at lines 2801--2802

 []

[45]
Underfull \hbox (badness 10000) in paragraph at lines 2813--2814

 []

[46]
Underfull \hbox (badness 10000) in paragraph at lines 2826--2889

 []


Overfull \hbox (10.35316pt too wide) in paragraph at lines 2985--2985
/cmr10/(HYPRE[]StructSolver 
 []

[47

] [48]
Underfull \hbox (badness 10000) in paragraph at lines 2995--2996

 []


Underfull \hbox (badness 10000) in paragraph at lines 3013--3014

 []


Underfull \hbox (badness 10000) in paragraph at lines 3026--3027

 []


Underfull \hbox (badness 10000) in paragraph at lines 3040--3041

 []


Overfull \hbox (13.42955pt too wide) in paragraph at lines 3181--3181
/cmr10/(HYPRE[]StructSolver 
 []

[49] [50]
Underfull \hbox (badness 10000) in paragraph at lines 3191--3192

 []

[51]
Underfull \hbox (badness 10000) in paragraph at lines 3204--3205

 []


Underfull \hbox (badness 10000) in paragraph at lines 3218--3219

 []


Underfull \hbox (badness 10000) in paragraph at lines 3231--3232

 []


Underfull \hbox (badness 10000) in paragraph at lines 3252--3253

 []

[52]
Underfull \hbox (badness 10000) in paragraph at lines 3275--3276

 []

[53]
Underfull \hbox (badness 10000) in paragraph at lines 3402--3403

 []

[54]
Underfull \hbox (badness 10000) in paragraph at lines 3415--3416

 []


Underfull \hbox (badness 10000) in paragraph at lines 3429--3430

 []

[55] [56]
Underfull \hbox (badness 10000) in paragraph at lines 3571--3572

 []


Underfull \hbox (badness 10000) in paragraph at lines 3585--3586

 []


Overfull \hbox (17.01283pt too wide) in paragraph at lines 3690--3690
/cmr10/HYPRE[]StructSolver 
 []

[57] [58]
Underfull \hbox (badness 10000) in paragraph at lines 3707--3708

 []


Underfull \hbox (badness 10000) in paragraph at lines 3720--3721

 []


Overfull \hbox (38.78355pt too wide) in paragraph at lines 3825--3825
/cmr10/HYPRE[]StructSolver 
 []

[59] [60]
Underfull \hbox (badness 10000) in paragraph at lines 3849--3850

 []


Underfull \hbox (badness 10000) in paragraph at lines 3862--3863

 []

[61]
Overfull \hbox (23.92946pt too wide) in paragraph at lines 3973--3973
/cmr10/HYPRE[]StructSolver 
 []

[62]
Underfull \hbox (badness 10000) in paragraph at lines 3990--3991

 []


Underfull \hbox (badness 10000) in paragraph at lines 4003--4004

 []

[63]
Underfull \hbox (badness 10000) in paragraph at lines 4019--4020

 []


Overfull \hbox (33.51274pt too wide) in paragraph at lines 4117--4117
/cmr10/HYPRE[]StructSolver 
 []

[64] [65]
Underfull \hbox (badness 10000) in paragraph at lines 4134--4135

 []


Underfull \hbox (badness 10000) in paragraph at lines 4147--4148

 []


Overfull \hbox (14.1518pt too wide) in paragraph at lines 4293--4293
/cmr10/(HYPRE[]StructSolver 
 []

[66] [67]
Underfull \hbox (badness 10000) in paragraph at lines 4303--4304

 []


Underfull \hbox (badness 10000) in paragraph at lines 4316--4317

 []


Underfull \hbox (badness 10000) in paragraph at lines 4330--4331

 []

[68]
Underfull \hbox (badness 10000) in paragraph at lines 4343--4344

 []


Underfull \hbox (badness 10000) in paragraph at lines 4356--4357

 []

[69]
Underfull \hbox (badness 10000) in paragraph at lines 4377--4440

 []


Overfull \hbox (15.52681pt too wide) in paragraph at lines 4567--4567
/cmr10/(HYPRE[]SStructSolver 
 []

[70

] [71]
Underfull \hbox (badness 10000) in paragraph at lines 4598--4599

 []

[72]
Underfull \hbox (badness 10000) in paragraph at lines 4616--4617

 []


Underfull \hbox (badness 10000) in paragraph at lines 4630--4631

 []


Overfull \hbox (32.84616pt too wide) in paragraph at lines 4734--4734
/cmr10/(HYPRE[]SStructSolver 
 []

[73] [74]
Underfull \hbox (badness 10000) in paragraph at lines 4751--4752

 []


Underfull \hbox (badness 10000) in paragraph at lines 4769--4770

 []


Underfull \hbox (badness 10000) in paragraph at lines 4782--4783

 []

[75]
Overfull \hbox (54.61688pt too wide) in paragraph at lines 4886--4886
/cmr10/(HYPRE[]SStructSolver 
 []

[76]
Underfull \hbox (badness 10000) in paragraph at lines 4910--4911

 []

[77]
Underfull \hbox (badness 10000) in paragraph at lines 4928--4929

 []


Underfull \hbox (badness 10000) in paragraph at lines 4941--4942

 []


Overfull \hbox (39.76279pt too wide) in paragraph at lines 5051--5051
/cmr10/(HYPRE[]SStructSolver 
 []

[78] [79]
Underfull \hbox (badness 10000) in paragraph at lines 5068--5069

 []


Underfull \hbox (badness 10000) in paragraph at lines 5086--5087

 []


Underfull \hbox (badness 10000) in paragraph at lines 5099--5100

 []

[80]
Underfull \hbox (badness 10000) in paragraph at lines 5115--5116

 []


Overfull \hbox (49.34607pt too wide) in paragraph at lines 5212--5212
/cmr10/(HYPRE[]SStructSolver 
 []

[81]
Underfull \hbox (badness 10000) in paragraph at lines 5229--5230

 []

[82]
Underfull \hbox (badness 10000) in paragraph at lines 5247--5248

 []


Underfull \hbox (badness 10000) in paragraph at lines 5260--5261

 []


Overfull \hbox (38.47942pt too wide) in paragraph at lines 5398--5398
/cmr10/HYPRE[]SStructSolver 
 []

[83] [84]
Underfull \hbox (badness 10000) in paragraph at lines 5408--5409

 []


Underfull \hbox (badness 10000) in paragraph at lines 5426--5427

 []


Underfull \hbox (badness 10000) in paragraph at lines 5439--5440

 []

[85]
Underfull \hbox (badness 10000) in paragraph at lines 5453--5454

 []


Underfull \hbox (badness 10000) in paragraph at lines 5466--5467

 []


Underfull \hbox (badness 10000) in paragraph at lines 5486--5487

 []


Overfull \hbox (13.95738pt too wide) in paragraph at lines 5572--5572
/cmr10/(HYPRE[]SStructSolver 
 []

[86] [87]
Underfull \hbox (badness 10000) in paragraph at lines 5582--5583

 []


Underfull \hbox (badness 10000) in paragraph at lines 5600--5601

 []


Underfull \hbox (badness 10000) in paragraph at lines 5613--5614

 []


Underfull \hbox (badness 10000) in paragraph at lines 5627--5628

 []

[88]
Underfull \hbox (badness 10000) in paragraph at lines 5640--5641

 []


Overfull \hbox (12.95738pt too wide) in paragraph at lines 5820--5820
/cmr10/(HYPRE[]SStructSolver 
 []

[89] [90]
Underfull \hbox (badness 10000) in paragraph at lines 5830--5831

 []

[91]
Underfull \hbox (badness 10000) in paragraph at lines 5849--5850

 []


Underfull \hbox (badness 10000) in paragraph at lines 5862--5863

 []


Underfull \hbox (badness 10000) in paragraph at lines 5875--5876

 []


Underfull \hbox (badness 10000) in paragraph at lines 5888--5889

 []

[92]
Underfull \hbox (badness 10000) in paragraph at lines 5902--5903

 []


Underfull \hbox (badness 10000) in paragraph at lines 5916--5917

 []


Underfull \hbox (badness 10000) in paragraph at lines 5930--5931

 []


Underfull \hbox (badness 10000) in paragraph at lines 5943--5944

 []

[93]
Underfull \hbox (badness 10000) in paragraph at lines 5956--5957

 []


Overfull \hbox (32.5406pt too wide) in paragraph at lines 6114--6114
/cmr10/(HYPRE[]SStructSolver 
 []

[94] [95]
Underfull \hbox (badness 10000) in paragraph at lines 6124--6125

 []


Underfull \hbox (badness 10000) in paragraph at lines 6142--6143

 []

[96]
Underfull \hbox (badness 10000) in paragraph at lines 6155--6156

 []


Underfull \hbox (badness 10000) in paragraph at lines 6168--6169

 []


Underfull \hbox (badness 10000) in paragraph at lines 6182--6183

 []

[97]
Underfull \hbox (badness 10000) in paragraph at lines 6196--6271

 []

[98

]
Underfull \hbox (badness 10000) in paragraph at lines 6302--6729

 []

[99] [100] [101] [102] [103]
Underfull \hbox (badness 10000) in paragraph at lines 6748--6749

 []

[104]
Underfull \hbox (badness 10000) in paragraph at lines 6772--6773

 []


Underfull \hbox (badness 10000) in paragraph at lines 6797--6798

 []


Underfull \hbox (badness 10000) in paragraph at lines 6815--6816

 []

[105]
Underfull \hbox (badness 10000) in paragraph at lines 6830--6831

 []


Underfull \hbox (badness 10000) in paragraph at lines 6844--6845

 []


Underfull \hbox (badness 10000) in paragraph at lines 6857--6858

 []


Underfull \hbox (badness 10000) in paragraph at lines 6873--6874

 []

[106]
Underfull \hbox (badness 10000) in paragraph at lines 6888--6889

 []


Underfull \hbox (badness 10000) in paragraph at lines 6922--6923

 []


Underfull \hbox (badness 10000) in paragraph at lines 6937--6938

 []

[107]
Underfull \hbox (badness 10000) in paragraph at lines 6942--6952
[]/cmr10/Note: This rou-tine will be phased out!!!! Use HYPRE[]BoomerAMGSetNumS
weeps or
 []


Underfull \hbox (badness 10000) in paragraph at lines 6953--6954

 []


Underfull \hbox (badness 10000) in paragraph at lines 6967--6968

 []


Underfull \hbox (badness 10000) in paragraph at lines 6989--6990

 []


Underfull \hbox (badness 10000) in paragraph at lines 6994--7004
[]/cmr10/Note: This rou-tine will be phased out!!!! Use HYPRE[]BoomerAMGSetRela
xType or
 []

[108]
Underfull \hbox (badness 10000) in paragraph at lines 7005--7006

 []


Underfull \hbox (badness 10000) in paragraph at lines 7034--7035

 []


Underfull \hbox (badness 1248) in paragraph at lines 7036--7039
[]/cmr10/(Optional) De-fines the smoother at a given cy-cle. For op-tions of re
-lax[]type see de-scrip-tion of
 []


Underfull \hbox (badness 10000) in paragraph at lines 7056--7057

 []

[109]
Underfull \hbox (badness 10000) in paragraph at lines 7084--7085

 []


Underfull \hbox (badness 10000) in paragraph at lines 7099--7100

 []


Underfull \hbox (badness 10000) in paragraph at lines 7103--7114
[]/cmr10/Note: This rou-tine will be phased out!!!! Use HYPRE[]BoomerAMGSetRela
xWt or
 []


Underfull \hbox (badness 10000) in paragraph at lines 7115--7116

 []

[110]
Underfull \hbox (badness 10000) in paragraph at lines 7142--7143

 []


Underfull \hbox (badness 10000) in paragraph at lines 7158--7159

 []


Underfull \hbox (badness 10000) in paragraph at lines 7173--7174

 []

[111]
Overfull \hbox (4.99588pt too wide) in paragraph at lines 7178--7186
[][] 
 []


Underfull \hbox (badness 10000) in paragraph at lines 7198--7199

 []


Underfull \hbox (badness 10000) in paragraph at lines 7214--7215

 []


Underfull \hbox (badness 10000) in paragraph at lines 7227--7228

 []

[112]
Underfull \hbox (badness 10000) in paragraph at lines 7241--7242

 []


Underfull \hbox (badness 10000) in paragraph at lines 7259--7260

 []


Underfull \hbox (badness 10000) in paragraph at lines 7293--7294

 []

[113]
Overfull \hbox (15.94589pt too wide) in paragraph at lines 7298--7308
[][] 
 []


Underfull \hbox (badness 10000) in paragraph at lines 7320--7321

 []


Underfull \hbox (badness 1448) in paragraph at lines 7322--7335
[]/cmr10/(Optional) Sets the num-ber of lev-els for more com-plex smoothers. Th
e smoothers, as de-fined
 []


Underfull \hbox (badness 1424) in paragraph at lines 7322--7335
/cmr10/by HYPRE[]BoomerAMGSetSmoothType, will be used on level 0 (the finest le
vel) through level
 []


Underfull \hbox (badness 10000) in paragraph at lines 7336--7337

 []


Underfull \hbox (badness 10000) in paragraph at lines 7349--7350

 []

[114]
Underfull \hbox (badness 10000) in paragraph at lines 7374--7375

 []


Underfull \hbox (badness 10000) in paragraph at lines 7388--7389

 []


Underfull \hbox (badness 10000) in paragraph at lines 7401--7402

 []

[115]
Underfull \hbox (badness 10000) in paragraph at lines 7415--7416

 []


Underfull \hbox (badness 10000) in paragraph at lines 7430--7431

 []


Underfull \hbox (badness 10000) in paragraph at lines 7444--7445

 []


Underfull \hbox (badness 10000) in paragraph at lines 7457--7458

 []


Underfull \hbox (badness 10000) in paragraph at lines 7470--7471

 []

[116]
Underfull \hbox (badness 10000) in paragraph at lines 7496--7497

 []


Underfull \hbox (badness 10000) in paragraph at lines 7516--7517

 []


Underfull \hbox (badness 10000) in paragraph at lines 7536--7537

 []

[117]
Underfull \hbox (badness 10000) in paragraph at lines 7555--7556

 []


Underfull \hbox (badness 10000) in paragraph at lines 7568--7569

 []


Underfull \hbox (badness 10000) in paragraph at lines 7581--7582

 []


Underfull \hbox (badness 10000) in paragraph at lines 7594--7595

 []

[118]
Underfull \hbox (badness 10000) in paragraph at lines 7607--7608

 []


Underfull \hbox (badness 10000) in paragraph at lines 7620--7621

 []


Underfull \hbox (badness 10000) in paragraph at lines 7633--7634

 []


Underfull \hbox (badness 10000) in paragraph at lines 7646--7647

 []

[119]
Underfull \hbox (badness 10000) in paragraph at lines 7659--7660

 []


Underfull \hbox (badness 10000) in paragraph at lines 7672--7673

 []


Underfull \hbox (badness 10000) in paragraph at lines 7686--7687

 []


Underfull \hbox (badness 10000) in paragraph at lines 7702--7779

 []

[120] [121]
Underfull \hbox (badness 10000) in paragraph at lines 7799--7800

 []


Underfull \hbox (badness 10000) in paragraph at lines 7822--7823

 []


Underfull \hbox (badness 10000) in paragraph at lines 7846--7847

 []

[122]
Underfull \hbox (badness 10000) in paragraph at lines 7873--7874

 []


Underfull \hbox (badness 10000) in paragraph at lines 7900--7901

 []


Underfull \hbox (badness 10000) in paragraph at lines 7906--7906
|/cmtt10/sym| /cmr10/--- [IN] Value of the sym-me-try pa-ram-e-ter:
 []


Overfull \hbox (48.50706pt too wide) in paragraph at lines 7906--7906
[]| 
 []


Underfull \hbox (badness 10000) in paragraph at lines 7929--7930

 []

[123]
Underfull \hbox (badness 10000) in paragraph at lines 7955--7956

 []


Underfull \hbox (badness 10000) in paragraph at lines 7978--7979

 []


Underfull \hbox (badness 10000) in paragraph at lines 7997--7998

 []

[124]
Underfull \hbox (badness 10000) in paragraph at lines 8016--8109

 []

[125]
Underfull \hbox (badness 10000) in paragraph at lines 8142--8143

 []

[126]
Underfull \hbox (badness 10000) in paragraph at lines 8165--8166

 []


Underfull \hbox (badness 10000) in paragraph at lines 8185--8186

 []


Underfull \hbox (badness 10000) in paragraph at lines 8206--8207

 []


Underfull \hbox (badness 10000) in paragraph at lines 8208--8212

 []

[127]
Underfull \hbox (badness 10000) in paragraph at lines 8232--8233

 []


Underfull \hbox (badness 10000) in paragraph at lines 8247--8248

 []

[128]
Underfull \hbox (badness 10000) in paragraph at lines 8320--8457

 []

[129] [130]
Underfull \hbox (badness 10000) in paragraph at lines 8476--8477

 []

[131]
Underfull \hbox (badness 10000) in paragraph at lines 8500--8501

 []


Underfull \hbox (badness 10000) in paragraph at lines 8516--8517

 []


Underfull \hbox (badness 10000) in paragraph at lines 8528--8529

 []


Underfull \hbox (badness 10000) in paragraph at lines 8541--8542

 []

[132]
Underfull \hbox (badness 10000) in paragraph at lines 8558--8559

 []


Underfull \hbox (badness 10000) in paragraph at lines 8577--8578

 []


Underfull \hbox (badness 10000) in paragraph at lines 8598--8599

 []

[133]
Underfull \hbox (badness 10000) in paragraph at lines 8617--8618

 []


Underfull \hbox (badness 10000) in paragraph at lines 8632--8633

 []


Underfull \hbox (badness 10000) in paragraph at lines 8646--8647

 []

[134]
Underfull \hbox (badness 10000) in paragraph at lines 8678--8679

 []


Underfull \hbox (badness 10000) in paragraph at lines 8692--8693

 []


Underfull \hbox (badness 10000) in paragraph at lines 8705--8706

 []

[135]
Underfull \hbox (badness 10000) in paragraph at lines 8718--8719

 []


Underfull \hbox (badness 10000) in paragraph at lines 8732--8733

 []

[136] [137] [138] [139]
Underfull \hbox (badness 10000) in paragraph at lines 9038--9039

 []


Underfull \hbox (badness 10000) in paragraph at lines 9058--9059

 []


Underfull \hbox (badness 10000) in paragraph at lines 9069--9070

 []

[140]
Underfull \hbox (badness 10000) in paragraph at lines 9081--9082

 []


Underfull \hbox (badness 10000) in paragraph at lines 9093--9094

 []


Underfull \hbox (badness 10000) in paragraph at lines 9110--9111

 []


Underfull \hbox (badness 10000) in paragraph at lines 9123--9124

 []

[141]
Underfull \hbox (badness 10000) in paragraph at lines 9139--9140

 []


Underfull \hbox (badness 10000) in paragraph at lines 9154--9155

 []


Underfull \hbox (badness 10000) in paragraph at lines 9167--9168

 []

[142]
Underfull \hbox (badness 10000) in paragraph at lines 9180--9181

 []


Underfull \hbox (badness 10000) in paragraph at lines 9193--9194

 []


Underfull \hbox (badness 10000) in paragraph at lines 9225--9226

 []


Underfull \hbox (badness 10000) in paragraph at lines 9239--9240

 []

[143]
Underfull \hbox (badness 10000) in paragraph at lines 9253--9254

 []


Underfull \hbox (badness 10000) in paragraph at lines 9273--9274

 []


Underfull \hbox (badness 10000) in paragraph at lines 9302--9303

 []

[144]
Underfull \hbox (badness 1248) in paragraph at lines 9304--9307
[]/cmr10/(Optional) De-fines the smoother at a given cy-cle. For op-tions of re
-lax[]type see de-scrip-tion of
 []


Underfull \hbox (badness 10000) in paragraph at lines 9323--9324

 []


Underfull \hbox (badness 10000) in paragraph at lines 9352--9353

 []

[145]
Underfull \hbox (badness 10000) in paragraph at lines 9379--9380

 []


Underfull \hbox (badness 10000) in paragraph at lines 9396--9397

 []


Overfull \hbox (4.99588pt too wide) in paragraph at lines 9401--9409
[][] 
 []


Underfull \hbox (badness 10000) in paragraph at lines 9421--9422

 []


Underfull \hbox (badness 10000) in paragraph at lines 9438--9439

 []

[146]
Underfull \hbox (badness 10000) in paragraph at lines 9452--9453

 []


Underfull \hbox (badness 10000) in paragraph at lines 9467--9468

 []


Underfull \hbox (badness 10000) in paragraph at lines 9481--9482

 []


Underfull \hbox (badness 10000) in paragraph at lines 9495--9496

 []

[147] [148]
Underfull \hbox (badness 10000) in paragraph at lines 9637--9638

 []

[149] [150]
Underfull \hbox (badness 10000) in paragraph at lines 9760--9761

 []


Overfull \hbox (25.04037pt too wide) in paragraph at lines 9872--9872
/cmr10/(HYPRE[]Solver 
 []

[151] [152]
Underfull \hbox (badness 10000) in paragraph at lines 9889--9890

 []


Overfull \hbox (10.18628pt too wide) in paragraph at lines 10007--10007
/cmr10/(HYPRE[]Solver 
 []

[153] [154]
Underfull \hbox (badness 10000) in paragraph at lines 10017--10018

 []


Underfull \hbox (badness 10000) in paragraph at lines 10033--10034

 []


Overfull \hbox (19.76956pt too wide) in paragraph at lines 10151--10151
/cmr10/(HYPRE[]Solver 
 []

[155] [156]
Underfull \hbox (badness 10000) in paragraph at lines 10161--10162

 []


Underfull \hbox (badness 10000) in paragraph at lines 10173--10174

 []

[157]
Underfull \hbox (badness 10000) in paragraph at lines 10191--10192

 []


Underfull \hbox (badness 10000) in paragraph at lines 10207--10208

 []


Underfull \hbox (badness 10000) in paragraph at lines 10220--10221

 []

[158]
Underfull \hbox (badness 10000) in paragraph at lines 10233--10278

 []

[159

] [160]
Underfull \hbox (badness 10000) in paragraph at lines 10472--10473

 []


Underfull \hbox (badness 10000) in paragraph at lines 10486--10487

 []

[161] [162]
Underfull \hbox (badness 10000) in paragraph at lines 10656--10657

 []


Underfull \hbox (badness 10000) in paragraph at lines 10669--10670

 []

[163] [164]
Underfull \hbox (badness 10000) in paragraph at lines 10828--10829

 []

[165]
Underfull \hbox (badness 10000) in paragraph at lines 10841--10842

 []

[166]
Underfull \hbox (badness 10000) in paragraph at lines 10949--10950

 []


Underfull \hbox (badness 10000) in paragraph at lines 10962--10963

 []

[167] [168]
Underfull \hbox (badness 10000) in paragraph at lines 11126--11127

 []

[169]
Underfull \hbox (badness 10000) in paragraph at lines 11139--11140

 []


Underfull \hbox (badness 10000) in paragraph at lines 11155--11156

 []

[170]
Underfull \hbox (badness 10000) in paragraph at lines 11243--11244

 []

[171] [172

] [173]
Underfull \hbox (badness 10000) in paragraph at lines 11446--11447

 []


Package hyperref Warning: Token not allowed in a PDFDocEncoded string,
(hyperref)                removing `\<def>-command' on input line 11457.


Package hyperref Warning: Token not allowed in a PDFDocEncoded string,
(hyperref)                removing `\f@encoding' on input line 11457.


Package hyperref Warning: Token not allowed in a PDFDocEncoded string,
(hyperref)                removing `\<let>-command' on input line 11457.


Package hyperref Warning: Token not allowed in a PDFDocEncoded string,
(hyperref)                removing `\<def>-command' on input line 11457.


Package hyperref Warning: Token not allowed in a PDFDocEncoded string,
(hyperref)                removing `\f@family' on input line 11457.


Package hyperref Warning: Token not allowed in a PDFDocEncoded string,
(hyperref)                removing `\<def>-command' on input line 11457.


Package hyperref Warning: Token not allowed in a PDFDocEncoded string,
(hyperref)                removing `\f@series' on input line 11457.


Package hyperref Warning: Token not allowed in a PDFDocEncoded string,
(hyperref)                removing `\<def>-command' on input line 11457.


Package hyperref Warning: Token not allowed in a PDFDocEncoded string,
(hyperref)                removing `\f@shape' on input line 11457.


Package hyperref Warning: Token not allowed in a PDFDocEncoded string,
(hyperref)                removing `\<def>-command' on input line 11457.


Package hyperref Warning: Token not allowed in a PDFDocEncoded string,
(hyperref)                removing `\font@name' on input line 11457.


Package hyperref Warning: Token not allowed in a PDFDocEncoded string,
(hyperref)                removing `\OT1/cmr/bx/n/10' on input line 11457.


Package hyperref Warning: Token not allowed in a PDFDocEncoded string,
(hyperref)                removing `\ignorespaces' on input line 11457.


Package hyperref Warning: Glyph not defined in PD1 encoding,
(hyperref)                removing `\texttilde+\relax' on input line 11457.


Underfull \hbox (badness 10000) in paragraph at lines 11460--11461

 []


Underfull \hbox (badness 10000) in paragraph at lines 11477--11478

 []

[174]
Underfull \hbox (badness 10000) in paragraph at lines 11494--11495

 []


Underfull \hbox (badness 10000) in paragraph at lines 11525--11526

 []


Underfull \hbox (badness 10000) in paragraph at lines 11549--11550

 []

[175]
Underfull \hbox (badness 10000) in paragraph at lines 11573--11574

 []


Underfull \hbox (badness 10000) in paragraph at lines 11597--11598

 []


Underfull \hbox (badness 10000) in paragraph at lines 11611--11612

 []

[176]
Underfull \hbox (badness 10000) in paragraph at lines 11628--11629

 []


Underfull \hbox (badness 10000) in paragraph at lines 11646--11647

 []


Underfull \hbox (badness 10000) in paragraph at lines 11659--11660

 []


Underfull \hbox (badness 10000) in paragraph at lines 11672--11673

 []


Underfull \hbox (badness 10000) in paragraph at lines 11695--11696

 []

[177]
Underfull \hbox (badness 10000) in paragraph at lines 11722--11723

 []


Underfull \hbox (badness 10000) in paragraph at lines 11744--11745

 []

[178]
Underfull \hbox (badness 10000) in paragraph at lines 11764--11765

 []


Underfull \hbox (badness 10000) in paragraph at lines 11778--11779

 []


Underfull \hbox (badness 10000) in paragraph at lines 11796--11797

 []


Underfull \hbox (badness 10000) in paragraph at lines 11811--11812

 []

[179]
Underfull \hbox (badness 10000) in paragraph at lines 11828--11829

 []


Underfull \hbox (badness 10000) in paragraph at lines 11849--11850

 []


Underfull \hbox (badness 10000) in paragraph at lines 11873--11874

 []

[180]
Underfull \hbox (badness 10000) in paragraph at lines 11939--11940

 []

[181]
Underfull \hbox (badness 10000) in paragraph at lines 11988--11989

 []

[182]
Underfull \hbox (badness 10000) in paragraph at lines 12034--12035

 []


Underfull \hbox (badness 10000) in paragraph at lines 12086--12087

 []

[183]
Underfull \hbox (badness 10000) in paragraph at lines 12127--12128

 []

[184]
Underfull \hbox (badness 10000) in paragraph at lines 12148--12149

 []


Underfull \hbox (badness 10000) in paragraph at lines 12184--12185

 []

[185] [186

] (./vref_manual.aux)

LaTeX Font Warning: Some font shapes were not available, defaults substituted.

 ) 
Here is how much of TeX's memory you used:
 3932 strings out of 50453
 49234 string characters out of 690528
 129646 words of memory out of 1500001
 6332 multiletter control sequences out of 10000+25000
 10391 words of font info for 37 fonts, out of 400000 for 1000
 14 hyphenation exceptions out of 10000
 34i,14n,35p,219b,768s stack positions out of 3000i,500n,3000p,50000b,5000s
</usr/share/texmf/fonts/type1/bluesky/cm/cmss10.pfb></usr/share/texmf/fonts/t
ype1/bluesky/cm/cmtt12.pfb></usr/share/texmf/fonts/type1/bluesky/cm/cmmi5.pfb><
/usr/share/texmf/fonts/type1/bluesky/cm/cmr5.pfb></usr/share/texmf/fonts/type1/
bluesky/cm/cmsy7.pfb></usr/share/texmf/fonts/type1/bluesky/cm/cmmi7.pfb></usr/s
hare/texmf/fonts/type1/bluesky/cm/cmr7.pfb></usr/share/texmf/fonts/type1/bluesk
y/cm/cmmi10.pfb></usr/share/texmf/fonts/type1/bluesky/cm/cmsy10.pfb></usr/share
/texmf/fonts/type1/bluesky/cm/cmtt10.pfb></usr/share/texmf/fonts/type1/bluesky/
cm/cmti10.pfb></usr/share/texmf/fonts/type1/bluesky/cm/cmbx9.pfb></usr/share/te
xmf/fonts/type1/bluesky/cm/cmsy5.pfb></usr/share/texmf/fonts/type1/bluesky/cm/c
mss8.pfb></usr/share/texmf/fonts/type1/bluesky/cm/cmr10.pfb></usr/share/texmf/f
onts/type1/bluesky/cm/cmbxti10.pfb></usr/share/texmf/fonts/type1/bluesky/cm/cmb
x10.pfb></usr/share/texmf/fonts/type1/bluesky/cm/cmr12.pfb></usr/share/texmf/fo
nts/type1/bluesky/cm/cmss9.pfb></usr/share/texmf/fonts/type1/bluesky/cm/cmbx12.
pfb></usr/share/texmf/fonts/type1/bluesky/cm/cmti12.pfb>
Output written on vref_manual.pdf (186 pages, 836968 bytes).
