\BOOKMARK [1][]{section*.1}{1 Struct System Interface}{}
\BOOKMARK [2][-]{section*.3}{1.1 Struct Grids}{section*.1}
\BOOKMARK [3][-]{section*.5}{1.1.1 HYPRE\137StructGridDestroy}{section*.3}
\BOOKMARK [3][-]{section*.6}{1.1.2 HYPRE\137StructGridSetPeriodic}{section*.3}
\BOOKMARK [2][-]{section*.7}{1.2 Struct Stencils}{section*.1}
\BOOKMARK [3][-]{section*.9}{1.2.1 HYPRE\137StructStencilSetElement}{section*.7}
\BOOKMARK [2][-]{section*.10}{1.3 Struct Matrices}{section*.1}
\BOOKMARK [3][-]{section*.12}{1.3.1 HYPRE\137StructMatrixSetValues}{section*.10}
\BOOKMARK [3][-]{section*.13}{1.3.2 HYPRE\137StructMatrixAddToValues}{section*.10}
\BOOKMARK [3][-]{section*.14}{1.3.3 HYPRE\137StructMatrixSetConstantValues}{section*.10}
\BOOKMARK [3][-]{section*.15}{1.3.4 HYPRE\137StructMatrixAddToConstantValues}{section*.10}
\BOOKMARK [3][-]{section*.16}{1.3.5 HYPRE\137StructMatrixSetBoxValues}{section*.10}
\BOOKMARK [3][-]{section*.17}{1.3.6 HYPRE\137StructMatrixAddToBoxValues}{section*.10}
\BOOKMARK [3][-]{section*.18}{1.3.7 HYPRE\137StructMatrixGetValues}{section*.10}
\BOOKMARK [3][-]{section*.19}{1.3.8 HYPRE\137StructMatrixGetBoxValues}{section*.10}
\BOOKMARK [3][-]{section*.20}{1.3.9 HYPRE\137StructMatrixSetSymmetric}{section*.10}
\BOOKMARK [3][-]{section*.21}{1.3.10 HYPRE\137StructMatrixSetConstantEntries}{section*.10}
\BOOKMARK [3][-]{section*.22}{1.3.11 HYPRE\137StructMatrixPrint}{section*.10}
\BOOKMARK [3][-]{section*.23}{1.3.12 HYPRE\137StructMatrixMatvec}{section*.10}
\BOOKMARK [2][-]{section*.24}{1.4 Struct Vectors}{section*.1}
\BOOKMARK [3][-]{section*.26}{1.4.1 HYPRE\137StructVectorSetValues}{section*.24}
\BOOKMARK [3][-]{section*.27}{1.4.2 HYPRE\137StructVectorAddToValues}{section*.24}
\BOOKMARK [3][-]{section*.28}{1.4.3 HYPRE\137StructVectorSetBoxValues}{section*.24}
\BOOKMARK [3][-]{section*.29}{1.4.4 HYPRE\137StructVectorAddToBoxValues}{section*.24}
\BOOKMARK [3][-]{section*.30}{1.4.5 HYPRE\137StructVectorGetValues}{section*.24}
\BOOKMARK [3][-]{section*.31}{1.4.6 HYPRE\137StructVectorGetBoxValues}{section*.24}
\BOOKMARK [3][-]{section*.32}{1.4.7 HYPRE\137StructVectorPrint}{section*.24}
\BOOKMARK [1][]{section*.33}{2 SStruct System Interface}{}
\BOOKMARK [2][-]{section*.35}{2.1 SStruct Grids}{section*.33}
\BOOKMARK [3][-]{section*.37}{2.1.1 HYPRE\137SStructGrid}{section*.35}
\BOOKMARK [3][-]{section*.38}{2.1.2 HYPRE\137SStructVariable}{section*.35}
\BOOKMARK [3][-]{section*.39}{2.1.3 HYPRE\137SStructGridDestroy}{section*.35}
\BOOKMARK [3][-]{section*.40}{2.1.4 HYPRE\137SStructGridAddVariables}{section*.35}
\BOOKMARK [3][-]{section*.41}{2.1.5 HYPRE\137SStructGridSetNeighborPart}{section*.35}
\BOOKMARK [3][-]{section*.42}{2.1.6 HYPRE\137SStructGridSetNeighborBox}{section*.35}
\BOOKMARK [3][-]{section*.43}{2.1.7 HYPRE\137SStructGridAddUnstructuredPart}{section*.35}
\BOOKMARK [3][-]{section*.44}{2.1.8 HYPRE\137SStructGridSetPeriodic}{section*.35}
\BOOKMARK [2][-]{section*.45}{2.2 SStruct Stencils}{section*.33}
\BOOKMARK [2][-]{section*.47}{2.3 SStruct Graphs}{section*.33}
\BOOKMARK [3][-]{section*.49}{2.3.1 HYPRE\137SStructGraphAddEntries}{section*.47}
\BOOKMARK [3][-]{section*.50}{2.3.2 HYPRE\137SStructGraphSetObjectType}{section*.47}
\BOOKMARK [2][-]{section*.51}{2.4 SStruct Matrices}{section*.33}
\BOOKMARK [3][-]{section*.53}{2.4.1 HYPRE\137SStructMatrixSetValues}{section*.51}
\BOOKMARK [3][-]{section*.54}{2.4.2 HYPRE\137SStructMatrixAddToValues}{section*.51}
\BOOKMARK [3][-]{section*.55}{2.4.3 HYPRE\137SStructMatrixSetBoxValues}{section*.51}
\BOOKMARK [3][-]{section*.56}{2.4.4 HYPRE\137SStructMatrixAddToBoxValues}{section*.51}
\BOOKMARK [3][-]{section*.57}{2.4.5 HYPRE\137SStructMatrixGetValues}{section*.51}
\BOOKMARK [3][-]{section*.58}{2.4.6 HYPRE\137SStructMatrixGetBoxValues}{section*.51}
\BOOKMARK [3][-]{section*.59}{2.4.7 HYPRE\137SStructMatrixSetSymmetric}{section*.51}
\BOOKMARK [3][-]{section*.60}{2.4.8 HYPRE\137SStructMatrixSetObjectType}{section*.51}
\BOOKMARK [3][-]{section*.61}{2.4.9 HYPRE\137SStructMatrixGetObject}{section*.51}
\BOOKMARK [3][-]{section*.62}{2.4.10 HYPRE\137SStructMatrixPrint}{section*.51}
\BOOKMARK [2][-]{section*.63}{2.5 SStruct Vectors}{section*.33}
\BOOKMARK [3][-]{section*.65}{2.5.1 HYPRE\137SStructVectorSetValues}{section*.63}
\BOOKMARK [3][-]{section*.66}{2.5.2 HYPRE\137SStructVectorAddToValues}{section*.63}
\BOOKMARK [3][-]{section*.67}{2.5.3 HYPRE\137SStructVectorSetBoxValues}{section*.63}
\BOOKMARK [3][-]{section*.68}{2.5.4 HYPRE\137SStructVectorAddToBoxValues}{section*.63}
\BOOKMARK [3][-]{section*.69}{2.5.5 HYPRE\137SStructVectorGather}{section*.63}
\BOOKMARK [3][-]{section*.70}{2.5.6 HYPRE\137SStructVectorGetValues}{section*.63}
\BOOKMARK [3][-]{section*.71}{2.5.7 HYPRE\137SStructVectorGetBoxValues}{section*.63}
\BOOKMARK [3][-]{section*.72}{2.5.8 HYPRE\137SStructVectorSetObjectType}{section*.63}
\BOOKMARK [3][-]{section*.73}{2.5.9 HYPRE\137SStructVectorGetObject}{section*.63}
\BOOKMARK [3][-]{section*.74}{2.5.10 HYPRE\137SStructVectorPrint}{section*.63}
\BOOKMARK [1][]{section*.75}{3 IJ System Interface}{}
\BOOKMARK [2][-]{section*.77}{3.1 IJ Matrices}{section*.75}
\BOOKMARK [3][-]{section*.79}{3.1.1 HYPRE\137IJMatrixCreate}{section*.77}
\BOOKMARK [3][-]{section*.80}{3.1.2 HYPRE\137IJMatrixDestroy}{section*.77}
\BOOKMARK [3][-]{section*.81}{3.1.3 HYPRE\137IJMatrixInitialize}{section*.77}
\BOOKMARK [3][-]{section*.82}{3.1.4 HYPRE\137IJMatrixSetValues}{section*.77}
\BOOKMARK [3][-]{section*.83}{3.1.5 HYPRE\137IJMatrixAddToValues}{section*.77}
\BOOKMARK [3][-]{section*.84}{3.1.6 HYPRE\137IJMatrixGetValues}{section*.77}
\BOOKMARK [3][-]{section*.85}{3.1.7 HYPRE\137IJMatrixSetObjectType}{section*.77}
\BOOKMARK [3][-]{section*.86}{3.1.8 HYPRE\137IJMatrixGetObject}{section*.77}
\BOOKMARK [3][-]{section*.87}{3.1.9 HYPRE\137IJMatrixSetRowSizes}{section*.77}
\BOOKMARK [3][-]{section*.88}{3.1.10 HYPRE\137IJMatrixSetDiagOffdSizes}{section*.77}
\BOOKMARK [3][-]{section*.89}{3.1.11 HYPRE\137IJMatrixSetMaxOffProcElmts}{section*.77}
\BOOKMARK [3][-]{section*.90}{3.1.12 HYPRE\137IJMatrixRead}{section*.77}
\BOOKMARK [3][-]{section*.91}{3.1.13 HYPRE\137IJMatrixPrint}{section*.77}
\BOOKMARK [2][-]{section*.92}{3.2 IJ Vectors}{section*.75}
\BOOKMARK [3][-]{section*.94}{3.2.1 HYPRE\137IJVectorCreate}{section*.92}
\BOOKMARK [3][-]{section*.95}{3.2.2 HYPRE\137IJVectorDestroy}{section*.92}
\BOOKMARK [3][-]{section*.96}{3.2.3 HYPRE\137IJVectorInitialize}{section*.92}
\BOOKMARK [3][-]{section*.97}{3.2.4 HYPRE\137IJVectorSetMaxOffProcElmts}{section*.92}
\BOOKMARK [3][-]{section*.98}{3.2.5 HYPRE\137IJVectorSetValues}{section*.92}
\BOOKMARK [3][-]{section*.99}{3.2.6 HYPRE\137IJVectorAddToValues}{section*.92}
\BOOKMARK [3][-]{section*.100}{3.2.7 HYPRE\137IJVectorGetValues}{section*.92}
\BOOKMARK [3][-]{section*.101}{3.2.8 HYPRE\137IJVectorSetObjectType}{section*.92}
\BOOKMARK [3][-]{section*.102}{3.2.9 HYPRE\137IJVectorGetObject}{section*.92}
\BOOKMARK [3][-]{section*.103}{3.2.10 HYPRE\137IJVectorRead}{section*.92}
\BOOKMARK [3][-]{section*.104}{3.2.11 HYPRE\137IJVectorPrint}{section*.92}
\BOOKMARK [1][]{section*.105}{4 Struct Solvers}{}
\BOOKMARK [2][-]{section*.107}{4.1 Struct Solvers}{section*.105}
\BOOKMARK [2][-]{section*.109}{4.2 Struct Jacobi Solver}{section*.105}
\BOOKMARK [3][-]{section*.111}{4.2.1 HYPRE\137StructJacobiDestroy}{section*.109}
\BOOKMARK [3][-]{section*.112}{4.2.2 HYPRE\137StructJacobiSetup}{section*.109}
\BOOKMARK [3][-]{section*.113}{4.2.3 HYPRE\137StructJacobiSetZeroGuess}{section*.109}
\BOOKMARK [3][-]{section*.114}{4.2.4 HYPRE\137StructJacobiSetNonZeroGuess}{section*.109}
\BOOKMARK [2][-]{section*.115}{4.3 Struct PFMG Solver}{section*.105}
\BOOKMARK [3][-]{section*.117}{4.3.1 HYPRE\137StructPFMGSetup}{section*.115}
\BOOKMARK [3][-]{section*.118}{4.3.2 HYPRE\137StructPFMGSetZeroGuess}{section*.115}
\BOOKMARK [3][-]{section*.119}{4.3.3 HYPRE\137StructPFMGSetNonZeroGuess}{section*.115}
\BOOKMARK [3][-]{section*.120}{4.3.4 HYPRE\137StructPFMGSetRelaxType}{section*.115}
\BOOKMARK [3][-]{section*.121}{4.3.5 HYPRE\137StructPFMGSetRAPType}{section*.115}
\BOOKMARK [3][-]{section*.122}{4.3.6 HYPRE\137StructPFMGSetSkipRelax}{section*.115}
\BOOKMARK [2][-]{section*.123}{4.4 Struct SMG Solver}{section*.105}
\BOOKMARK [3][-]{section*.125}{4.4.1 HYPRE\137StructSMGSetup}{section*.123}
\BOOKMARK [3][-]{section*.126}{4.4.2 HYPRE\137StructSMGSetZeroGuess}{section*.123}
\BOOKMARK [3][-]{section*.127}{4.4.3 HYPRE\137StructSMGSetNonZeroGuess}{section*.123}
\BOOKMARK [2][-]{section*.128}{4.5 Struct PCG Solver}{section*.105}
\BOOKMARK [3][-]{section*.130}{4.5.1 HYPRE\137StructPCGSetup}{section*.128}
\BOOKMARK [3][-]{section*.131}{4.5.2 HYPRE\137StructPCGSetAbsoluteTol}{section*.128}
\BOOKMARK [2][-]{section*.132}{4.6 Struct GMRES Solver}{section*.105}
\BOOKMARK [3][-]{section*.134}{4.6.1 HYPRE\137StructGMRESSetup}{section*.132}
\BOOKMARK [3][-]{section*.135}{4.6.2 HYPRE\137StructGMRESSetAbsoluteTol}{section*.132}
\BOOKMARK [2][-]{section*.136}{4.7 Struct FlexGMRES Solver}{section*.105}
\BOOKMARK [3][-]{section*.138}{4.7.1 HYPRE\137StructFlexGMRESSetup}{section*.136}
\BOOKMARK [3][-]{section*.139}{4.7.2 HYPRE\137StructFlexGMRESSetAbsoluteTol}{section*.136}
\BOOKMARK [2][-]{section*.140}{4.8 Struct LGMRES Solver}{section*.105}
\BOOKMARK [3][-]{section*.142}{4.8.1 HYPRE\137StructLGMRESSetup}{section*.140}
\BOOKMARK [3][-]{section*.143}{4.8.2 HYPRE\137StructLGMRESSolve}{section*.140}
\BOOKMARK [3][-]{section*.144}{4.8.3 HYPRE\137StructLGMRESSetAbsoluteTol}{section*.140}
\BOOKMARK [2][-]{section*.145}{4.9 Struct BiCGSTAB Solver}{section*.105}
\BOOKMARK [3][-]{section*.147}{4.9.1 HYPRE\137StructBiCGSTABSetup}{section*.145}
\BOOKMARK [3][-]{section*.148}{4.9.2 HYPRE\137StructBiCGSTABSetAbsoluteTol}{section*.145}
\BOOKMARK [2][-]{section*.149}{4.10 Struct Hybrid Solver}{section*.105}
\BOOKMARK [3][-]{section*.151}{4.10.1 HYPRE\137StructHybridSetup}{section*.149}
\BOOKMARK [3][-]{section*.152}{4.10.2 HYPRE\137StructHybridSetConvergenceTol}{section*.149}
\BOOKMARK [3][-]{section*.153}{4.10.3 HYPRE\137StructHybridSetDSCGMaxIter}{section*.149}
\BOOKMARK [3][-]{section*.154}{4.10.4 HYPRE\137StructHybridSetPCGMaxIter}{section*.149}
\BOOKMARK [3][-]{section*.155}{4.10.5 HYPRE\137StructHybridSetSolverType}{section*.149}
\BOOKMARK [1][]{section*.156}{5 SStruct Solvers}{}
\BOOKMARK [2][-]{section*.158}{5.1 SStruct Solvers}{section*.156}
\BOOKMARK [2][-]{section*.160}{5.2 SStruct PCG Solver}{section*.156}
\BOOKMARK [3][-]{section*.162}{5.2.1 HYPRE\137SStructPCGDestroy}{section*.160}
\BOOKMARK [3][-]{section*.163}{5.2.2 HYPRE\137SStructPCGSetup}{section*.160}
\BOOKMARK [3][-]{section*.164}{5.2.3 HYPRE\137SStructPCGSetAbsoluteTol}{section*.160}
\BOOKMARK [2][-]{section*.165}{5.3 SStruct GMRES Solver}{section*.156}
\BOOKMARK [3][-]{section*.167}{5.3.1 HYPRE\137SStructGMRESDestroy}{section*.165}
\BOOKMARK [3][-]{section*.168}{5.3.2 HYPRE\137SStructGMRESSetup}{section*.165}
\BOOKMARK [3][-]{section*.169}{5.3.3 HYPRE\137SStructGMRESSetAbsoluteTol}{section*.165}
\BOOKMARK [2][-]{section*.170}{5.4 SStruct FlexGMRES Solver}{section*.156}
\BOOKMARK [3][-]{section*.172}{5.4.1 HYPRE\137SStructFlexGMRESDestroy}{section*.170}
\BOOKMARK [3][-]{section*.173}{5.4.2 HYPRE\137SStructFlexGMRESSetup}{section*.170}
\BOOKMARK [3][-]{section*.174}{5.4.3 HYPRE\137SStructFlexGMRESSetAbsoluteTol}{section*.170}
\BOOKMARK [2][-]{section*.175}{5.5 SStruct LGMRES Solver}{section*.156}
\BOOKMARK [3][-]{section*.177}{5.5.1 HYPRE\137SStructLGMRESDestroy}{section*.175}
\BOOKMARK [3][-]{section*.178}{5.5.2 HYPRE\137SStructLGMRESSetup}{section*.175}
\BOOKMARK [3][-]{section*.179}{5.5.3 HYPRE\137SStructLGMRESSolve}{section*.175}
\BOOKMARK [3][-]{section*.180}{5.5.4 HYPRE\137SStructLGMRESSetAbsoluteTol}{section*.175}
\BOOKMARK [2][-]{section*.181}{5.6 SStruct BiCGSTAB Solver}{section*.156}
\BOOKMARK [3][-]{section*.183}{5.6.1 HYPRE\137SStructBiCGSTABDestroy}{section*.181}
\BOOKMARK [3][-]{section*.184}{5.6.2 HYPRE\137SStructBiCGSTABSetup}{section*.181}
\BOOKMARK [3][-]{section*.185}{5.6.3 HYPRE\137SStructBiCGSTABSetAbsoluteTol}{section*.181}
\BOOKMARK [2][-]{section*.186}{5.7 SStruct SysPFMG Solver}{section*.156}
\BOOKMARK [3][-]{section*.188}{5.7.1 HYPRE\137SStructSysPFMGDestroy}{section*.186}
\BOOKMARK [3][-]{section*.189}{5.7.2 HYPRE\137SStructSysPFMGSetup}{section*.186}
\BOOKMARK [3][-]{section*.190}{5.7.3 HYPRE\137SStructSysPFMGSetZeroGuess}{section*.186}
\BOOKMARK [3][-]{section*.191}{5.7.4 HYPRE\137SStructSysPFMGSetNonZeroGuess}{section*.186}
\BOOKMARK [3][-]{section*.192}{5.7.5 HYPRE\137SStructSysPFMGSetRelaxType}{section*.186}
\BOOKMARK [3][-]{section*.193}{5.7.6 HYPRE\137SStructSysPFMGSetSkipRelax}{section*.186}
\BOOKMARK [2][-]{section*.194}{5.8 SStruct Split Solver}{section*.156}
\BOOKMARK [3][-]{section*.196}{5.8.1 HYPRE\137SStructSplitDestroy}{section*.194}
\BOOKMARK [3][-]{section*.197}{5.8.2 HYPRE\137SStructSplitSetup}{section*.194}
\BOOKMARK [3][-]{section*.198}{5.8.3 HYPRE\137SStructSplitSetZeroGuess}{section*.194}
\BOOKMARK [3][-]{section*.199}{5.8.4 HYPRE\137SStructSplitSetNonZeroGuess}{section*.194}
\BOOKMARK [3][-]{section*.200}{5.8.5 HYPRE\137SStructSplitSetStructSolver}{section*.194}
\BOOKMARK [2][-]{section*.201}{5.9 SStruct FAC Solver}{section*.156}
\BOOKMARK [3][-]{section*.203}{5.9.1 HYPRE\137SStructFACDestroy2}{section*.201}
\BOOKMARK [3][-]{section*.204}{5.9.2 HYPRE\137SStructFACAMR\137RAP}{section*.201}
\BOOKMARK [3][-]{section*.205}{5.9.3 HYPRE\137SStructFACZeroCFSten}{section*.201}
\BOOKMARK [3][-]{section*.206}{5.9.4 HYPRE\137SStructFACZeroFCSten}{section*.201}
\BOOKMARK [3][-]{section*.207}{5.9.5 HYPRE\137SStructFACZeroAMRMatrixData}{section*.201}
\BOOKMARK [3][-]{section*.208}{5.9.6 HYPRE\137SStructFACZeroAMRVectorData}{section*.201}
\BOOKMARK [3][-]{section*.209}{5.9.7 HYPRE\137SStructFACSetZeroGuess}{section*.201}
\BOOKMARK [3][-]{section*.210}{5.9.8 HYPRE\137SStructFACSetNonZeroGuess}{section*.201}
\BOOKMARK [3][-]{section*.211}{5.9.9 HYPRE\137SStructFACSetRelaxType}{section*.201}
\BOOKMARK [3][-]{section*.212}{5.9.10 HYPRE\137SStructFACSetCoarseSolverType}{section*.201}
\BOOKMARK [2][-]{section*.213}{5.10 SStruct Maxwell Solver}{section*.156}
\BOOKMARK [3][-]{section*.215}{5.10.1 HYPRE\137SStructMaxwellDestroy}{section*.213}
\BOOKMARK [3][-]{section*.216}{5.10.2 HYPRE\137SStructMaxwellSetup}{section*.213}
\BOOKMARK [3][-]{section*.217}{5.10.3 HYPRE\137SStructMaxwellSolve}{section*.213}
\BOOKMARK [3][-]{section*.218}{5.10.4 HYPRE\137SStructMaxwellSolve2}{section*.213}
\BOOKMARK [3][-]{section*.219}{5.10.5 HYPRE\137SStructMaxwellGrad}{section*.213}
\BOOKMARK [1][]{section*.220}{6 ParCSR Solvers}{}
\BOOKMARK [2][-]{section*.222}{6.1 ParCSR Solvers}{section*.220}
\BOOKMARK [2][-]{section*.224}{6.2 ParCSR BoomerAMG Solver and Preconditioner}{section*.220}
\BOOKMARK [3][-]{section*.226}{6.2.1 HYPRE\137BoomerAMGSetup}{section*.224}
\BOOKMARK [3][-]{section*.227}{6.2.2 HYPRE\137BoomerAMGSolve}{section*.224}
\BOOKMARK [3][-]{section*.228}{6.2.3 HYPRE\137BoomerAMGSolveT}{section*.224}
\BOOKMARK [3][-]{section*.229}{6.2.4 HYPRE\137BoomerAMGSetTol}{section*.224}
\BOOKMARK [3][-]{section*.230}{6.2.5 HYPRE\137BoomerAMGSetMaxIter}{section*.224}
\BOOKMARK [3][-]{section*.231}{6.2.6 HYPRE\137BoomerAMGSetMaxLevels}{section*.224}
\BOOKMARK [3][-]{section*.232}{6.2.7 HYPRE\137BoomerAMGSetStrongThreshold}{section*.224}
\BOOKMARK [3][-]{section*.233}{6.2.8 HYPRE\137BoomerAMGSetMaxRowSum}{section*.224}
\BOOKMARK [3][-]{section*.234}{6.2.9 HYPRE\137BoomerAMGSetCoarsenType}{section*.224}
\BOOKMARK [3][-]{section*.235}{6.2.10 HYPRE\137BoomerAMGSetCycleType}{section*.224}
\BOOKMARK [3][-]{section*.236}{6.2.11 HYPRE\137BoomerAMGSetNumGridSweeps}{section*.224}
\BOOKMARK [3][-]{section*.237}{6.2.12 HYPRE\137BoomerAMGSetNumSweeps}{section*.224}
\BOOKMARK [3][-]{section*.238}{6.2.13 HYPRE\137BoomerAMGSetCycleNumSweeps}{section*.224}
\BOOKMARK [3][-]{section*.239}{6.2.14 HYPRE\137BoomerAMGSetGridRelaxType}{section*.224}
\BOOKMARK [3][-]{section*.240}{6.2.15 HYPRE\137BoomerAMGSetRelaxType}{section*.224}
\BOOKMARK [3][-]{section*.241}{6.2.16 HYPRE\137BoomerAMGSetCycleRelaxType}{section*.224}
\BOOKMARK [3][-]{section*.242}{6.2.17 HYPRE\137BoomerAMGSetRelaxOrder}{section*.224}
\BOOKMARK [3][-]{section*.243}{6.2.18 HYPRE\137BoomerAMGSetGridRelaxPoints}{section*.224}
\BOOKMARK [3][-]{section*.244}{6.2.19 HYPRE\137BoomerAMGSetRelaxWeight}{section*.224}
\BOOKMARK [3][-]{section*.245}{6.2.20 HYPRE\137BoomerAMGSetRelaxWt}{section*.224}
\BOOKMARK [3][-]{section*.246}{6.2.21 HYPRE\137BoomerAMGSetLevelRelaxWt}{section*.224}
\BOOKMARK [3][-]{section*.247}{6.2.22 HYPRE\137BoomerAMGSetOmega}{section*.224}
\BOOKMARK [3][-]{section*.248}{6.2.23 HYPRE\137BoomerAMGSetOuterWt}{section*.224}
\BOOKMARK [3][-]{section*.249}{6.2.24 HYPRE\137BoomerAMGSetLevelOuterWt}{section*.224}
\BOOKMARK [3][-]{section*.250}{6.2.25 HYPRE\137BoomerAMGSetTruncFactor}{section*.224}
\BOOKMARK [3][-]{section*.251}{6.2.26 HYPRE\137BoomerAMGSetPMaxElmts}{section*.224}
\BOOKMARK [3][-]{section*.252}{6.2.27 HYPRE\137BoomerAMGSetSCommPkgSwitch}{section*.224}
\BOOKMARK [3][-]{section*.253}{6.2.28 HYPRE\137BoomerAMGSetInterpType}{section*.224}
\BOOKMARK [3][-]{section*.254}{6.2.29 HYPRE\137BoomerAMGSetSmoothType}{section*.224}
\BOOKMARK [3][-]{section*.255}{6.2.30 HYPRE\137BoomerAMGSetSmoothNumLevels}{section*.224}
\BOOKMARK [3][-]{section*.256}{6.2.31 HYPRE\137BoomerAMGSetSmoothNumSweeps}{section*.224}
\BOOKMARK [3][-]{section*.257}{6.2.32 HYPRE\137BoomerAMGSetPrintLevel}{section*.224}
\BOOKMARK [3][-]{section*.258}{6.2.33 HYPRE\137BoomerAMGSetLogging}{section*.224}
\BOOKMARK [3][-]{section*.259}{6.2.34 HYPRE\137BoomerAMGSetNumFunctions}{section*.224}
\BOOKMARK [3][-]{section*.260}{6.2.35 HYPRE\137BoomerAMGSetNodal}{section*.224}
\BOOKMARK [3][-]{section*.261}{6.2.36 HYPRE\137BoomerAMGSetNodalDiag}{section*.224}
\BOOKMARK [3][-]{section*.262}{6.2.37 HYPRE\137BoomerAMGSetDofFunc}{section*.224}
\BOOKMARK [3][-]{section*.263}{6.2.38 HYPRE\137BoomerAMGSetAggNumLevels}{section*.224}
\BOOKMARK [3][-]{section*.264}{6.2.39 HYPRE\137BoomerAMGSetNumPaths}{section*.224}
\BOOKMARK [3][-]{section*.265}{6.2.40 HYPRE\137BoomerAMGSetVariant}{section*.224}
\BOOKMARK [3][-]{section*.266}{6.2.41 HYPRE\137BoomerAMGSetOverlap}{section*.224}
\BOOKMARK [3][-]{section*.267}{6.2.42 HYPRE\137BoomerAMGSetDomainType}{section*.224}
\BOOKMARK [3][-]{section*.268}{6.2.43 HYPRE\137BoomerAMGSetSchwarzUseNonSymm}{section*.224}
\BOOKMARK [3][-]{section*.269}{6.2.44 HYPRE\137BoomerAMGSetSym}{section*.224}
\BOOKMARK [3][-]{section*.270}{6.2.45 HYPRE\137BoomerAMGSetLevel}{section*.224}
\BOOKMARK [3][-]{section*.271}{6.2.46 HYPRE\137BoomerAMGSetThreshold}{section*.224}
\BOOKMARK [3][-]{section*.272}{6.2.47 HYPRE\137BoomerAMGSetFilter}{section*.224}
\BOOKMARK [3][-]{section*.273}{6.2.48 HYPRE\137BoomerAMGSetDropTol}{section*.224}
\BOOKMARK [3][-]{section*.274}{6.2.49 HYPRE\137BoomerAMGSetMaxNzPerRow}{section*.224}
\BOOKMARK [3][-]{section*.275}{6.2.50 HYPRE\137BoomerAMGSetEuclidFile}{section*.224}
\BOOKMARK [3][-]{section*.276}{6.2.51 HYPRE\137BoomerAMGSetEuLevel}{section*.224}
\BOOKMARK [3][-]{section*.277}{6.2.52 HYPRE\137BoomerAMGSetEuSparseA}{section*.224}
\BOOKMARK [3][-]{section*.278}{6.2.53 HYPRE\137BoomerAMGSetEuBJ}{section*.224}
\BOOKMARK [3][-]{section*.279}{6.2.54 HYPRE\137BoomerAMGSetGSMG}{section*.224}
\BOOKMARK [2][-]{section*.280}{6.3 ParCSR ParaSails Preconditioner}{section*.220}
\BOOKMARK [3][-]{section*.282}{6.3.1 HYPRE\137ParaSailsSetup}{section*.280}
\BOOKMARK [3][-]{section*.283}{6.3.2 HYPRE\137ParaSailsSolve}{section*.280}
\BOOKMARK [3][-]{section*.284}{6.3.3 HYPRE\137ParaSailsSetParams}{section*.280}
\BOOKMARK [3][-]{section*.285}{6.3.4 HYPRE\137ParaSailsSetFilter}{section*.280}
\BOOKMARK [3][-]{section*.286}{6.3.5 HYPRE\137ParaSailsSetSym}{section*.280}
\BOOKMARK [3][-]{section*.287}{6.3.6 HYPRE\137ParaSailsSetLoadbal}{section*.280}
\BOOKMARK [3][-]{section*.288}{6.3.7 HYPRE\137ParaSailsSetReuse}{section*.280}
\BOOKMARK [3][-]{section*.289}{6.3.8 HYPRE\137ParaSailsSetLogging}{section*.280}
\BOOKMARK [3][-]{section*.290}{6.3.9 HYPRE\137ParaSailsBuildIJMatrix}{section*.280}
\BOOKMARK [2][-]{section*.291}{6.4 ParCSR Euclid Preconditioner }{section*.220}
\BOOKMARK [3][-]{section*.293}{6.4.1 HYPRE\137EuclidSetup}{section*.291}
\BOOKMARK [3][-]{section*.294}{6.4.2 HYPRE\137EuclidSolve}{section*.291}
\BOOKMARK [3][-]{section*.295}{6.4.3 HYPRE\137EuclidSetParams}{section*.291}
\BOOKMARK [3][-]{section*.296}{6.4.4 HYPRE\137EuclidSetParamsFromFile}{section*.291}
\BOOKMARK [3][-]{section*.297}{6.4.5 HYPRE\137EuclidSetSparseA}{section*.291}
\BOOKMARK [3][-]{section*.298}{6.4.6 HYPRE\137EuclidSetRowScale}{section*.291}
\BOOKMARK [2][-]{section*.299}{6.5 ParCSR Pilut Preconditioner}{section*.220}
\BOOKMARK [2][-]{section*.301}{6.6 ParCSR AMS Solver and Preconditioner}{section*.220}
\BOOKMARK [3][-]{section*.303}{6.6.1 HYPRE\137AMSSetup}{section*.301}
\BOOKMARK [3][-]{section*.304}{6.6.2 HYPRE\137AMSSolve}{section*.301}
\BOOKMARK [3][-]{section*.305}{6.6.3 HYPRE\137AMSSetDimension}{section*.301}
\BOOKMARK [3][-]{section*.306}{6.6.4 HYPRE\137AMSSetDiscreteGradient}{section*.301}
\BOOKMARK [3][-]{section*.307}{6.6.5 HYPRE\137AMSSetCoordinateVectors}{section*.301}
\BOOKMARK [3][-]{section*.308}{6.6.6 HYPRE\137AMSSetEdgeConstantVectors}{section*.301}
\BOOKMARK [3][-]{section*.309}{6.6.7 HYPRE\137AMSSetAlphaPoissonMatrix}{section*.301}
\BOOKMARK [3][-]{section*.310}{6.6.8 HYPRE\137AMSSetBetaPoissonMatrix}{section*.301}
\BOOKMARK [3][-]{section*.311}{6.6.9 HYPRE\137AMSSetMaxIter}{section*.301}
\BOOKMARK [3][-]{section*.312}{6.6.10 HYPRE\137AMSSetTol}{section*.301}
\BOOKMARK [3][-]{section*.313}{6.6.11 HYPRE\137AMSSetCycleType}{section*.301}
\BOOKMARK [3][-]{section*.314}{6.6.12 HYPRE\137AMSSetPrintLevel}{section*.301}
\BOOKMARK [3][-]{section*.315}{6.6.13 HYPRE\137AMSSetSmoothingOptions}{section*.301}
\BOOKMARK [3][-]{section*.316}{6.6.14 HYPRE\137AMSSetAlphaAMGOptions}{section*.301}
\BOOKMARK [3][-]{section*.317}{6.6.15 HYPRE\137AMSSetBetaAMGOptions}{section*.301}
\BOOKMARK [3][-]{section*.318}{6.6.16 HYPRE\137AMSConstructDiscreteGradient}{section*.301}
\BOOKMARK [2][-]{section*.319}{6.7 ParCSR Hybrid Solver}{section*.220}
\BOOKMARK [3][-]{section*.321}{6.7.1 HYPRE\137ParCSRHybridSetup}{section*.319}
\BOOKMARK [3][-]{section*.322}{6.7.2 HYPRE\137ParCSRHybridSolve}{section*.319}
\BOOKMARK [3][-]{section*.323}{6.7.3 HYPRE\137ParCSRHybridSetTol}{section*.319}
\BOOKMARK [3][-]{section*.324}{6.7.4 HYPRE\137ParCSRHybridSetAbsoluteTol}{section*.319}
\BOOKMARK [3][-]{section*.325}{6.7.5 HYPRE\137ParCSRHybridSetSolverType}{section*.319}
\BOOKMARK [3][-]{section*.326}{6.7.6 HYPRE\137ParCSRHybridSetKDim}{section*.319}
\BOOKMARK [3][-]{section*.327}{6.7.7 HYPRE\137ParCSRHybridSetStrongThreshold}{section*.319}
\BOOKMARK [3][-]{section*.328}{6.7.8 HYPRE\137ParCSRHybridSetMaxRowSum}{section*.319}
\BOOKMARK [3][-]{section*.329}{6.7.9 HYPRE\137ParCSRHybridSetTruncFactor}{section*.319}
\BOOKMARK [3][-]{section*.330}{6.7.10 HYPRE\137ParCSRHybridSetPMaxElmts}{section*.319}
\BOOKMARK [3][-]{section*.331}{6.7.11 HYPRE\137ParCSRHybridSetMaxLevels}{section*.319}
\BOOKMARK [3][-]{section*.332}{6.7.12 HYPRE\137ParCSRHybridSetCoarsenType}{section*.319}
\BOOKMARK [3][-]{section*.333}{6.7.13 HYPRE\137ParCSRHybridSetCycleType}{section*.319}
\BOOKMARK [3][-]{section*.334}{6.7.14 HYPRE\137ParCSRHybridSetNumSweeps}{section*.319}
\BOOKMARK [3][-]{section*.335}{6.7.15 HYPRE\137ParCSRHybridSetCycleNumSweeps}{section*.319}
\BOOKMARK [3][-]{section*.336}{6.7.16 HYPRE\137ParCSRHybridSetRelaxType}{section*.319}
\BOOKMARK [3][-]{section*.337}{6.7.17 HYPRE\137ParCSRHybridSetCycleRelaxType}{section*.319}
\BOOKMARK [3][-]{section*.338}{6.7.18 HYPRE\137ParCSRHybridSetRelaxOrder}{section*.319}
\BOOKMARK [3][-]{section*.339}{6.7.19 HYPRE\137ParCSRHybridSetRelaxWt}{section*.319}
\BOOKMARK [3][-]{section*.340}{6.7.20 HYPRE\137ParCSRHybridSetLevelRelaxWt}{section*.319}
\BOOKMARK [3][-]{section*.341}{6.7.21 HYPRE\137ParCSRHybridSetOuterWt}{section*.319}
\BOOKMARK [3][-]{section*.342}{6.7.22 HYPRE\137ParCSRHybridSetLevelOuterWt}{section*.319}
\BOOKMARK [3][-]{section*.343}{6.7.23 HYPRE\137ParCSRHybridSetAggNumLevels}{section*.319}
\BOOKMARK [3][-]{section*.344}{6.7.24 HYPRE\137ParCSRHybridSetNumPaths}{section*.319}
\BOOKMARK [3][-]{section*.345}{6.7.25 HYPRE\137ParCSRHybridSetNumFunctions}{section*.319}
\BOOKMARK [3][-]{section*.346}{6.7.26 HYPRE\137ParCSRHybridSetDofFunc}{section*.319}
\BOOKMARK [3][-]{section*.347}{6.7.27 HYPRE\137ParCSRHybridSetNodal}{section*.319}
\BOOKMARK [2][-]{section*.348}{6.8 ParCSR PCG Solver}{section*.220}
\BOOKMARK [3][-]{section*.350}{6.8.1 HYPRE\137ParCSRPCGSetAbsoluteTol}{section*.348}
\BOOKMARK [2][-]{section*.351}{6.9 ParCSR GMRES Solver}{section*.220}
\BOOKMARK [3][-]{section*.353}{6.9.1 HYPRE\137ParCSRGMRESSetAbsoluteTol}{section*.351}
\BOOKMARK [2][-]{section*.354}{6.10 ParCSR FlexGMRES Solver}{section*.220}
\BOOKMARK [3][-]{section*.356}{6.10.1 HYPRE\137ParCSRFlexGMRESSetAbsoluteTol}{section*.354}
\BOOKMARK [2][-]{section*.357}{6.11 ParCSR LGMRES Solver}{section*.220}
\BOOKMARK [3][-]{section*.359}{6.11.1 HYPRE\137ParCSRLGMRESSolve}{section*.357}
\BOOKMARK [3][-]{section*.360}{6.11.2 HYPRE\137ParCSRLGMRESSetAbsoluteTol}{section*.357}
\BOOKMARK [2][-]{section*.361}{6.12 ParCSR BiCGSTAB Solver}{section*.220}
\BOOKMARK [3][-]{section*.363}{6.12.1 HYPRE\137ParCSRBiCGSTABSetTol}{section*.361}
\BOOKMARK [3][-]{section*.364}{6.12.2 HYPRE\137ParCSRBiCGSTABSetAbsoluteTol}{section*.361}
\BOOKMARK [3][-]{section*.365}{6.12.3 HYPRE\137ParCSRBiCGSTABSetStopCrit}{section*.361}
\BOOKMARK [3][-]{section*.366}{6.12.4 HYPRE\137ParCSRBiCGSTABSetLogging}{section*.361}
\BOOKMARK [3][-]{section*.367}{6.12.5 HYPRE\137ParCSRBiCGSTABSetPrintLevel}{section*.361}
\BOOKMARK [1][]{section*.368}{7 Krylov Solvers}{}
\BOOKMARK [2][-]{section*.370}{7.1 Krylov Solvers}{section*.368}
\BOOKMARK [2][-]{section*.372}{7.2 PCG Solver}{section*.368}
\BOOKMARK [3][-]{section*.374}{7.2.1 HYPRE\137PCGSetup}{section*.372}
\BOOKMARK [3][-]{section*.375}{7.2.2 HYPRE\137PCGSetAbsoluteTol}{section*.372}
\BOOKMARK [2][-]{section*.376}{7.3 GMRES Solver}{section*.368}
\BOOKMARK [3][-]{section*.378}{7.3.1 HYPRE\137GMRESSetup}{section*.376}
\BOOKMARK [3][-]{section*.379}{7.3.2 HYPRE\137GMRESSetAbsoluteTol}{section*.376}
\BOOKMARK [2][-]{section*.380}{7.4 FlexGMRES Solver}{section*.368}
\BOOKMARK [3][-]{section*.382}{7.4.1 HYPRE\137FlexGMRESSetup}{section*.380}
\BOOKMARK [3][-]{section*.383}{7.4.2 HYPRE\137FlexGMRESSetAbsoluteTol}{section*.380}
\BOOKMARK [2][-]{section*.384}{7.5 BiCGSTAB Solver}{section*.368}
\BOOKMARK [3][-]{section*.386}{7.5.1 HYPRE\137BiCGSTABSetup}{section*.384}
\BOOKMARK [3][-]{section*.387}{7.5.2 HYPRE\137BiCGSTABSetAbsoluteTol}{section*.384}
\BOOKMARK [2][-]{section*.388}{7.6 LGMRES Solver}{section*.368}
\BOOKMARK [3][-]{section*.390}{7.6.1 HYPRE\137LGMRESSetup}{section*.388}
\BOOKMARK [3][-]{section*.391}{7.6.2 HYPRE\137LGMRESSolve}{section*.388}
\BOOKMARK [3][-]{section*.392}{7.6.3 HYPRE\137LGMRESSetAbsoluteTol}{section*.388}
\BOOKMARK [2][-]{section*.393}{7.7 CGNR Solver}{section*.368}
\BOOKMARK [3][-]{section*.395}{7.7.1 HYPRE\137CGNRSetup}{section*.393}
\BOOKMARK [1][]{section*.396}{8 Finite Element Interface}{}
\BOOKMARK [2][-]{section*.398}{8.1 FEI Functions }{section*.396}
\BOOKMARK [3][-]{section*.400}{8.1.1 LLNL\137FEI\137Impl}{section*.398}
\BOOKMARK [3][-]{section*.401}{8.1.2 LLNL\137FEI\137Impl}{section*.398}
\BOOKMARK [3][-]{section*.402}{8.1.3 parameters}{section*.398}
\BOOKMARK [3][-]{section*.403}{8.1.4 initFields}{section*.398}
\BOOKMARK [3][-]{section*.404}{8.1.5 initElemBlock}{section*.398}
\BOOKMARK [3][-]{section*.405}{8.1.6 initElem}{section*.398}
\BOOKMARK [3][-]{section*.406}{8.1.7 initSharedNodes}{section*.398}
\BOOKMARK [3][-]{section*.407}{8.1.8 initCRMult}{section*.398}
\BOOKMARK [3][-]{section*.408}{8.1.9 initComplete}{section*.398}
\BOOKMARK [3][-]{section*.409}{8.1.10 resetSystem}{section*.398}
\BOOKMARK [3][-]{section*.410}{8.1.11 resetMatrix}{section*.398}
\BOOKMARK [3][-]{section*.411}{8.1.12 resetRHSVector}{section*.398}
\BOOKMARK [3][-]{section*.412}{8.1.13 resetInitialGuess}{section*.398}
\BOOKMARK [3][-]{section*.413}{8.1.14 loadNodeBCs}{section*.398}
\BOOKMARK [3][-]{section*.414}{8.1.15 sumInElem}{section*.398}
\BOOKMARK [3][-]{section*.415}{8.1.16 sumInElemMatrix}{section*.398}
\BOOKMARK [3][-]{section*.416}{8.1.17 sumInElemRHS}{section*.398}
\BOOKMARK [3][-]{section*.417}{8.1.18 loadComplete}{section*.398}
\BOOKMARK [3][-]{section*.418}{8.1.19 getNumBlockActNodes}{section*.398}
\BOOKMARK [3][-]{section*.419}{8.1.20 getNumBlockActEqns}{section*.398}
\BOOKMARK [3][-]{section*.420}{8.1.21 getBlockNodeIDList}{section*.398}
\BOOKMARK [3][-]{section*.421}{8.1.22 getBlockNodeSolution}{section*.398}
\BOOKMARK [3][-]{section*.422}{8.1.23 loadCRMult}{section*.398}
\BOOKMARK [2][-]{section*.423}{8.2 FEI Solver Parameters}{section*.396}
\BOOKMARK [3][-]{section*.425}{8.2.1 Solvers}{section*.423}
\BOOKMARK [3][-]{section*.426}{8.2.2 BoomerAMG}{section*.423}
\BOOKMARK [3][-]{section*.427}{8.2.3 MLI}{section*.423}
\BOOKMARK [3][-]{section*.428}{8.2.4 Various}{section*.423}
\BOOKMARK [3][-]{section*.429}{8.2.5 Reduction}{section*.423}
\BOOKMARK [3][-]{section*.430}{8.2.6 Diagnostics}{section*.423}
\BOOKMARK [3][-]{section*.431}{8.2.7 Miscellaneous}{section*.423}
