This file contains any messages produced by compilers while
running configure, to aid debugging if configure makes a mistake.

It was created by babel-runtime configure 0.7.5, which was
generated by GNU Autoconf 2.52.  Invocation command line was

  $ ./configure --with-babel --enable-debug --cache-file=.././config.cache --srcdir=.

## ---------- ##
## Platform.  ##
## ---------- ##

hostname = tux113.llnl.gov
uname -m = i686
uname -r = 2.4.9-31smp
uname -s = Linux
uname -v = #1 SMP Tue Feb 26 06:55:00 EST 2002

/usr/bin/uname -p = unknown
/bin/uname -X     = unknown

/bin/arch              = i686
/usr/bin/arch -k       = unknown
/usr/convex/getsysinfo = unknown
hostinfo               = unknown
/bin/machine           = unknown
/usr/bin/oslevel       = unknown
/bin/universe          = unknown

PATH = /home/painter/bin:/usr/apps/mpich/1.2.3/bin:/home/painter/bin:/usr/apps/mpich/1.2.3/bin:/home/painter/bin:/usr/apps/mpich/1.2.3/bin:/home/painter/bin:/usr/apps/mpich/1.2.3/bin:/bin:/usr/bin:/usr/bin/X11:/usr/local/bin:/usr/bin:/usr/X11R6/bin:/usr/apps/bin:/usr/apps/ParaSoft/insure++6.0/bin.linux2:/usr/apps/pgi/3.2/linux86/bin:/usr/java/jdk1.3.1_02/bin:/usr/sbin:/home/painter/bin:.:/usr/X11R6/bin:/usr/sbin:/home/painter/bin:.:/usr/sbin:/home/painter/bin:.:/usr/sbin:/home/painter/bin:.

## ------------ ##
## Core tests.  ##
## ------------ ##

configure:1083: loading cache .././config.cache
configure:1162: PATH=".;."; conftest.sh
./configure: conftest.sh: command not found
configure:1165: $? = 127
configure:1207: checking build system type
configure:1225: result: i686-pc-linux-gnu
configure:1232: checking host system type
configure:1246: result: i686-pc-linux-gnu
configure:1253: checking target system type
configure:1267: result: i686-pc-linux-gnu
configure:1293: checking for a BSD compatible install
configure:1342: result: /usr/bin/install -c
configure:1353: checking whether build environment is sane
configure:1396: result: yes
configure:1428: checking for mawk
configure:1451: result: gawk
configure:1461: checking whether make sets ${MAKE}
configure:1481: result: yes
configure:1615: checking for automake/aclocal version
configure:1626: result: 1.4-p5 (disabled)
configure:1630: checking for autoconf/autoheader version
configure:1641: result: 2.13 (disabled)
configure:1691: checking for a BSD compatible install
configure:1740: result: /usr/bin/install -c
configure:1755: checking for mawk
configure:1778: result: gawk
configure:1806: checking for style of include used by make
configure:1833: result: GNU
configure:1898: checking for gcc
configure:1921: result: gcc
configure:2149: checking for C compiler version
configure:2152: gcc --version </dev/null >&5
2.96
configure:2155: $? = 0
configure:2157: gcc -v </dev/null >&5
Reading specs from /usr/lib/gcc-lib/i386-redhat-linux/2.96/specs
gcc version 2.96 20000731 (Red Hat Linux 7.1 2.96-98)
configure:2160: $? = 0
configure:2162: gcc -V </dev/null >&5
gcc: argument to `-V' is missing
configure:2165: $? = 1
configure:2185: checking for C compiler default output
configure:2188: gcc    conftest.c  >&5
configure:2191: $? = 0
configure:2220: result: a.out
configure:2225: checking whether the C compiler works
configure:2231: ./a.out
configure:2234: $? = 0
configure:2249: result: yes
configure:2256: checking whether we are cross compiling
configure:2258: result: no
configure:2261: checking for executable suffix
configure:2263: gcc -o conftest    conftest.c  >&5
configure:2266: $? = 0
configure:2288: result: 
configure:2294: checking for object suffix
configure:2334: result: o
configure:2338: checking whether we are using the GNU C compiler
configure:2380: result: yes
configure:2386: checking whether gcc accepts -g
configure:2423: result: yes
configure:2450: gcc -c -g -O2  conftest.c >&5
conftest.c:2: parse error before `me'
configure:2453: $? = 1
configure: failed program was:
#ifndef __cplusplus
  choke me
#endif
configure:2553: checking dependency style of gcc
configure:2615: result: none
configure:2624: checking how to run the C preprocessor
configure:2726: result: gcc -E
configure:2741: gcc -E  conftest.c
configure:2747: $? = 0
configure:2774: gcc -E  conftest.c
configure:2771:28: ac_nonexistent.h: No such file or directory
configure:2780: $? = 1
configure: failed program was:
#line 2770 "configure"
#include "confdefs.h"
#include <ac_nonexistent.h>
configure:2857: checking for ranlib
configure:2881: result: ranlib
configure:2903: checking for ld used by GCC
configure:2966: result: ld
configure:2975: checking if the linker (ld) is GNU ld
configure:2987: result: yes
configure:2991: checking whether ln -s works
configure:2995: result: yes
configure:3006: checking for perl
configure:3029: result: perl
configure:3044: checking for gcc option to accept ANSI C
configure:3127: result: none needed
configure:3141: checking for sys/types.h
configure:3172: result: yes
configure:3141: checking for sys/stat.h
configure:3172: result: yes
configure:3141: checking for stdlib.h
configure:3172: result: yes
configure:3141: checking for string.h
configure:3172: result: yes
configure:3141: checking for memory.h
configure:3172: result: yes
configure:3141: checking for strings.h
configure:3172: result: yes
configure:3141: checking for inttypes.h
configure:3172: result: yes
configure:3141: checking for stdint.h
configure:3172: result: yes
configure:3141: checking for unistd.h
configure:3172: result: yes
configure:3182: checking whether lstat dereferences a symlink specified with a trailing slash
configure:3237: result: yes
configure:3297: checking for gcc
configure:3320: result: gcc
configure:3548: checking for C compiler version
configure:3551: gcc --version </dev/null >&5
2.96
configure:3554: $? = 0
configure:3556: gcc -v </dev/null >&5
Reading specs from /usr/lib/gcc-lib/i386-redhat-linux/2.96/specs
gcc version 2.96 20000731 (Red Hat Linux 7.1 2.96-98)
configure:3559: $? = 0
configure:3561: gcc -V </dev/null >&5
gcc: argument to `-V' is missing
configure:3564: $? = 1
configure:3567: checking whether we are using the GNU C compiler
configure:3609: result: yes
configure:3615: checking whether gcc accepts -g
configure:3652: result: yes
configure:3679: gcc -c -g -O2  conftest.c >&5
conftest.c:2: parse error before `me'
configure:3682: $? = 1
configure: failed program was:
#ifndef __cplusplus
  choke me
#endif
configure:3782: checking dependency style of gcc
configure:3844: result: none
configure:3854: checking for dirent.h that defines DIR
configure:3894: result: yes
configure:3907: checking for opendir in -ldir
configure:3954: result: no
configure:4016: checking for ANSI C header files
configure:4144: result: yes
configure:4157: checking for inttypes.h
configure:4192: result: yes
configure:4157: checking for malloc.h
configure:4192: result: yes
configure:4157: checking for memory.h
configure:4192: result: yes
configure:4157: checking for stddef.h
configure:4192: result: yes
configure:4157: checking for stdlib.h
configure:4192: result: yes
configure:4157: checking for string.h
configure:4192: result: yes
configure:4157: checking for strings.h
configure:4192: result: yes
configure:4157: checking for unistd.h
configure:4192: result: yes
configure:4157: checking for ctype.h
configure:4192: result: yes
configure:4157: checking for sys/stat.h
configure:4192: result: yes
configure:4157: checking for sys/types.h
configure:4192: result: yes
configure:4203: checking for an ANSI C-conforming const
configure:4286: result: yes
configure:4296: checking for size_t
configure:4336: result: yes
configure:4348: checking for ptrdiff_t
configure:4388: result: yes
configure:4398: checking for short
configure:4438: result: yes
configure:4441: checking size of short
configure:4629: result: 2
configure:4635: checking for int
configure:4675: result: yes
configure:4678: checking size of int
configure:4866: result: 4
configure:4872: checking for long
configure:4912: result: yes
configure:4915: checking size of long
configure:5103: result: 4
configure:5109: checking for type long long
configure:5154: result: yes
configure:5156: checking for long long
configure:5196: result: yes
configure:5199: checking size of long long
configure:5387: result: 8
configure:5393: checking for 32 bit signed int
configure:5412: result: int
configure:5419: checking for int32_t
configure:5477: result: yes
configure:5495: checking for 64 bit signed integer
configure:5514: result: long long
configure:5521: checking for int64_t
configure:5579: result: yes
configure:5597: checking for void *
configure:5637: result: yes
configure:5640: checking size of void *
configure:5828: result: 4
configure:5834: checking for C restrict keyword
configure:5891: result: __restrict__
configure:5908: checking for stdlib.h
configure:5943: result: yes
configure:5953: checking for working malloc
configure:5999: result: yes
configure:6009: checking whether stat accepts an empty string
configure:6051: result: no
configure:6065: checking for atexit
configure:6121: result: yes
configure:6065: checking for getcwd
configure:6121: result: yes
configure:6065: checking for memset
configure:6121: result: yes
configure:6065: checking for strchr
configure:6121: result: yes
configure:6065: checking for strdup
configure:6121: result: yes
configure:6065: checking for strrchr
configure:6121: result: yes
configure:6196: checking for g77
configure:6219: result: g77
configure:6233: checking for Fortran 77 compiler version
configure:6236: g77 --version </dev/null >&5
GNU Fortran 0.5.26 20000731 (Red Hat Linux 7.1 2.96-98)
Copyright (C) 1997 Free Software Foundation, Inc.
For more version information on components of the GNU Fortran
compilation system, especially useful when reporting bugs,
type the command `g77 --verbose'.

GNU Fortran comes with NO WARRANTY, to the extent permitted by law.
You may redistribute copies of GNU Fortran
under the terms of the GNU General Public License.
For more information about these matters, see the file named COPYING
or type the command `info -f g77 Copying'.
configure:6239: $? = 0
configure:6241: g77 -v </dev/null >&5
g77 version 2.96 20000731 (Red Hat Linux 7.1 2.96-98) (from FSF-g77 version 0.5.26 20000731 (Red Hat Linux 7.1 2.96-98))
Driving: g77 -v -c -xf77-version /dev/null -xnone
Reading specs from /usr/lib/gcc-lib/i386-redhat-linux/2.96/specs
gcc version 2.96 20000731 (Red Hat Linux 7.1 2.96-98)
 /usr/lib/gcc-lib/i386-redhat-linux/2.96/tradcpp0 -lang-fortran -v -D__GNUC__=2 -D__GNUC_MINOR__=96 -D__GNUC_PATCHLEVEL__=0 -D__ELF__ -Dunix -Dlinux -D__ELF__ -D__unix__ -D__linux__ -D__unix -D__linux -Asystem(posix) -D__NO_INLINE__ -Acpu(i386) -Amachine(i386) -Di386 -D__i386 -D__i386__ -D__tune_i386__ /dev/null /dev/null
GNU traditional CPP version 2.96 20000731 (Red Hat Linux 7.1 2.96-98)
 /usr/lib/gcc-lib/i386-redhat-linux/2.96/f771 -fnull-version -quiet -dumpbase g77-version.f -version -fversion -o /tmp/ccCOmila.s /dev/null
GNU F77 version 2.96 20000731 (Red Hat Linux 7.1 2.96-98) (i386-redhat-linux) compiled by GNU C version 2.96 20000731 (Red Hat Linux 7.1 2.96-98).
GNU Fortran Front End version 0.5.26 20000731 (Red Hat Linux 7.1 2.96-98)
 as -V -Qy -o /tmp/ccGkNetd.o /tmp/ccCOmila.s
GNU assembler version 2.11.90.0.8 (i386-redhat-linux) using BFD version 2.11.90.0.8
 ld -m elf_i386 -dynamic-linker /lib/ld-linux.so.2 -o /tmp/ccee8zah /tmp/ccGkNetd.o /usr/lib/gcc-lib/i386-redhat-linux/2.96/../../../crt1.o /usr/lib/gcc-lib/i386-redhat-linux/2.96/../../../crti.o /usr/lib/gcc-lib/i386-redhat-linux/2.96/crtbegin.o -L/usr/lib/gcc-lib/i386-redhat-linux/2.96 -L/usr/lib/gcc-lib/i386-redhat-linux/2.96/../../.. -lg2c -lm -lgcc -lc -lgcc /usr/lib/gcc-lib/i386-redhat-linux/2.96/crtend.o /usr/lib/gcc-lib/i386-redhat-linux/2.96/../../../crtn.o
 /tmp/ccee8zah
__G77_LIBF77_VERSION__: 0.5.26 20000731 (prerelease)
@(#)LIBF77 VERSION 19991115
__G77_LIBI77_VERSION__: 0.5.26 20000731 (prerelease)
@(#) LIBI77 VERSION pjw,dmg-mods 19991115
__G77_LIBU77_VERSION__: 0.5.26 20000731 (prerelease)
@(#) LIBU77 VERSION 19980709
configure:6244: $? = 0
configure:6246: g77 -V </dev/null >&5
g77: argument to `-V' missing
configure:6249: $? = 1
configure:6256: checking whether we are using the GNU Fortran 77 compiler
configure:6291: result: yes
configure:6298: checking whether g77 accepts -g
configure:6330: result: yes
configure:6355: checking if gcc linker needs a special library for g77 main
configure:6387: result: no
configure:6394: checking how to get verbose linking output from g77
configure:6481: result: -v
configure:6483: checking for Fortran 77 libraries
configure:6664: result:  -L/usr/lib/gcc-lib/i386-redhat-linux/2.96 -L/usr/lib/gcc-lib/i386-redhat-linux/2.96/../../.. -lg2c -lm
configure:6674: checking for dummy main to link with Fortran 77 libraries
configure:6775: result: none
configure:6844: checking for Fortran 77 name-mangling scheme
configure:7043: result: lower case, underscore, extra underscore
configure:7190: checking whether the compiler implements namespaces
configure:7246: result: yes
configure:7320: checking for g++
configure:7343: result: g++
configure:7358: checking for C++ compiler version
configure:7361: g++ --version </dev/null >&5
2.96
configure:7364: $? = 0
configure:7366: g++ -v </dev/null >&5
Reading specs from /usr/lib/gcc-lib/i386-redhat-linux/2.96/specs
gcc version 2.96 20000731 (Red Hat Linux 7.1 2.96-98)
configure:7369: $? = 0
configure:7371: g++ -V </dev/null >&5
g++: argument to `-V' missing

configure:7374: $? = 1
configure:7377: checking whether we are using the GNU C++ compiler
configure:7425: result: yes
configure:7431: checking whether g++ accepts -g
configure:7474: result: yes
configure:7520: g++ -c -g -O2  conftest.cc >&5
configure:7523: $? = 0
configure:7526: test -s conftest.o
configure:7529: $? = 0
configure:7557: g++ -c -g -O2  conftest.cc >&5
configure: In function `int main ()':
configure:7550: `exit' undeclared (first use this function)
configure:7550: (Each undeclared identifier is reported only once for 
each function it appears in.)
configure:7560: $? = 1
configure: failed program was:
#line 7539 "configure"
#include "confdefs.h"

#ifdef F77_DUMMY_MAIN
#  ifdef __cplusplus
     extern "C"
#  endif
   int F77_DUMMY_MAIN() { return 1; }
#endif
int
main ()
{
exit (42);
  ;
  return 0;
}
configure:7520: g++ -c -g -O2  conftest.cc >&5
configure:7523: $? = 0
configure:7526: test -s conftest.o
configure:7529: $? = 0
configure:7557: g++ -c -g -O2  conftest.cc >&5
configure:7560: $? = 0
configure:7563: test -s conftest.o
configure:7566: $? = 0
configure:7590: checking dependency style of g++
configure:7652: result: none
configure:7662: checking for C++ libraries
configure:7757: result:  -L/usr/lib/gcc-lib/i386-redhat-linux/2.96 -L/usr/lib/gcc-lib/i386-redhat-linux/2.96/../../.. -lstdc++ -lm -lgcc -lc
configure:7769: checking if g++ requires requires old .h-style header includes
configure:7826: result: no
configure:7835: checking whether the compiler supports ISO C++ standard library
configure:7897: result: yes
configure:7907: checking whether the compiler supports Standard Template Library
configure:7968: result: yes
configure:7978: checking whether the compiler has numeric_limits<T>
configure:8037: result: no
configure:8047: checking whether complex math functions are in std::
configure:8108: result: yes
configure:8118: checking whether the compiler has complex<T>
configure:8177: result: yes
configure:8187: checking whether the compiler has complex math functions
configure:8252: result: no
configure:8262: checking whether the compiler has more complex math functions
configure:8326: result: no
configure:8336: checking whether the compiler supports IEEE math library
configure:8408: result: yes
configure:8569: checking if javac works
configure:8599: result: yes
configure:8686: checking for uudecode
configure:8709: result: yes
configure:8717: checking if uudecode can decode base 64 file
configure:8744: result: yes
configure:8875: checking if java works
configure:8924: result: yes
configure:8932: checking for jar
configure:8955: result: jar
configure:9014: checking for jdb
configure:9037: result: jdb
configure:9096: checking for javadoc
configure:9119: result: javadoc
configure:9175: checking for javah
configure:9203: result: /usr/java/j2sdk1.4.0/bin/javah
configure:9216: gcc -E  conftest.c
configure:9213:17: jni.h: No such file or directory
configure:9222: $? = 1
configure: failed program was:
#line 9212 "configure"
#include "confdefs.h"
#include <jni.h>
configure:9247: gcc -E  -I/usr/java/j2sdk1.4.0/include -I/usr/java/j2sdk1.4.0/include/linux conftest.c
configure:9253: $? = 0
configure:9285: javac  Test.java
configure:9288: $? = 0
configure:9301: checking for jni.h
configure:9336: result: yes
configure:9386: checking for python
configure:9409: result: python
configure:9424: checking for BSD-compatible nm
configure:9460: result: /usr/bin/nm -B
configure:9464: checking command to parse /usr/bin/nm -B output
configure:9647: result: ok
configure:9654: checking for dlfcn.h
configure:9689: result: yes
configure:9782: checking for objdir
configure:9793: result: .libs
configure:9808: checking for gcc option to produce PIC
configure:9958: result:                     -fPIC
configure:9962: checking if gcc PIC flag                     -fPIC works
configure:10033: result: yes
configure:10049: checking if gcc static flag -static works
configure:10099: result: yes
configure:10110: checking if gcc supports -c -o file.o
configure:10154: result: yes
configure:10159: checking if gcc supports -c -o file.lo
configure:10216: result: 
configure:10247: checking if gcc supports -fno-rtti -fno-exceptions
configure:10272: gcc -c -g -O2 -fno-rtti -fno-exceptions -c conftest.c  -I/usr/java/j2sdk1.4.0/include -I/usr/java/j2sdk1.4.0/include/linux conftest.c >&5
configure:10275: $? = 0
configure:10278: test -s conftest.o
configure:10281: $? = 0
configure:10297: result: yes
configure:10308: checking whether the linker (ld) supports shared libraries
configure:10920: result: yes
configure:10925: checking how to hardcode library paths into programs
configure:10949: result: immediate
configure:10954: checking whether stripping libraries is possible
configure:10962: result: no
configure:10970: checking dynamic linker characteristics
configure:11352: result: GNU/Linux ld.so
configure:11357: checking if libtool supports shared libraries
configure:11359: result: yes
configure:12547: checking which extension is used for shared libraries
configure:12561: result: .so
configure:12571: checking which variable specifies run-time library path
configure:12578: result: LD_LIBRARY_PATH
configure:12600: checking for Python version
configure:12609: result: 1.5
configure:12611: checking for Python library path
configure:12621: result: /usr/lib/python1.5
configure:12623: checking for Python include path
configure:12633: result: /usr/include/python1.5
configure:12645: checking for Numerical Python
configure:12666: result: no
configure:12669: checking if Python shared library is available
configure:12711: result: no
configure:12717: WARNING: Configuration for Python failed.  Support for Python disabled!
configure:12840: checking for ld option to reload object files
configure:12847: result: -r
configure:12852: checking how to recognise dependant libraries
configure:13020: result: pass_all
configure:13202: checking for ranlib
configure:13226: result: ranlib
configure:13276: checking for strip
configure:13300: result: :
configure:13832: checking for objdir
configure:13843: result: .libs
configure:13858: checking for gcc option to produce PIC
configure:14008: result:                      -fPIC
configure:14012: checking if gcc PIC flag                      -fPIC works
configure:14083: result: yes
configure:14099: checking if gcc static flag -static works
configure:14149: result: yes
configure:14160: checking if gcc supports -c -o file.o
configure:14204: result: yes
configure:14209: checking if gcc supports -c -o file.lo
configure:14266: result: 
configure:14297: checking if gcc supports -fno-rtti -fno-exceptions
configure:14322: gcc -c -g -O2 -fno-rtti -fno-exceptions -c conftest.c  -I/usr/java/j2sdk1.4.0/include -I/usr/java/j2sdk1.4.0/include/linux conftest.c >&5
configure:14325: $? = 0
configure:14328: test -s conftest.o
configure:14331: $? = 0
configure:14347: result: yes
configure:14358: checking whether the linker (ld) supports shared libraries
configure:14970: result: yes
configure:14975: checking how to hardcode library paths into programs
configure:14999: result: immediate
configure:15004: checking whether stripping libraries is possible
configure:15012: result: no
configure:15020: checking dynamic linker characteristics
configure:15402: result: GNU/Linux ld.so
configure:15407: checking if libtool supports shared libraries
configure:15409: result: yes
configure:15447: checking for dlopen in -ldl
configure:15500: result: yes
configure:15784: checking whether a program can dlopen itself
configure:15876: result: yes
configure:15881: checking whether a statically linked program can dlopen itself
configure:15973: result: no
configure:16627: checking for the default library search path
configure:16634: result: /lib /usr/lib
configure:16656: checking for objdir
configure:16676: result: .libs
configure:16683: checking whether libtool supports -dlopen/-dlpreopen
configure:16695: result: yes
configure:16706: checking for dlopen in -ldl
configure:16759: result: yes
configure:16907: checking for shl_load
configure:16969: result: no
configure:16978: checking for shl_load in -ldld
configure:17031: result: no
configure:17044: checking for dld_link in -ldld
configure:17097: result: no
configure:17114: checking for dlerror
configure:17176: result: yes
configure:17189: checking for _ prefix in compiled symbols
configure:17232: result: no
configure:17348: checking whether deplibs are loaded by dlopen
configure:17368: result: yes
configure:17384: checking for malloc.h
configure:17419: result: yes
configure:17384: checking for memory.h
configure:17419: result: yes
configure:17384: checking for stdlib.h
configure:17419: result: yes
configure:17384: checking for stdio.h
configure:17419: result: yes
configure:17384: checking for ctype.h
configure:17419: result: yes
configure:17384: checking for dl.h
configure:17419: result: no
configure:17384: checking for sys/dl.h
configure:17419: result: no
configure:17384: checking for dld.h
configure:17419: result: no
configure:17432: checking for string.h
configure:17467: result: yes
configure:17480: checking for strchr
configure:17542: result: yes
configure:17555: checking for strrchr
configure:17617: result: yes
configure:17630: checking for memcpy
configure:17692: result: yes
configure:17705: checking for strcmp
configure:17767: result: yes
configure:18006: creating ./config.status

## ----------------------- ##
## Running config.status.  ##
## ----------------------- ##

This file was extended by config.status (babel-runtime 0.7.5) 2.52, executed with
  CONFIG_FILES    = 
  CONFIG_HEADERS  = 
  CONFIG_LINKS    = 
  CONFIG_COMMANDS = 
  > ./config.status 
on tux113.llnl.gov

config.status:18556: creating Makefile
config.status:18556: creating bin/Makefile
config.status:18556: creating config/Makefile
config.status:18556: creating java/Makefile
config.status:18556: creating sidl/Makefile
config.status:18648: creating sidl/babel_config.h

## ----------------- ##
## Cache variables.  ##
## ----------------- ##

ac_cv_build=i686-pc-linux-gnu
ac_cv_build_alias=i686-pc-linux
ac_cv_c_compiler_gnu=yes
ac_cv_c_const=yes
ac_cv_c_long_long=yes
ac_cv_cxx_compiler_gnu=yes
ac_cv_cxx_complex_math_in_namespace_std=yes
ac_cv_cxx_have_complex=yes
ac_cv_cxx_have_complex_math1=no
ac_cv_cxx_have_complex_math2=no
ac_cv_cxx_have_ieee_math=yes
ac_cv_cxx_have_numeric_limits=no
ac_cv_cxx_have_std=yes
ac_cv_cxx_have_stl=yes
ac_cv_cxx_libs=$' -L/usr/lib/gcc-lib/i386-redhat-linux/2.96 -L/usr/lib/gcc-lib/i386-redhat-linux/2.96/../../.. -lstdc++ -lm -lgcc -lc'
ac_cv_cxx_namespaces=yes
ac_cv_env_CC_set=
ac_cv_env_CC_value=
ac_cv_env_CFLAGS_set=
ac_cv_env_CFLAGS_value=
ac_cv_env_CPPFLAGS_set=
ac_cv_env_CPPFLAGS_value=
ac_cv_env_CPP_set=
ac_cv_env_CPP_value=
ac_cv_env_CXXFLAGS_set=
ac_cv_env_CXXFLAGS_value=
ac_cv_env_CXX_set=
ac_cv_env_CXX_value=
ac_cv_env_F77_set=
ac_cv_env_F77_value=
ac_cv_env_FFLAGS_set=
ac_cv_env_FFLAGS_value=
ac_cv_env_LDFLAGS_set=
ac_cv_env_LDFLAGS_value=
ac_cv_env_build_alias_set=
ac_cv_env_build_alias_value=
ac_cv_env_host_alias_set=
ac_cv_env_host_alias_value=
ac_cv_env_target_alias_set=
ac_cv_env_target_alias_value=
ac_cv_exeext=
ac_cv_f77_compiler_gnu=yes
ac_cv_f77_dummy_main=none
ac_cv_f77_mangling=$'lower case, underscore, extra underscore'
ac_cv_flibs=$' -L/usr/lib/gcc-lib/i386-redhat-linux/2.96 -L/usr/lib/gcc-lib/i386-redhat-linux/2.96/../../.. -lg2c -lm'
ac_cv_func_atexit=yes
ac_cv_func_dlerror=yes
ac_cv_func_getcwd=yes
ac_cv_func_lstat_dereferences_slashed_symlink=yes
ac_cv_func_malloc_works=yes
ac_cv_func_memcpy=yes
ac_cv_func_memset=yes
ac_cv_func_shl_load=no
ac_cv_func_stat_empty_string_bug=no
ac_cv_func_strchr=yes
ac_cv_func_strcmp=yes
ac_cv_func_strdup=yes
ac_cv_func_strrchr=yes
ac_cv_header_ctype_h=yes
ac_cv_header_dirent_dirent_h=yes
ac_cv_header_dl_h=no
ac_cv_header_dld_h=no
ac_cv_header_dlfcn_h=yes
ac_cv_header_inttypes_h=yes
ac_cv_header_jni_h=yes
ac_cv_header_malloc_h=yes
ac_cv_header_memory_h=yes
ac_cv_header_stdc=yes
ac_cv_header_stddef_h=yes
ac_cv_header_stdint_h=yes
ac_cv_header_stdio_h=yes
ac_cv_header_stdlib_h=yes
ac_cv_header_string_h=yes
ac_cv_header_strings_h=yes
ac_cv_header_sys_dl_h=no
ac_cv_header_sys_stat_h=yes
ac_cv_header_sys_types_h=yes
ac_cv_header_unistd_h=yes
ac_cv_host=i686-pc-linux-gnu
ac_cv_host_alias=i686-pc-linux
ac_cv_lib_dir_opendir=no
ac_cv_lib_dl_dlopen=yes
ac_cv_lib_dld_dld_link=no
ac_cv_lib_dld_shl_load=no
ac_cv_objext=o
ac_cv_path_JAVAH=/usr/java/j2sdk1.4.0/bin/javah
ac_cv_path_install=$'/usr/bin/install -c'
ac_cv_prog_AWK=gawk
ac_cv_prog_CPP=$'gcc -E'
ac_cv_prog_JAR=jar
ac_cv_prog_JAVADOC=javadoc
ac_cv_prog_JDB=jdb
ac_cv_prog_PERL=perl
ac_cv_prog_PYTHON=python
ac_cv_prog_ac_ct_CC=gcc
ac_cv_prog_ac_ct_CXX=g++
ac_cv_prog_ac_ct_F77=g77
ac_cv_prog_ac_ct_RANLIB=ranlib
ac_cv_prog_ac_ct_STRIP=:
ac_cv_prog_cc_g=yes
ac_cv_prog_cc_stdc=
ac_cv_prog_cxx_g=yes
ac_cv_prog_f77_g=yes
ac_cv_prog_f77_v=-v
ac_cv_prog_java_works=yes
ac_cv_prog_javac_works=yes
ac_cv_prog_make_make_set=yes
ac_cv_prog_uudecode=yes
ac_cv_prog_uudecode_base64=yes
ac_cv_search_opendir=$'none required'
ac_cv_sizeof_int=4
ac_cv_sizeof_long=4
ac_cv_sizeof_long_long=8
ac_cv_sizeof_short=2
ac_cv_sizeof_void_p=4
ac_cv_sys_symbol_underscore=no
ac_cv_target=i686-pc-linux-gnu
ac_cv_target_alias=i686-pc-linux
ac_cv_type_int=yes
ac_cv_type_long=yes
ac_cv_type_long_long=yes
ac_cv_type_ptrdiff_t=yes
ac_cv_type_short=yes
ac_cv_type_size_t=yes
ac_cv_type_void_p=yes
acx_cv_c_restrict=__restrict__
am_cv_CC_dependencies_compiler_type=none
am_cv_CXX_dependencies_compiler_type=none
libltdl_cv_objdir=.libs
libltdl_cv_preloaded_symbols=yes
libltdl_cv_shlibext=.so
libltdl_cv_shlibpath_var=LD_LIBRARY_PATH
libltdl_cv_sys_dlopen_deplibs=yes
libltdl_cv_sys_search_path=$'/lib /usr/lib'
llnl_cv_find_32bit_signed_int=int
llnl_cv_find_64bit_signed_int=$'long long'
llnl_cv_int32_t=yes
llnl_cv_int64_t=yes
llnl_cv_old_cxx_header_suffix=no
llnl_cv_python_include=/usr/include/python1.5
llnl_cv_python_library=/usr/lib/python1.5
llnl_cv_python_numerical=no
llnl_cv_python_version=1.5
lt_cv_archive_cmds_need_lc=no
lt_cv_compiler_c_o=yes
lt_cv_compiler_o_lo=no
lt_cv_deplibs_check_method=pass_all
lt_cv_dlopen=dlopen
lt_cv_dlopen_libs=-ldl
lt_cv_dlopen_self=yes
lt_cv_dlopen_self_static=no
lt_cv_file_magic_cmd=$'$MAGIC_CMD'
lt_cv_file_magic_test_file=$'/lib/libc.so.6 /lib/libc-2.2.4.so'
lt_cv_global_symbol_to_cdecl=$'sed -n -e \'s/^. .* \\(.*\\)$/extern char \\1;/p\''
lt_cv_ld_reload_flag=-r
lt_cv_path_LD=ld
lt_cv_path_NM=$'/usr/bin/nm -B'
lt_cv_prog_cc_can_build_shared=yes
lt_cv_prog_cc_no_builtin=
lt_cv_prog_cc_pic=$'                      -fPIC'
lt_cv_prog_cc_pic_works=yes
lt_cv_prog_cc_shlib=
lt_cv_prog_cc_static=-static
lt_cv_prog_cc_static_works=yes
lt_cv_prog_cc_wl=-Wl,
lt_cv_prog_gnu_ld=yes
lt_cv_sys_global_symbol_pipe=$'sed -n -e \'s/^.*[ \t]\\([ABCDGISTW][ABCDGISTW]*\\)[ \t][ \t]*\\(\\)\\([_A-Za-z][_A-Za-z0-9]*\\)$/\\1 \\2\\3 \\3/p\''
lt_cv_sys_path_separator=:
sidl_cv_f77_case=lower
sidl_cv_f77_char=as_string
sidl_cv_f77_false=0
sidl_cv_f77_number_underscores=2
sidl_cv_f77_str=str
sidl_cv_f77_str_len=far
sidl_cv_f77_str_minsize=512
sidl_cv_f77_str_struct=str_len
sidl_cv_f77_true=1

## ------------ ##
## confdefs.h.  ##
## ------------ ##

#define PACKAGE "babel-runtime"
#define VERSION "0.7.5"
#define HAVE_SYS_TYPES_H 1
#define HAVE_SYS_STAT_H 1
#define HAVE_STDLIB_H 1
#define HAVE_STRING_H 1
#define HAVE_MEMORY_H 1
#define HAVE_STRINGS_H 1
#define HAVE_INTTYPES_H 1
#define HAVE_STDINT_H 1
#define HAVE_UNISTD_H 1
#define LSTAT_FOLLOWS_SLASHED_SYMLINK 1
#define HAVE_DIRENT_H 1
#define STDC_HEADERS 1
#define HAVE_INTTYPES_H 1
#define HAVE_MALLOC_H 1
#define HAVE_MEMORY_H 1
#define HAVE_STDDEF_H 1
#define HAVE_STDLIB_H 1
#define HAVE_STRING_H 1
#define HAVE_STRINGS_H 1
#define HAVE_UNISTD_H 1
#define HAVE_CTYPE_H 1
#define HAVE_SYS_STAT_H 1
#define HAVE_SYS_TYPES_H 1
#define HAVE_PTRDIFF_T 1
#define SIZEOF_SHORT 2
#define SIZEOF_INT 4
#define SIZEOF_LONG 4
#define SIZEOF_LONG_LONG 8
#define SIZEOF_VOID_P 4
#define restrict __restrict__
#define HAVE_STDLIB_H 1
#define HAVE_MALLOC 1
#define HAVE_ATEXIT 1
#define HAVE_GETCWD 1
#define HAVE_MEMSET 1
#define HAVE_STRCHR 1
#define HAVE_STRDUP 1
#define HAVE_STRRCHR 1
#define SIDL_F77_TWO_UNDERSCORE
#define SIDL_F77_LOWER_CASE
#define SIDL_F77_STR_LEN_FAR
#define SIDL_F77_CHAR_AS_STRING
#define SIDL_F77_TRUE 1
#define SIDL_F77_FALSE 0
#define SIDL_F77_STR_MINSIZE 512
#define HAVE_NAMESPACES
#ifdef __cplusplus
#include <stdlib.h>
#endif
#define HAVE_STD
#define HAVE_STL
#define HAVE_COMPLEX_MATH_IN_NAMESPACE_STD
#define HAVE_COMPLEX
#define HAVE_IEEE_MATH
#define HAVE_JNI_H 1
#define HAVE_DLFCN_H 1
#define LTDL_SHLIB_EXT ".so"
#define LTDL_SHLIBPATH_VAR "LD_LIBRARY_PATH"
#define PYTHON_VERSION "1.5"
#define PYTHON_DISABLED 1
#define PYTHON_SERVER_DISABLED 1
#define LTDL_SYSSEARCHPATH "/lib:/usr/lib"
#define LTDL_OBJDIR ".libs/"
#define HAVE_PRELOADED_SYMBOLS 1
#define HAVE_LIBDL 1
#define HAVE_DLERROR 1
#define HAVE_MALLOC_H 1
#define HAVE_MEMORY_H 1
#define HAVE_STDLIB_H 1
#define HAVE_STDIO_H 1
#define HAVE_CTYPE_H 1
#define HAVE_STRING_H 1
#define HAVE_STRCHR 1
#define HAVE_STRRCHR 1
#define HAVE_MEMCPY 1
#define HAVE_STRCMP 1
#define SIDL_STATIC_LIBRARY 1


configure: exit 0
