volumemeshnew
12
   1           7       8       1
   1           2       1       8
   2           4       6       2
   2           1       2       6
   3           5       6       3
   3           4       3       6
   4           2       8       4
   4           3       4       8
   5           8       7       3
   5           5       3       7
   6           7       1       5
   6           6       5       1
16
   1           6       5       1      10
   1           5       7       1      10
   1           8       2       1       9
   1           6       4       3       9
   1           7       8       1      10
   1           2       6       1       9
   1           2       4       6       9
   1           1       6      10       9
   1           8       9       4       2
   1           1      10       8       9
   1           3       8       9       4
   1           6       5      10       3
   1           5       7      10       3
   1           7       8      10       3
   1          10       6       3       9
   1          10       3       8       9
10
   0.00000   0.00000   0.00000
   1.00000   0.00000   0.00000
   1.00000   1.00000   1.00000
   1.00000   0.00000   1.00000
   0.00000   1.00000   1.00000
   0.00000   0.00000   1.00000
   0.00000   1.00000   0.00000
   1.00000   1.00000   0.00000
   0.63901   0.36099   0.50000
   0.36797   0.63203   0.50000


