volumemeshnew
20
   1    5    7    2
   1    1    2    7
   2   12    8    1
   2    8   12    4
   2    2    1    8
   2    9    4   12
   3    9   10    4
   3    3    4   10
   4    4    3    6
   4    2    8    5
   4    6    5    8
   4    8    4    6
   5    6   11    5
   5    6    3   10
   5    6   10   11
   5    7    5   11
   6    9   12   10
   6    7   11    1
   6    1   11   12
   6   11   10   12
17
    1     2    13     8     5
    1     2    13     5     7
    1     6    11     5    13
    1    10    12    11     6
    1     9    10     4    12
    1     8    12     4     6
    1    12     8    13     6
    1     6     4     3    10
    1    11     6    12    13
    1     5    11     7    13
    1    13    12    11     1
    1    13     8    12     1
    1     2    13     7     1
    1     6     5     8    13
    1     7    11     1    13
    1     2    13     1     8
    1     4    12    10     6
13
    0.000000     0.000000     0.000000
    0.000000     0.000000   500.000000
 1000.000000   500.000000   500.000000
 1000.000000     0.000000   500.000000
    0.000000   500.000000   500.000000
  588.214000   500.000000   500.000000
    0.000000   500.000000     0.000000
  396.424000     0.000000   500.000000
 1000.000000     0.000000     0.000000
 1000.000000   500.000000     0.000000
  396.424000   500.000000     0.000000
  588.227000     0.000000     0.000000
  258.414000   250.000000   250.000000
