volumemeshnew 
1 
 1           7       8       1 
1552
1   1   15   10   11
1   1   11   10   7
1   1   20   12   33
1   3   224   168   221
1   1   12   10   7
1   1   20   14   33
1   2   21   9   14
1   1   20   10   15
1   2   21   9   16
1   1   20   10   12
1   3   224   169   221
1   3   223   168   222
1   3   223   170   222
1   3   223   170   171
1   3   223   168   224
1   3   223   171   224
1   5   45   11   29
1   5   45   11   30
1   2   27   9   12
1   4   71   25   46
1   7   31   10   12
1   1   20   14   15
1   4   46   14   25
1   6   47   15   26
1   2   27   9   16
1   8   32   12   28
1   3   224   169   171
1   5   73   29   45
1   5   70   30   45
1   7   31   10   17
1   6   47   13   26
1   8   32   18   28
1   6   26   14   15
1   6   47   11   15
1   8   69   18   28
1   8   68   18   32
1   4   166   46   71
1   20   9   10   15
1   4   72   21   46
1   20   9   10   12
1   4   166   46   72
1   5   167   45   73
1   5   167   45   70
1   10   53   17   38
1   10   54   39   9
1   10   54   40   9
1   6   26   13   25
1   26   9   10   15
1   8   69   27   28
1   28   9   10   12
1   9   55   16   40
1   6   47   13   29
1   30   7   10   17
1   8   68   31   32
1   9   39   10   26
1   9   40   10   28
1   9   40   16   28
1   10   38   17   32
1   20   9   14   15
1   4   46   14   21
1   33   2   9   12
1   10   53   17   41
1   9   55   42   39
1   10   53   38   54
1   6   26   14   25
1   26   9   14   15
1   8   28   12   27
1   9   55   16   42
1   6   47   11   29
1   30   7   10   11
1   8   32   12   31
1   9   39   26   44
1   28   9   16   27
1   32   10   17   31
1   10   38   28   32
1   33   2   9   14
1   20   9   12   33
1   10   53   41   43
1   10   53   43   54
1   9   44   14   26
1   28   9   12   27
1   32   10   12   31
1   32   10   12   28
1   20   9   14   33
1   13   80   56   61
1   16   148   57   78
1   13   80   58   65
1   17   147   59   79
1   17   147   60   79
1   13   80   61   65
1   18   81   62   64
1   16   148   63   78
1   17   79   38   60
1   10   54   39   43
1   10   54   40   38
1   16   78   40   63
1   10   43   26   39
1   10   38   28   40
1   16   63   28   40
1   17   60   32   38
1   17   79   41   59
1   13   158   56   61
1   18   64   38   62
1   16   78   42   57
1   38   18   28   32
1   13   159   58   65
1   13   65   43   61
1   18   81   64   82
1   18   81   62   83
1   44   25   13   26
1   10   41   17   45
1   9   39   46   42
1   13   158   39   61
1   18   62   40   38
1   9   42   16   46
1   38   18   28   40
1   10   43   45   41
1   13   61   39   43
1   13   159   43   65
1   9   39   46   44
1   44   25   14   26
1   39   13   26   44
1   45   10   17   30
1   17   59   45   41
1   13   158   66   56
1   46   9   16   21
1   16   57   46   42
1   10   43   45   48
1   13   159   67   58
1   43   13   26   39
1   9   44   14   46
1   13   66   25   44
1   45   10   11   30
1   13   158   39   66
1   46   9   14   21
1   10   48   11   45
1   13   159   43   67
1   10   43   26   47
1   44   25   14   46
1   13   66   44   39
1   13   67   29   48
1   10   43   47   48
1   47   10   15   26
1   43   13   26   47
1   48   29   11   45
1   13   67   48   43
1   10   48   11   47
1   48   29   13   47
1   47   10   11   15
1   48   29   11   47
1   43   13   47   48
1   19   341   84   144
1   19   341   84   145
1   22   342   85   146
1   22   342   85   143
1   23   176   107   172
1   23   174   110   173
1   23   174   113   110
1   24   196   109   175
1   17   79   38   53
1   9   55   39   54
1   9   55   40   54
1   16   78   40   55
1   17   79   41   53
1   23   110   89   93
1   16   78   42   55
1   23   110   93   111
1   19   144   56   84
1   19   145   57   84
1   22   146   58   85
1   22   143   59   85
1   18   82   60   64
1   23   173   112   110
1   23   110   100   113
1   18   83   63   62
1   18   64   38   60
1   24   340   102   93
1   24   138   89   93
1   18   62   40   63
1   22   161   59   85
1   19   160   56   84
1   23   110   89   100
1   19   160   57   84
1   22   161   58   85
1   23   110   112   111
1   23   176   114   172
1   24   196   115   175
1   24   344   102   149
1   24   115   89   138
1   24   340   102   335
1   23   220   98   150
1   23   212   107   172
1   24   325   109   337
1   23   174   107   176
1   24   337   109   175
1   24   138   55   93
1   23   150   53   98
1   23   137   53   94
1   24   149   55   102
1   24   325   335   343
1   60   18   32   38
1   63   18   28   40
1   22   161   59   165
1   19   160   164   162
1   19   160   57   164
1   22   161   165   163
1   23   172   96   114
1   23   176   100   114
1   24   175   97   115
1   24   343   149   344
1   24   115   97   138
1   23   218   150   220
1   23   215   98   112
1   23   177   107   212
1   23   174   107   177
1   24   93   55   102
1   23   137   53   98
1   17   60   32   68
1   16   63   28   69
1   17   59   45   70
1   13   56   71   66
1   66   46   42   39
1   19   160   56   162
1   16   57   46   72
1   13   58   73   67
1   67   45   41   43
1   22   161   58   163
1   23   114   96   94
1   23   114   100   94
1   23   177   215   218
1   23   177   112   215
1   68   17   31   32
1   60   18   32   68
1   69   16   27   28
1   63   18   28   69
1   70   17   30   45
1   22   165   70   59
1   13   66   25   71
1   19   162   71   164
1   66   46   44   39
1   72   16   21   46
1   19   164   72   57
1   13   67   29   73
1   22   163   73   165
1   67   45   48   43
1   66   46   25   71
1   19   162   71   56
1   66   46   25   44
1   67   45   29   73
1   22   163   73   58
1   67   45   29   48
1   34   227   178   292
1   35   225   117   179
1   34   178   118   135
1   36   226   119   180
1   36   317   180   226
1   34   227   135   178
1   37   229   181   228
1   35   225   123   179
1   24   175   142   125
1   23   172   140   124
1   23   172   96   124
1   34   216   80   131
1   37   213   81   130
1   24   175   97   125
1   36   317   316   339
1   35   329   83   123
1   24   325   126   337
1   24   337   127   175
1   23   177   128   212
1   23   212   129   172
1   36   317   180   311
1   23   174   173   177
1   23   174   113   176
1   35   328   123   179
1   23   94   53   79
1   24   138   55   78
1   23   137   89   94
1   23   111   98   137
1   24   325   126   343
1   24   175   142   127
1   23   177   128   218
1   23   172   140   129
1   36   339   139   316
1   23   177   112   173
1   23   176   100   113
1   35   329   83   141
1   89   38   40   54
1   23   94   89   100
1   23   111   98   112
1   36   317   316   311
1   35   328   123   329
1   89   38   40   62
1   36   309   119   180
1   34   227   182   292
1   37   229   183   228
1   35   323   117   179
1   93   54   40   55
1   94   38   54   53
1   34   214   151   131
1   36   338   139   316
1   37   183   130   213
1   35   330   141   329
1   97   63   40   62
1   98   43   61   65
1   34   184   118   135
1   34   227   135   185
1   96   60   38   64
1   100   62   38   64
1   34   217   219   216
1   34   185   131   216
1   37   229   186   181
1   37   228   187   181
1   24   149   78   142
1   23   150   79   140
1   23   94   79   96
1   34   131   80   151
1   34   216   80   219
1   24   138   78   97
1   37   319   81   213
1   37   320   81   130
1   23   150   53   79
1   24   149   55   78
1   90   43   39   54
1   24   343   149   126
1   24   126   142   149
1   23   218   150   128
1   23   128   140   150
1   90   43   39   61
1   36   309   119   129
1   34   292   182   312
1   34   227   182   189
1   37   228   188   183
1   35   323   117   127
1   93   54   40   89
1   102   39   54   55
1   94   38   54   89
1   94   38   53   79
1   34   312   151   214
1   42   154   95   156
1   34   189   131   214
1   36   338   139   124
1   37   183   130   188
1   35   330   141   125
1   98   43   61   90
1   41   155   43   98
1   34   184   134   118
1   34   227   189   185
1   34   185   135   184
1   100   62   38   89
1   62   136   64   100
1   34   217   134   219
1   41   155   101   157
1   34   185   131   189
1   34   185   216   217
1   96   60   38   79
1   97   63   40   78
1   34   312   182   189
1   23   137   89   93
1   102   39   54   90
1   102   39   42   55
1   93   54   55   102
1   42   156   84   95
1   34   312   214   189
1   98   43   54   90
1   98   43   41   53
1   34   185   134   184
1   24   115   89   100
1   94   38   89   100
1   62   136   88   100
1   41   157   85   101
1   34   185   134   217
1   94   38   79   96
1   23   111   93   137
1   102   39   61   90
1   42   154   39   102
1   93   54   90   102
1   98   43   54   53
1   24   196   100   115
1   94   38   64   100
1   94   38   64   96
1   49   230   103   190
1   49   231   103   190
1   50   232   104   191
1   50   233   104   191
1   51   234   76   192
1   51   237   193   235
1   51   237   235   240
1   52   236   75   194
1   36   311   180   300
1   24   325   109   195
1   24   195   109   196
1   35   328   179   313
1   110   24   89   93
1   24   336   93   340
1   24   325   335   331
1   24   196   100   113
1   110   24   89   100
1   24   331   335   340
1   36   311   316   332
1   35   328   329   324
1   36   300   180   309
1   52   246   197   296
1   51   273   237   307
1   35   313   179   323
1   36   332   316   338
1   114   64   86   100
1   35   324   329   330
1   51   270   199   298
1   51   307   238   237
1   49   230   116   190
1   49   231   117   190
1   50   232   118   191
1   50   233   119   191
1   37   229   186   293
1   51   237   193   239
1   51   237   211   240
1   37   228   187   294
1   124   79   96   23
1   125   78   97   24
1   37   293   213   319
1   37   294   130   320
1   126   84   92   87
1   24   337   127   126
1   128   85   91   99
1   23   212   129   128
1   37   229   183   293
1   52   241   197   203
1   52   242   198   203
1   37   228   188   294
1   112   61   87   99
1   113   88   86   100
1   37   293   213   183
1   37   294   130   188
1   50   322   119   191
1   49   321   116   190
1   51   273   211   237
1   49   321   117   190
1   62   136   64   130
1   50   322   118   191
1   51   237   239   238
1   131   61   65   99
1   51   243   76   192
1   52   244   75   194
1   50   322   119   334
1   49   321   333   326
1   52   296   197   295
1   52   244   198   242
1   49   321   117   333
1   62   136   88   130
1   50   322   334   327
1   52   241   197   245
1   51   298   199   297
1   131   61   87   99
1   133   84   92   87
1   134   85   91   99
1   136   86   88   100
1   115   62   88   100
1   51   234   76   201
1   52   236   202   193
1   51   234   192   235
1   52   236   75   202
1   52   246   203   242
1   137   54   90   93
1   24   336   93   110
1   24   195   113   196
1   110   24   100   113
1   112   61   90   98
1   24   331   340   336
1   52   246   197   203
1   51   270   204   247
1   114   64   96   94
1   114   64   100   94
1   138   40   62   97
1   51   270   199   247
1   52   245   205   193
1   139   60   79   96
1   36   124   140   152
1   141   63   78   97
1   35   125   142   153
1   126   84   95   87
1   35   127   142   153
1   126   84   92   127
1   128   85   101   99
1   36   129   140   152
1   128   85   91   129
1   112   61   65   99
1   88   206   86   113
1   130   62   64   81
1   131   61   65   80
1   51   243   76   207
1   51   243   192   211
1   52   244   75   208
1   36   129   143   119
1   129   85   91   119
1   34   292   318   312
1   49   321   116   326
1   52   296   205   295
1   52   244   208   242
1   35   127   145   117
1   127   84   92   117
1   130   62   88   123
1   34   118   146   134
1   50   322   118   327
1   51   298   209   297
1   51   248   199   239
1   131   61   95   87
1   133   84   95   87
1   134   85   101   99
1   136   86   88   130
1   136   86   64   100
1   115   62   89   100
1   51   234   201   210
1   51   234   210   235
1   137   54   90   98
1   137   54   89   93
1   111   90   93   137
1   24   195   113   110
1   112   61   65   98
1   111   90   98   112
1   24   331   110   336
1   138   40   62   89
1   138   40   78   97
1   115   62   97   138
1   36   124   147   139
1   139   60   64   96
1   124   79   96   139
1   140   59   41   79
1   124   79   23   140
1   35   125   148   141
1   141   63   62   97
1   125   78   97   141
1   142   57   42   78
1   125   78   24   142
1   149   42   84   95
1   142   57   42   84
1   24   126   142   127
1   150   41   85   101
1   140   59   41   85
1   23   128   140   129
1   130   62   83   81
1   151   56   61   80
1   51   243   207   204
1   51   243   211   204
1   36   129   143   152
1   50   334   143   119
1   34   312   151   318
1   49   326   144   333
1   35   127   145   153
1   49   333   145   117
1   130   62   83   123
1   34   219   146   134
1   50   327   146   334
1   51   248   209   210
1   51   248   210   239
1   151   56   61   95
1   133   84   56   95
1   134   85   58   101
1   136   86   64   130
1   137   54   53   98
1   137   54   89   94
1   111   90   98   137
1   24   325   110   195
1   24   325   110   331
1   138   40   89   93
1   115   62   89   138
1   138   40   55   78
1   36   124   147   152
1   139   60   79   147
1   139   60   64   82
1   152   59   79   140
1   35   125   148   153
1   141   63   78   148
1   141   63   62   83
1   153   57   78   142
1   24   343   335   344
1   126   84   95   149
1   149   42   84   142
1   153   57   84   142
1   126   84   142   127
1   23   218   215   220
1   128   85   101   150
1   150   41   85   140
1   152   59   85   140
1   128   85   140   129
1   131   61   80   151
1   129   85   143   119
1   133   84   56   144
1   49   326   144   116
1   127   84   145   117
1   134   85   58   146
1   50   327   146   118
1   131   61   95   151
1   151   56   95   133
1   137   54   53   94
1   138   40   55   93
1   124   79   147   139
1   152   59   79   147
1   124   79   140   152
1   125   78   148   141
1   153   57   78   148
1   125   78   142   153
1   156   56   61   95
1   24   344   102   335
1   149   42   95   154
1   149   42   78   142
1   126   84   142   149
1   153   57   84   145
1   127   84   142   153
1   157   58   65   101
1   23   220   98   215
1   150   41   101   155
1   150   41   79   140
1   128   85   140   150
1   152   59   85   143
1   129   85   140   152
1   151   56   144   133
1   124   79   147   152
1   125   78   148   153
1   42   154   158   156
1   156   56   84   95
1   154   61   95   156
1   154   61   39   102
1   149   42   102   154
1   149   42   55   78
1   127   84   145   153
1   41   155   159   157
1   157   58   85   101
1   155   65   101   157
1   155   65   43   98
1   150   41   98   155
1   150   41   53   79
1   129   85   143   152
1   42   156   66   158
1   42   154   39   158
1   156   56   61   158
1   42   156   84   160
1   149   42   55   102
1   41   157   67   159
1   41   155   43   159
1   157   58   65   159
1   41   157   85   161
1   150   41   53   98
1   158   42   39   66
1   154   61   39   158
1   156   56   66   158
1   154   61   158   156
1   42   156   66   162
1   160   42   57   84
1   156   56   84   160
1   159   41   43   67
1   155   65   43   159
1   157   58   67   159
1   155   65   159   157
1   41   157   67   163
1   161   41   59   85
1   157   58   85   161
1   164   46   42   66
1   162   66   71   56
1   42   156   162   160
1   156   56   66   162
1   164   46   42   57
1   165   45   41   67
1   163   67   73   58
1   41   157   163   161
1   157   58   67   163
1   165   45   41   59
1   164   46   71   66
1   162   66   42   164
1   156   56   162   160
1   164   46   72   57
1   160   42   57   164
1   165   45   73   67
1   163   67   41   165
1   157   58   163   161
1   165   45   70   59
1   161   41   59   165
1   19   164   71   166
1   162   66   71   164
1   160   42   164   162
1   19   164   72   166
1   22   165   73   167
1   163   67   73   165
1   161   41   165   163
1   22   165   70   167
1   164   46   71   166
1   164   46   72   166
1   165   45   73   167
1   165   45   70   167
1   74   254   168   249
1   75   250   106   169
1   74   284   168   251
1   76   252   105   170
1   76   253   105   170
1   74   284   168   254
1   77   277   171   255
1   75   256   106   169
1   36   311   172   300
1   87   299   173   314
1   174   108   113   110
1   35   328   175   313
1   86   282   176   275
1   177   99   108   107
1   74   262   178   257
1   75   264   52   258
1   74   286   178   259
1   76   261   51   260
1   76   261   207   51
1   74   286   178   262
1   77   278   181   263
1   75   264   208   52
1   51   265   207   204
1   87   299   99   173
1   86   275   113   176
1   52   242   179   208
1   51   265   260   298
1   92   295   182   303
1   86   291   183   276
1   52   296   179   258
1   91   297   184   304
1   185   99   121   135
1   76   253   132   186
1   75   256   122   187
1   92   295   87   182
1   86   276   88   188
1   189   87   99   121
1   91   297   99   184
1   52   266   202   193
1   75   267   202   52
1   51   268   201   210
1   76   269   201   51
1   76   253   105   192
1   51   235   193   210
1   51   240   192   235
1   75   256   106   194
1   51   265   204   270
1   87   299   109   195
1   88   274   196   206
1   52   246   179   242
1   51   265   298   270
1   197   87   92   109
1   51   273   204   247
1   52   246   179   296
1   199   99   91   107
1   51   238   199   247
1   52   266   205   193
1   75   267   52   258
1   51   268   209   210
1   76   269   51   260
1   76   271   132   186
1   51   239   193   210
1   51   240   192   211
1   75   272   122   187
1   86   291   120   183
1   87   299   99   200
1   88   206   86   198
1   188   88   123   122
1   51   268   260   298
1   52   266   205   296
1   51   273   211   204
1   52   266   258   296
1   51   268   209   298
1   51   238   199   239
1   76   253   132   192
1   75   256   122   194
1   92   295   87   197
1   86   276   88   198
1   200   99   87   121
1   91   297   99   199
1   76   252   105   201
1   74   254   202   249
1   77   277   192   255
1   75   250   106   202
1   88   280   206   274
1   88   206   113   196
1   87   299   109   197
1   86   282   204   275
1   199   99   108   107
1   74   262   205   257
1   86   275   113   206
1   76   271   132   207
1   77   278   192   263
1   75   272   122   208
1   92   295   205   303
1   208   123   88   122
1   91   297   209   304
1   199   99   121   135
1   74   284   201   251
1   74   284   210   254
1   195   108   113   110
1   86   291   120   207
1   86   290   276   291
1   74   286   209   259
1   74   286   210   262
1   87   299   195   314
1   77   277   170   171
1   77   255   169   171
1   36   311   172   332
1   36   300   172   309
1   87   314   112   173
1   174   108   110   173
1   35   328   175   324
1   35   313   175   323
1   86   282   176   315
1   212   91   99   107
1   173   87   99   112
1   177   99   108   173
1   176   86   100   113
1   174   108   113   176
1   92   303   133   182
1   91   304   134   184
1   77   278   186   181
1   77   263   187   181
1   182   92   87   133
1   188   88   86   130
1   86   276   188   183
1   189   87   99   131
1   189   87   121   182
1   185   99   121   189
1   184   91   99   134
1   185   99   135   184
1   88   274   196   308
1   108   281   195   302
1   213   64   86   120
1   188   88   123   130
1   197   87   121   200
1   76   269   201   252
1   74   249   202   279
1   74   254   202   193
1   77   255   194   192
1   75   267   202   250
1   88   280   198   206
1   196   88   100   113
1   87   299   200   197
1   108   287   203   281
1   86   275   198   204
1   86   289   204   282
1   199   99   108   200
1   74   257   205   279
1   74   262   205   193
1   86   275   198   206
1   108   302   113   206
1   76   261   207   271
1   77   263   194   192
1   75   264   208   272
1   92   303   190   205
1   208   123   88   179
1   91   304   191   209
1   199   99   121   200
1   74   251   201   283
1   74   254   193   210
1   74   284   201   210
1   108   302   113   195
1   120   301   86   207
1   86   290   198   276
1   122   285   132   211
1   74   259   209   283
1   74   262   193   210
1   74   286   209   210
1   36   332   172   338
1   36   309   129   172
1   35   324   175   330
1   35   323   127   175
1   86   315   114   176
1   212   91   99   128
1   212   91   107   172
1   177   99   107   212
1   177   99   112   173
1   174   108   173   177
1   176   86   100   114
1   174   108   107   176
1   183   86   130   188
1   214   95   87   131
1   189   87   133   182
1   185   99   131   189
1   185   99   134   184
1   88   308   115   196
1   213   64   86   130
1   213   64   82   120
1   183   86   120   213
1   74   279   202   193
1   51   273   247   307
1   196   88   100   115
1   108   287   200   203
1   74   279   205   193
1   108   288   203   206
1   108   281   206   302
1   74   283   201   210
1   86   289   207   204
1   52   244   198   211
1   86   290   198   204
1   122   285   194   211
1   74   283   209   210
1   36   338   124   172
1   172   36   140   129
1   35   330   125   175
1   175   35   142   127
1   212   91   129   128
1   212   91   129   172
1   177   99   128   212
1   215   65   99   112
1   174   108   107   177
1   214   95   87   133
1   214   95   151   131
1   189   87   131   214
1   216   65   99   131
1   217   101   99   134
1   213   64   81   130
1   183   86   130   213
1   213   64   82   81
1   51   307   247   238
1   108   281   203   206
1   86   291   207   204
1   52   244   194   211
1   86   290   204   291
1   172   36   140   124
1   175   35   142   125
1   218   101   99   128
1   215   65   101   99
1   215   65   98   112
1   177   99   112   215
1   214   95   133   151
1   189   87   133   214
1   216   65   101   99
1   216   65   80   131
1   185   99   131   216
1   219   58   101   134
1   185   99   134   217
1   218   101   150   128
1   177   99   128   218
1   215   65   101   155
1   218   101   99   215
1   215   65   98   155
1   219   58   65   101
1   217   101   99   216
1   219   58   65   80
1   219   58   146   134
1   217   101   134   219
1   220   155   101   150
1   220   155   101   215
1   177   99   215   218
1   216   65   101   219
1   185   99   216   217
1   216   65   80   219
1   220   155   98   150
1   218   101   150   220
1   220   155   98   215
1   218   101   215   220
1   217   101   219   216
1   221   103   106   168
1   221   103   106   169
1   222   104   105   168
1   222   104   105   170
1   223   105   170   171
1   224   106   105   168
1   224   106   105   171
1   224   106   169   171
1   75   264   225   306
1   76   261   226   305
1   76   261   226   271
1   227   121   135   178
1   228   122   132   181
1   75   264   225   272
1   229   132   186   181
1   228   122   187   181
1   74   249   230   279
1   75   267   231   250
1   74   251   232   283
1   76   269   233   252
1   234   105   76   192
1   52   236   193   235
1   52   236   194   235
1   236   106   75   194
1   237   52   198   203
1   52   241   203   238
1   74   257   230   279
1   75   267   231   306
1   74   259   232   283
1   76   269   233   305
1   52   245   193   239
1   240   194   52   211
1   241   200   197   203
1   88   280   198   242
1   237   52   198   211
1   52   241   239   245
1   243   132   76   192
1   244   122   75   194
1   242   88   122   198
1   245   121   200   197
1   234   105   76   201
1   236   106   202   193
1   235   106   105   192
1   236   106   75   202
1   88   280   242   274
1   246   109   197   203
1   108   310   107   247
1   247   108   107   199
1   245   121   205   193
1   243   132   76   207
1   243   132   192   211
1   244   122   75   208
1   242   88   122   208
1   239   121   135   199
1   234   105   201   210
1   235   106   105   210
1   243   132   207   204
1   243   132   211   204
1   248   135   209   210
1   239   121   135   210
1   249   103   106   168
1   250   103   106   169
1   251   104   105   168
1   252   104   105   170
1   77   277   170   253
1   254   106   105   168
1   255   106   105   171
1   77   255   169   256
1   257   116   121   178
1   75   264   258   306
1   259   118   135   178
1   76   261   260   305
1   51   265   207   261
1   262   121   135   178
1   263   122   132   181
1   264   179   208   52
1   265   180   207   204
1   242   88   179   208
1   77   278   186   253
1   77   263   187   256
1   266   190   202   193
1   52   266   202   267
1   268   191   201   210
1   51   268   201   269
1   77   277   192   253
1   235   106   193   210
1   235   106   194   192
1   77   255   194   256
1   270   107   180   204
1   88   274   179   242
1   108   288   247   310
1   247   108   200   199
1   266   190   205   193
1   75   267   258   306
1   268   191   209   210
1   76   269   260   305
1   271   120   132   186
1   239   121   193   210
1   240   194   192   211
1   272   123   122   187
1   273   198   211   204
1   239   121   200   199
1   77   278   192   253
1   77   263   194   256
1   252   104   105   201
1   249   103   106   202
1   255   106   105   192
1   250   103   106   202
1   274   109   203   206
1   108   310   107   275
1   257   116   121   205
1   271   120   132   207
1   122   285   132   263
1   272   123   122   208
1   251   104   105   201
1   254   106   105   210
1   276   122   132   211
1   259   118   135   209
1   262   121   135   210
1   277   105   170   171
1   255   106   169   171
1   278   132   186   181
1   263   122   187   181
1   252   104   191   201
1   279   190   103   202
1   254   106   202   193
1   255   106   194   192
1   250   103   190   202
1   280   203   198   206
1   281   109   197   203
1   108   288   275   310
1   282   107   180   204
1   279   190   116   205
1   262   121   205   193
1   120   301   207   271
1   122   285   194   263
1   272   123   179   208
1   283   191   104   201
1   254   106   193   210
1   284   105   201   210
1   276   122   198   211
1   285   192   132   211
1   283   191   118   209
1   262   121   193   210
1   286   135   209   210
1   279   190   202   193
1   108   288   203   247
1   287   197   200   203
1   279   190   205   193
1   288   198   203   206
1   283   191   201   210
1   289   180   207   204
1   244   122   198   211
1   290   211   198   204
1   285   192   194   211
1   283   191   209   210
1   247   108   200   203
1   281   109   203   206
1   291   132   207   204
1   244   122   194   211
1   291   132   211   204
1   223   105   170   222
1   224   106   168   221
1   223   105   171   224
1   224   106   169   221
1   227   121   135   185
1   292   116   121   178
1   228   122   132   183
1   293   120   132   186
1   229   132   181   228
1   294   123   122   187
1   236   106   194   235
1   237   52   203   238
1   240   194   52   235
1   241   200   203   238
1   237   52   211   240
1   52   241   239   238
1   245   121   200   239
1   52   245   197   295
1   241   200   197   245
1   236   106   193   235
1   234   105   192   235
1   296   92   109   197
1   246   109   203   242
1   52   245   205   295
1   245   121   193   239
1   244   122   208   242
1   234   105   210   235
1   51   248   209   297
1   248   135   210   239
1   254   106   168   249
1   258   117   92   179
1   260   119   91   180
1   51   265   260   261
1   262   121   178   257
1   264   179   52   258
1   265   180   207   261
1   266   190   202   267
1   268   191   201   269
1   298   91   107   180
1   270   107   204   247
1   265   180   204   270
1   296   92   190   205
1   258   117   92   190
1   52   266   258   267
1   298   91   191   209
1   260   119   91   191
1   51   268   260   269
1   240   194   192   235
1   273   198   211   237
1   273   198   204   247
1   274   109   203   242
1   274   109   196   206
1   275   108   107   176
1   276   122   132   183
1   277   105   170   253
1   277   105   171   255
1   255   106   169   256
1   278   132   186   253
1   278   132   181   263
1   263   122   187   256
1   252   104   191   233
1   269   191   201   252
1   279   190   103   230
1   249   103   202   279
1   254   106   202   249
1   255   106   194   256
1   250   103   190   231
1   267   190   202   250
1   280   203   198   242
1   280   203   206   274
1   108   287   299   281
1   108   288   206   275
1   86   289   300   282
1   282   107   204   275
1   279   190   116   230
1   257   116   205   279
1   262   121   205   257
1   120   301   226   271
1   261   180   207   271
1   263   122   194   256
1   272   123   179   225
1   264   179   208   272
1   283   191   104   232
1   251   104   201   283
1   284   105   201   251
1   284   105   210   254
1   276   122   88   198
1   285   192   132   263
1   283   191   118   232
1   259   118   209   283
1   286   135   209   259
1   286   135   210   262
1   108   287   200   299
1   287   197   203   281
1   288   198   203   247
1   86   289   207   301
1   289   180   204   282
1   244   122   198   242
1   290   211   198   276
1   285   192   194   263
1   238   200   203   247
1   302   196   109   206
1   291   132   120   207
1   291   132   211   276
1   290   211   204   291
1   223   105   168   222
1   223   105   168   224
1   227   121   189   185
1   292   116   121   182
1   227   121   178   292
1   228   122   188   183
1   293   120   132   183
1   229   132   186   293
1   229   132   183   228
1   294   123   122   188
1   228   122   187   294
1   237   52   235   240
1   238   200   199   239
1   237   52   239   238
1   241   200   239   238
1   295   121   87   197
1   245   121   197   295
1   241   200   239   245
1   296   92   109   179
1   296   92   197   295
1   246   109   197   296
1   246   109   179   242
1   303   116   121   205
1   245   121   205   295
1   304   118   135   209
1   51   248   199   297
1   248   135   209   297
1   248   135   199   239
1   305   119   180   260
1   306   117   179   258
1   265   180   260   261
1   298   91   107   199
1   298   91   180   260
1   270   107   180   298
1   270   107   199   247
1   296   92   205   295
1   266   190   205   296
1   296   92   190   258
1   306   117   190   258
1   266   190   258   267
1   298   91   209   297
1   268   191   209   298
1   298   91   191   260
1   305   119   191   260
1   268   191   260   269
1   307   203   198   237
1   307   203   198   247
1   274   109   179   242
1   308   175   109   196
1   275   108   113   176
1   276   122   188   183
1   277   105   192   253
1   277   105   192   255
1   278   132   192   253
1   278   132   192   263
1   269   191   233   252
1   249   103   230   279
1   267   190   231   250
1   280   203   242   274
1   108   281   195   299
1   281   109   197   299
1   275   108   113   206
1   288   198   206   275
1   86   282   300   315
1   309   91   107   180
1   282   107   180   300
1   282   107   176   275
1   257   116   230   279
1   261   180   226   271
1   264   179   225   272
1   251   104   232   283
1   284   105   168   251
1   284   105   168   254
1   276   122   88   188
1   259   118   232   283
1   286   135   178   259
1   286   135   178   262
1   299   108   99   200
1   287   197   200   299
1   310   204   198   247
1   120   301   86   311
1   301   180   207   271
1   289   180   207   301
1   238   200   199   247
1   302   196   109   195
1   302   196   113   206
1   281   109   206   302
1   291   132   120   183
1   291   132   183   276
1   290   211   276   291
1   227   121   182   189
1   312   133   116   182
1   227   121   182   292
1   293   120   213   183
1   229   132   183   293
1   294   123   130   188
1   228   122   188   294
1   237   52   193   235
1   237   52   193   239
1   295   121   87   182
1   296   92   179   258
1   246   109   179   296
1   303   116   121   182
1   303   116   190   205
1   295   121   205   303
1   304   118   135   184
1   304   118   191   209
1   297   135   209   304
1   297   135   99   199
1   248   135   199   297
1   305   119   180   226
1   261   180   260   305
1   306   117   179   225
1   264   179   258   306
1   298   91   199   297
1   265   180   260   298
1   270   107   199   298
1   265   180   298   270
1   266   190   258   296
1   306   117   190   231
1   267   190   258   306
1   268   191   260   298
1   305   119   191   233
1   269   191   260   305
1   307   203   238   237
1   273   198   237   307
1   307   203   247   238
1   273   198   247   307
1   88   274   179   313
1   88   274   313   308
1   308   175   115   196
1   274   109   196   308
1   314   110   108   195
1   281   109   195   299
1   287   197   299   281
1   310   204   198   275
1   309   91   107   172
1   309   91   119   180
1   300   107   180   309
1   315   172   107   300
1   289   180   300   282
1   315   172   107   176
1   299   108   99   173
1   310   204   107   247
1   288   198   247   310
1   316   64   86   120
1   86   289   300   311
1   86   289   311   301
1   301   180   226   271
1   120   301   311   317
1   302   196   113   195
1   281   109   195   302
1   318   144   133   116
1   312   133   182   189
1   292   116   182   312
1   319   82   120   213
1   320   83   123   130
1   303   116   133   182
1   295   121   182   303
1   92   303   190   321
1   304   118   134   184
1   91   304   191   322
1   297   135   184   304
1   297   135   99   184
1   261   180   226   305
1   264   179   225   306
1   267   190   231   306
1   269   191   233   305
1   323   92   109   179
1   274   109   179   313
1   323   92   109   175
1   308   175   109   313
1   88   308   115   324
1   314   110   108   173
1   87   314   195   325
1   299   108   195   314
1   310   204   107   275
1   288   198   275   310
1   309   91   129   172
1   300   107   172   309
1   309   91   119   129
1   86   315   300   311
1   282   107   300   315
1   315   172   114   176
1   282   107   176   315
1   316   64   86   114
1   316   64   82   120
1   311   86   120   316
1   289   180   300   311
1   289   180   311   301
1   120   301   226   317
1   301   180   311   317
1   318   144   133   151
1   312   133   116   318
1   312   133   214   189
1   319   82   81   213
1   293   120   213   319
1   320   83   81   130
1   294   123   130   320
1   92   303   133   326
1   321   92   117   190
1   303   116   190   321
1   91   304   134   327
1   322   91   119   191
1   304   118   191   322
1   323   92   117   179
1   313   109   179   323
1   323   92   127   175
1   313   109   175   323
1   88   308   313   328
1   274   109   313   308
1   329   62   88   115
1   330   97   115   175
1   308   175   115   324
1   314   110   112   173
1   299   108   173   314
1   87   314   112   331
1   325   87   109   195
1   314   110   195   325
1   86   315   114   332
1   315   172   300   311
1   316   64   96   114
1   316   64   82   139
1   332   114   86   316
1   317   120   316   311
1   301   180   226   317
1   312   133   151   318
1   292   116   318   312
1   312   133   151   214
1   333   84   92   133
1   326   133   144   116
1   92   303   326   321
1   303   116   133   326
1   333   84   92   117
1   334   85   91   134
1   327   134   146   118
1   91   304   327   322
1   304   118   134   327
1   334   85   91   119
1   323   92   117   127
1   88   308   324   328
1   328   88   179   313
1   308   175   313   328
1   329   62   88   123
1   329   62   97   115
1   324   115   88   329
1   330   97   125   175
1   324   115   175   330
1   335   61   87   112
1   336   111   112   110
1   87   314   331   325
1   314   110   112   331
1   337   92   87   109
1   338   96   114   172
1   86   315   332   311
1   315   172   114   332
1   316   64   96   139
1   338   96   114   316
1   311   86   316   332
1   339   82   120   316
1   333   84   144   133
1   326   133   92   333
1   303   116   326   321
1   333   84   145   117
1   321   92   117   333
1   334   85   146   134
1   327   134   91   334
1   304   118   327   322
1   334   85   143   119
1   322   91   119   334
1   308   175   324   328
1   328   88   123   179
1   329   62   83   123
1   329   62   97   141
1   330   97   115   329
1   328   88   329   324
1   330   97   141   125
1   335   61   95   87
1   335   61   90   112
1   331   112   87   335
1   340   90   112   111
1   336   111   93   110
1   331   112   110   336
1   314   110   331   325
1   337   92   87   126
1   337   92   109   175
1   325   87   109   337
1   338   96   124   172
1   332   114   172   338
1   315   172   332   311
1   338   96   139   316
1   332   114   316   338
1   339   82   139   316
1   317   120   316   339
1   49   333   144   341
1   326   133   144   333
1   321   92   333   326
1   49   333   145   341
1   50   334   146   342
1   327   134   146   334
1   322   91   334   327
1   50   334   143   342
1   328   88   123   329
1   329   62   83   141
1   330   97   141   329
1   324   115   329   330
1   335   61   95   154
1   335   61   90   102
1   340   90   112   335
1   325   87   335   331
1   340   90   93   111
1   336   111   112   340
1   337   92   127   126
1   337   92   127   175
1   325   87   126   337
1   338   96   139   124
1   333   84   144   341
1   333   84   145   341
1   334   85   146   342
1   334   85   143   342
1   335   61   102   154
1   340   90   102   335
1   331   112   335   340
1   343   95   87   335
1   340   90   102   93
1   336   111   93   340
1   331   112   340   336
1   343   95   87   126
1   344   154   95   335
1   325   87   335   343
1   343   95   149   126
1   325   87   126   343
1   344   154   95   149
1   344   154   102   335
1   343   95   335   344
1   344   154   102   149
1   343   95   149   344
344
0   0   0
1   0   0
1   1   1
1   0   1
0   1   1
0   0   1
0   1   0
1   1   0
0.63901   0.36099   0.5
0.36797   0.63203   0.5
0   0.5   0.5
0.5   0.5   0
0.5   0.5   1
0.5   0   0.5
0   0   0.5
1   0.5   0.5
0.5   1   0.5
1   1   0.5
1   0.5   1
0.319505   0.180495   0.25
1   0   0.5
0.5   1   1
0.683985   0.816015   0.75
0.819505   0.680495   0.75
0.5   0   1
0.319505   0.180495   0.75
1   0.5   0
0.819505   0.680495   0.25
0   0.5   1
0   1   0.5
0.5   1   0
0.683985   0.816015   0.25
0.5   0   0
0.75   0.75   1
1   0.75   0.75
0.75   1   0.75
1   1   0.75
0.683985   0.816015   0.5
0.569505   0.430495   0.75
0.819505   0.680495   0.5
0.433985   0.816015   0.75
0.819505   0.430495   0.75
0.433985   0.566015   0.75
0.569505   0.180495   0.75
0.183985   0.816015   0.75
0.819505   0.180495   0.75
0.183985   0.316015   0.75
0.183985   0.566015   0.75
1   0.75   1
0.75   1   1
0.841993   0.908007   0.875
0.909752   0.840248   0.875
0.525977   0.724023   0.625
0.593738   0.656262   0.625
0.729257   0.520742   0.625
0.75   0.5   1
1   0.5   0.75
0.5   0.75   1
0.5   1   0.75
0.75   1   0.5
0.659752   0.590248   0.875
0.909752   0.840248   0.625
1   0.75   0.5
0.841993   0.908007   0.625
0.591993   0.658007   0.875
0.659752   0.340247   0.875
0.341993   0.658007   0.875
0.75   1   0.25
1   0.75   0.25
0.25   1   0.75
0.75   0.25   1
1   0.25   0.75
0.25   0.75   1
0.875   0.875   1
1   0.875   0.875
0.875   1   0.875
1   1   0.875
0.909752   0.590248   0.625
0.591993   0.908007   0.625
0.625   0.625   1
1   1   0.625
0.875   1   0.625
1   0.875   0.625
0.909752   0.590248   0.875
0.591993   0.908007   0.875
0.841993   0.908007   0.75
0.784752   0.715248   0.875
0.909752   0.840248   0.75
0.751745   0.748255   0.625
0.626745   0.623255   0.75
0.716993   0.908007   0.875
0.909752   0.715248   0.875
0.706621   0.668379   0.6875
0.683985   0.816015   0.625
0.784752   0.590248   0.875
0.716993   0.908007   0.625
0.909752   0.715248   0.625
0.558985   0.691015   0.75
0.716993   0.783007   0.875
0.796869   0.828131   0.6875
0.591993   0.783007   0.875
0.694505   0.555495   0.75
1   0.875   1
0.875   1   1
0.920996   0.954004   0.9375
0.954876   0.920124   0.9375
0.762989   0.862011   0.8125
0.796869   0.828131   0.8125
0.864629   0.760371   0.8125
0.751745   0.748255   0.75
0.655365   0.719635   0.75
0.671869   0.703131   0.8125
0.796869   0.828131   0.75
0.762989   0.862011   0.6875
0.864629   0.760371   0.6875
0.875   0.75   1
1   0.75   0.875
0.75   0.875   1
0.75   1   0.875
0.875   1   0.75
0.829876   0.795124   0.9375
0.954876   0.920124   0.8125
1   0.875   0.75
0.670996   0.954004   0.6875
0.954876   0.670124   0.6875
0.864629   0.635371   0.8125
0.954876   0.670124   0.8125
0.637989   0.862011   0.8125
0.670996   0.954004   0.8125
0.954876   0.920124   0.6875
0.704876   0.670124   0.9375
0.920996   0.954004   0.8125
0.829876   0.670124   0.9375
0.670996   0.829004   0.9375
0.795996   0.829004   0.9375
0.875873   0.874127   0.6875
0.638861   0.736139   0.6875
0.819505   0.680495   0.625
0.75   1   0.625
0.591993   0.908007   0.75
1   0.75   0.625
0.909752   0.590248   0.75
0.625   1   0.875
0.875   0.625   1
1   0.625   0.875
0.625   0.875   1
0.625   1   0.625
1   0.625   0.625
0.819505   0.555495   0.75
0.558985   0.816015   0.75
0.75   0.625   1
0.625   1   0.75
1   0.625   0.75
0.739629   0.510371   0.8125
0.512989   0.737011   0.8125
0.784752   0.465247   0.875
0.466993   0.783007   0.875
0.659752   0.465247   0.875
0.466993   0.658007   0.875
0.909752   0.465247   0.875
0.466993   0.908007   0.875
0.829876   0.420124   0.9375
0.420996   0.829004   0.9375
0.909752   0.340247   0.875
0.341993   0.908007   0.875
1   0.25   1
0.25   1   1
0.9375   0.9375   1
1   0.9375   0.9375
0.9375   1   0.9375
1   1   0.9375
0.716993   0.908007   0.75
0.734369   0.765631   0.8125
0.740427   0.822073   0.78125
0.909752   0.715248   0.75
0.762989   0.862011   0.75
0.700489   0.799511   0.8125
0.8125   0.8125   1
0.954876   0.795124   0.8125
0.795996   0.954004   0.8125
1   1   0.8125
0.829876   0.732624   0.9375
0.920996   0.954004   0.75
0.733496   0.829004   0.9375
0.733496   0.766504   0.9375
0.9375   1   0.8125
1   0.9375   0.8125
0.954876   0.920124   0.75
0.767376   0.732624   0.9375
0.954876   0.795124   0.9375
0.795996   0.954004   0.9375
0.920996   0.954004   0.875
0.892376   0.857624   0.9375
0.954876   0.920124   0.875
0.808187   0.754313   0.78125
0.864629   0.760371   0.75
0.847252   0.777748   0.875
0.875873   0.874127   0.8125
0.779493   0.845507   0.875
0.813373   0.811627   0.875
0.858496   0.954004   0.9375
0.954876   0.857624   0.9375
0.853311   0.834189   0.84375
0.841993   0.908007   0.8125
0.892376   0.795124   0.9375
0.853311   0.834189   0.78125
0.858496   0.954004   0.8125
0.954876   0.857624   0.8125
0.795996   0.891504   0.9375
0.858496   0.891504   0.9375
0.898434   0.914066   0.84375
0.700489   0.862011   0.8125
0.920996   0.954004   0.6875
0.767376   0.670124   0.9375
0.637989   0.737011   0.8125
0.670996   0.704004   0.9375
0.670996   0.766504   0.9375
0.637989   0.799511   0.8125
0.625   0.75   1
0.598487   0.776513   0.78125
1   0.9375   1
0.9375   1   1
0.960498   0.977002   0.96875
0.977438   0.960062   0.96875
1   0.8125   0.8125
0.8125   1   0.8125
0.789938   0.772562   0.96875
0.977438   0.960062   0.78125
0.960498   0.977002   0.78125
0.9375   0.8125   1
1   0.8125   0.9375
0.8125   0.9375   1
0.8125   1   0.9375
0.881494   0.931006   0.90625
0.898434   0.914066   0.90625
0.932314   0.880186   0.90625
0.875873   0.874127   0.875
0.827683   0.859817   0.875
0.835934   0.851566   0.90625
0.898434   0.914066   0.875
0.861563   0.825937   0.875
0.909752   0.840248   0.8125
0.881494   0.931006   0.84375
0.932314   0.880186   0.84375
0.869814   0.817686   0.90625
0.887191   0.800309   0.84375
0.819431   0.868069   0.84375
0.818994   0.868506   0.90625
0.9375   0.875   1
1   0.875   0.9375
0.875   0.9375   1
0.875   1   0.9375
0.9375   1   0.875
0.914938   0.897562   0.96875
0.977438   0.960062   0.90625
1   0.9375   0.875
0.875   0.8125   1
0.954876   0.795124   0.875
0.8125   0.875   1
0.795996   0.954004   0.875
0.835498   0.977002   0.84375
0.852438   0.835062   0.96875
0.977438   0.960062   0.84375
0.977438   0.835062   0.84375
0.818994   0.931006   0.84375
0.932314   0.817686   0.90625
0.977438   0.835062   0.90625
0.818994   0.931006   0.90625
0.835498   0.977002   0.90625
0.802491   0.885009   0.84375
0.875   1   0.8125
1   0.875   0.8125
0.858933   0.891067   0.84375
0.887191   0.800309   0.78125
0.819431   0.868069   0.78125
0.898434   0.914066   0.78125
0.960498   0.977002   0.90625
0.960498   0.977002   0.84375
0.914938   0.835062   0.96875
0.881532   0.837218   0.796875
0.830749   0.794251   0.8125
0.802491   0.885009   0.78125
0.835498   0.914502   0.96875
0.897998   0.914502   0.96875
0.937936   0.937064   0.84375
0.835498   0.852002   0.96875
0.822061   0.802939   0.84375
0.836371   0.851129   0.8125
0.818994   0.931006   0.78125
0.870213   0.911037   0.796875
0.881494   0.931006   0.78125
0.8125   0.75   1
0.9375   1   0.75
1   0.9375   0.75
0.869814   0.755186   0.90625
0.909752   0.777748   0.875
0.756494   0.868506   0.90625
0.779493   0.908007   0.875
0.790811   0.771689   0.84375
0.756494   0.931006   0.78125
0.835498   0.977002   0.78125
0.830749   0.794251   0.78125
0.892376   0.732624   0.9375
0.733496   0.891504   0.9375
0.8125   1   0.875
1   0.8125   0.875
0.847652   0.871098   0.859375
0.909752   0.777748   0.75
0.733496   0.954004   0.8125
0.819431   0.868069   0.8125
0.795996   0.954004   0.75
0.789938   0.710062   0.96875
0.932314   0.755186   0.78125
0.768249   0.731751   0.8125
0.779493   0.908007   0.75
0.795996   0.954004   0.6875
0.8125   1   0.75
0.8125   0.6875   1
0.9375   1   0.6875
1   0.9375   0.6875
0.954876   0.732624   0.9375
0.733496   0.954004   0.9375
0.954876   0.732624   0.8125
0.932314   0.755186   0.71875
0.802129   0.697871   0.8125
0.914938   0.710062   0.96875
0.710498   0.914502   0.96875
0.954876   0.795124   0.75
0.954876   0.795124   0.6875
0.954876   0.732624   0.6875
0.745687   0.691813   0.78125
0.756494   0.931006   0.71875
0.954876   0.670124   0.9375
0.670996   0.954004   0.9375
0.739629   0.635371   0.8125
0.737435   0.700065   0.75
0.864629   0.697871   0.8125
0.733496   0.954004   0.6875
0.8125   1   0.6875
0.723125   0.651875   0.75
1   0.625   1
0.625   1   1
0.802129   0.635371   0.8125
0.779567   0.595433   0.78125
