volumemeshnew
24
   1          13      12       1
   1           2       1      12
   2           1       2      10
   2           6       1      10
   2           6      10       9
   2           2      14      10
   3           3       5       7
   3           5       6       7
   3           4       3       7
   3           7       6       9
   4           2      12      11
   4          12       3      11
   4           3       4      11
   4          11      14       2
   5          12      13       3
   5           5       3      13
   6          13       1       5
   6           6       5       1
   7          11       8       4
   7           7       4       8
   8          10       9       8
   8           7       8       9
   9          10       8      14
   9          11      14       8
18
   1           2       1       8      10
   1           1       5       8       6
   1           1       6       8      10
   1           6       5       8       7
   1           4       3       7       8
   1           3       5       7       8
   1          13       3      12       8
   1          13       5       3       8
   1          10      14       8       2
   1          14      11       8       2
   1           8       4       3      11
   1          12       2       1       8
   1           7       8       6       9
   1           8      10       6       9
   1          13       1       8      12
   1           5      13       1       8
   1          11      12       3       8
   1          12      11       2       8
14
  -1.00000  -1.00000  -1.00000
   1.00000  -1.00000  -1.00000
   1.00000   1.00000   1.00000
   1.00000   0.00000   1.00000
  -1.00000   1.00000   1.00000
  -1.00000  -1.00000   1.00000
   0.00000   0.00000   1.00000
   0.00000   0.00000   0.00000
   0.00000  -1.00000   1.00000
   0.00000  -1.00000   0.00000
   1.00000   0.00000   0.00000
   1.00000   1.00000  -1.00000
  -1.00000   1.00000  -1.00000
   1.00000  -1.00000   0.00000
9
0.00000  0.00000  0.00000  0.00000  0.00000  0.00000  0.00000  0.00000  -1.00000  -1.00000
0.00000  0.00000  0.00000  0.00000  0.00000  0.00000  0.00000  -1.00000  0.00000  -1.00000
0.00000  0.00000  0.00000  0.00000  0.00000  0.00000  0.00000  0.00000  1.00000  -1.00000
0.00000  0.00000  0.00000  0.00000  0.00000  0.00000  1.00000  0.00000  0.00000  -1.00000
0.00000  0.00000  0.00000  0.00000  0.00000  0.00000  0.00000  1.00000  0.00000  -1.00000
0.00000  0.00000  0.00000  0.00000  0.00000  0.00000  -1.00000  0.00000  0.00000  -1.00000
0.00000  0.00000  0.00000  0.00000  0.00000  0.00000  0.00000  1.00000  0.00000  0.00000
0.00000  0.00000  0.00000  0.00000  0.00000  0.00000  -1.00000  0.00000  0.00000  0.00000
0.00000  0.00000  0.00000  0.00000  0.00000  0.00000  0.00000  0.00000  -1.00000  0.00000
