volumemeshnew
1
   1  107  122    2
754
    4   120   184    84   182
    1   204   214   220   227
    1   106   207   230   225
    1   204   108   214   227
    1   215   224   203   205
    1   213   235    99   221
    1   113   112   229   136
    1   214    97   128   220
    1   210   133   209   231
    1   217   209   221   231
    1   128    97   214   129
    1   217   210   231   222
    1   118   232   131   218
    1   107   122   225   138
    1   203   224   215   111
    1    96   111   203   215
    1   126    99   221   213
    4   209   213   152   217
    1   110   203   224   205
    1   126   100   217   221
    1   107   232   218   225
    1   225   107   106   207
    1   209   133   210   115
    1   226   212   230   223
    1   127   235   219    98
    1   103    12   216   228
    1    10    24   111   215
    1   102   206   124   223
    4   170   103   102   228
    1   137   230   206   228
    1   137   230   228   120
    1   207   211   230   225
    1   106   121   138   225
    1   106   107   225   138
    1   212   210   222   226
    1   225   211   218   207
    1   102   206   223   228
    1    17     9   108   214
    1   208   215   224   229
    1   133   115   209   134
    1   101   125   222   212
    1   112    24   215   229
    1   101   124   212   223
    1   135   113   208   229
    1    17    97   129   214
    1   137   104   228   206
    1   226   218   211   117
    1   125   100   222   217
    1   132   116   210   133
    1   230   212   226   211
    1   206   212   223   230
    1    98   128   220   219
    1   134   114   208   135
    1    95   110   205   203
    1   117   226   131   132
    1   116   132   210   226
    1   226   218   117   131
    1   102   103   123   216
    1   109    94   110   205
    1   119   104   228   137
    1   208   205   204   109
    1    12   104   228   119
    1   137   230   120   105
    1   134   233   234   208
    1   215   205   203    96
    1   207   211   206   230
    1   208   215   205   224
    1   211   212   206   230
    1   213   233   221   209
    1   212   211   210   226
    1   208   205   109   224
    1   217   210   209   231
    1   219   204   214   220
    1   213   217   209   221
    1   212   210   217   222
    1   213   233   209   208
    1   228   216   206   104
    1   218   225   207   107
    1   223   228   206   230
    1   222   226   210   231
    4   209   156   210   217
    1   226   222   212   223
    1   220   227   214    97
    1   221   231   209   233
    1   208   229   224   234
    1   230   225   211   226
    1   102   206   228   216
    1   224   229   215   111
    1   231   221   217   222
    1   213   233   208   235
    1   235   234   233   208
    1   107   232   225   122
    1   107   232   122     2
    1   103    15    12   228
    4   235   168   234   220
    4   220   109   145   234
    1    15   119    12   228
    1   112    24    10   215
    1    17   129     9   214
    1    93   108     9   214
    1   111    96    10   215
    1   123   103    12   216
    1   112   136    24   229
    4   113   157    33   208
    4   141   108   227    17
    1    95   110    94   205
    1    98   128    97   220
    1   100   126    99   221
    1   101   125   100   222
    1   102   124   101   223
    1    97   214    17   227
    1   104   216    12   228
    1   214   108    17   227
    1   137   105   104   206
    1   120   121   106   230
    1   123   124   102   216
    1   124   125   101   212
    1   111   215    24   229
    4   205   208   157   215
    1   125   126   100   217
    1   126   127    99   213
    1   127   128    98   219
    4   135   166   229   234
    4   165   117   211   218
    1   114   135   113   208
    1   115   134   114   209
    1   116   133   115   210
    1   117   226   132   116
    1   118   131   117   218
    1   120   137   119   228
    1   122   138   121   225
    1   135   136   113   229
    4   226   225   186   230
    1    96   203    95   205
    1   127   235    98    99
    1   103   216   102   228
    1   203   111   110   224
    1   205   110   109   224
    1   215   113   112   229
    1   127   235    99   213
    1   121   225   106   230
    1   230   120   105   106
    1   134   208   114   209
    4   204   214   151   219
    1   117   226   116   211
    1   133   210   132   231
    1   134   209   133   233
    1   208   134   135   234
    1   207   206   106   230
    1   204   220   109   227
    4   224   229   111   144
    1   212   222   101   223
    1   215   208   113   229
    1   210   211   116   226
    1   219   220    98   235
    1   217   221   100   222
    1   227   204   108   109
    1   213   235   208   219
    1   206   230   105   106
    4   185   186   182   230
    1   212   217   125   222
    1   137   230   105   206
    1   217   213   126   221
    1   219   214   128   220
    1   226   218   131   225
    1   210   226   132   231
    1   229   208   135   234
    1   209   231   133   233
    1   208   134   233   209
    1   213   233   235   221
    4   110   146   109   224
    1   127   235   213   219
    1   235   234   208   220
    1   226   218   225   211
    1   204   108   109    94
    1   204   108    94    93
    1   223   212   206   124
    1   102   206   216   124
    4   228   223   185   230
    1   118   232   218     2
    1   205   109    94   204
    4   222   231   179   226
    4   223   226   183   230
    4   184   185   182   230
    4   172   231   222   221
    1   214   204    93   108
    1   107   232     2   218
    1   225   218   131   232
    4   225   226   174   131
    1   220   235   219   208
    4   229   140   224   234
    4   172   231   171   222
    1     2   232   122     1
    1     2   232     1   130
    4   179   223   222   226
    1   118   232     2   130
    4   211   207   206    38
    4   205   208   204   148
    4   225   232   131   174
    4   208   219   158   213
    1   118   232   130   131
    1   220   204   208   219
    1   204   208   109   220
    4   212   206   124   160
    4   231   173   133   233
    1   220   109   234   208
    1   224   234   109   208
    4   144   110   111   224
    4   107   218    39   207
    2    16    65   200    82
    2    20    45   196   175
    2    45    20   196    74
    2   175   168   196   187
    2    63   174   181   200
    2   168    45   175   196
    2    70   171   188   189
    2    67    20   196   175
    2    70    51   171   189
    2    55    20    67   175
    2    63   200    87   174
    2   181   182   192   186
    2   181    80   192   182
    2   173   171   194   188
    2    59    58   180    90
    2   189   179   194   193
    2   174   181   192   186
    2    67   175   196   187
    2   196    45    75   168
    2   168   201   169   191
    2   168    75   196   187
    2    67    55   175    68
    2    84    79   184    85
    2   172   173   176   195
    2   187   176   201   202
    2    75   168   191   201
    2   179   171   183   189
    2    55    54   175    68
    2    59    90   180   195
    2   176    59   180   195
    2    62    63    87   174
    2   187   176   202    54
    2    85    78   184   178
    2    79    78   184    85
    2    89   173   194   195
    2    91    58   180    92
    2    75   168    47   191
    2   171    51   183   189
    2    46    45   168    75
    2    51    71   183   189
    2    58    57   180    92
    2   168    75   187   201
    2    59    60    89   173
    2    75    45   196    74
    4   226   179   132   231
    2   184   185   197   199
    2   184   178   197   185
    2    78   178   197   184
    2   187   176   168   201
    2    79    78   197   184
    4   184   230   120   228
    2    77   191    47   169
    2   170   185   190   197
    2   187   176    54   168
    2   170   178   185   197
    2   188   172   202   195
    2   172   176   202   195
    2    90   180   195   201
    2    73   170   197   178
    2    78    73   197   178
    2    54   168   175   187
    2   169   176   180   201
    2    79   184   197   199
    2   169   201   168   176
    2    20    66   196    74
    2    47   191    77    76
    2   169   180   198   201
    2    68    54   175   187
    2    67    68   175   187
    2   173   188   194   195
    2    21    48   177    77
    2   192   186   199   193
    2   189   183   193   190
    2    69   172   202   188
    2    48    77   169   177
    2    72   170   190   197
    2    64    77   177    92
    2   196    20    67    66
    2    64    21   177    77
    2    72    73   170   197
    2   190   186   193   199
    2    50   170   183   190
    2    59   173   195   176
    2   179   183   193   189
    2   190   186   199   185
    4   233   167   134   234
    2   179    88   194   193
    2    80    82    83   182
    2    61    88   179   193
    2    61    87    88   193
    2    50    72   170   190
    2   170   183   190   185
    2    73    49   170   178
    2    52    70   171   188
    2    52   171   172   188
    2    71    50   183   190
    2   183   179   193   186
    2   182   186   199   192
    2    69    52   172   188
    2    56    73    78   178
    2   183    71   190   189
    2    90    91   180   201
    2   182    80   192   199
    2   171   172   188   173
    2   180    91   198   201
    2   181    80   182    82
    2   181    80    82    81
    2   186   174   193   192
    2   174    87   193   192
    2    61    60   179    88
    2   179   174   193   186
    2    92    91   198   180
    2   174    61   179   193
    2   180   176   195   201
    2   190   186   185   183
    2   191   169   198   201
    2    83    80   182   199
    2    79    80    83   199
    2    79    84   184   199
    2    92    77   177   198
    2    59    89    90   195
    2    79    83    84   199
    2    87   200    63    86
    2   173   172   188   195
    2    53   172   176   202
    2    60    88   194   179
    2    53    69   172   202
    4   182   225   121   230
    2   176   195   201   202
    2   169   177   198   180
    2   177   180    92   198
    2    92   180   177    57
    2    88    60   194    89
    2    47    48    77   169
    4   206   207   106    38
    2   190   186   183   193
    2   174    87    61   193
    2   171   179   194   189
    2   171   173   194   179
    2    61    87   174    62
    4   235   221    53    99
    2    89    59   173   195
    2   181    81   200   192
    2   173    60   194   179
    2    89    60   194   173
    2    54    53   176   202
    2   188   171   194   189
    2   181    80    81   192
    2    72    50   170    73
    2    65    16   200    86
    2    50    49   170    73
    2    68    54   187   202
    2   169    77   191   198
    2    77   169   177   198
    2    82    81   200   181
    2   190   185   199   197
    2    65    81   200    82
    2    87   174   200   192
    4   216   160   124   206
    2   174   181   200   192
    2    63    16   200   181
    2    16    63   200    86
    4   212   161   125   217
    2    58    90    91   180
    2    16    82   200   181
    2   186   199   185   182
    4   218   211    39   207
    4   210   217   156   212
    2    57    64    21   177
    2    51    71    50   183
    2    52    70    51   171
    2    53    69    52   172
    2    54    68    53   202
    2    78    85    14   178
    2    68    69    53   202
    2    69    70    52   188
    2    70    71    51   189
    2    71    72    50   190
    2    76    75    47   191
    2    92    64    57   177
    2    47   168    75    46
    2   182    84    83   199
    2   168   169    47   191
    4   150   219   127   213
    2   199    84   184   182
    2   185   184   182   199
    2   178    14    78    56
    4   212   211   156   210
    2    73   178    56    49
    2   178    14    56    49
    4   148   219   151   158
    3    11    25    44    37
    3    44    43    41    38
    3    25    38    11    44
    3    39    36    13    42
    3    41    38    25    44
    3    39    40    36    42
    3    40    39    38    43
    3    41    40    38    43
    3    42    43    39    40
    4   235   168   220   162
    4     5    94   147    95
    4   168   159    54   175
    4    54   159   168   162
    4    61   131   174   226
    4   141   220    97   227
    4   144   140   146   224
    4    82    83   182   121
    4   174   131    61    62
    4   211   155   212   156
    4   223   170   102   228
    4    24    23   144   229
    4   220   141   109   227
    4   181   182   186   225
    4   171   179   223   222
    4   211   155    41   212
    4   210   165   211   156
    4   166   169   164   140
    4   229   140   234   166
    4   229    23   140   166
    4    83   120   182   121
    4   109   141   220   145
    4   186   174   225   226
    4    50   223   183   170
    4   209   156   217   152
    4   152   114   209    34
    4   179   171   223   183
    4   235   168   162   176
    4    97   220   141   163
    4   141    97   163    18
    4   147     6   205   148
    4   152   149   156   217
    4    61   174   179   226
    4   174   179   226   186
    4   141    97    18    17
    4    98   162   220   163
    4     1    63   232   181
    4   153   151   204   214
    4    63     1   232   130
    4   153   128   151   214
    4   140    22   164   166
    4   183   179   186   226
    4    23    22   140   166
    4   153   128   214   129
    4   153   128   129    29
    4   181   122   225   232
    4    53   162   176   235
    4   179   183   223   226
    4   213   149   152   217
    4   152   114    34    33
    4   172   231   221   173
    4   220   159   163   162
    4   213   149   217   126
    4   210   165   156    35
    4   213   149   126   150
    4   176   221   235   233
    4   126   149   217   161
    4   169   234   166   167
    4   119    85   184   178
    4    85   119   184   120
    4    84    85   184   120
    4   221   173   231   233
    4    30   129   153   214
    4   174    63   181   232
    4   234   168   176   169
    4    16     1   181    63
    4   156   155   212   217
    4   149   155   156   217
    4   161   155   217   212
    4   141   139   163   220
    4    33   157   158   208
    4   152    33   158   208
    4    60    59   133   173
    4   139   141   145   220
    4   162    54   176   168
    4   149   155   217   161
    4    60    61   179   132
    4   109   146   234   224
    4    53   176   221   235
    4   113   157   208   215
    4   210   165    35   116
    4   113   157   215    32
    4   113   157    32    33
    4   157   148   208   205
    4     3    30   153   214
    4   148   157   208   158
    4   183   170   223   185
    4   234   168   169   145
    4   206    41   160   212
    4   171   179   222   231
    4   140   234   166   169
    4   118    13   218   165
    4     3     9    30   214
    4    50   223   170   102
    4   172   231   173   171
    4   171   173   179   231
    4   214     4   204   153
    4     4     3   153   214
    4     3     4    93   214
    4    45    46   168   142
    4    29    30   129   153
    4   152   208   213   209
    4   142    46   168   145
    4    61   132   226   179
    4   234   146   109   145
    4   152   150   213   158
    4   234   168   145   220
    4   145   159   139   220
    4    39   211   218   165
    4    13    39   218   165
    4    23   136   166   229
    4   222    51   223   171
    4   176   221   233   173
    4   181   121   225   122
    4   221   172   100   222
    4   221   176    53   172
    4    13    39   107   218
    4   145   159   220   168
    4   213   208   152   158
    4   145   159   168   142
    4   145   159   142   139
    4   157   154   205   215
    4   170   178   103   228
    4   154    31   215   157
    4    31    96   154   215
    4   220   168   159   162
    4    31    96   215    10
    4   176   221   173   172
    4   154    96   205   215
    4   148   219   158   208
    4   181   121   122    82
    4   232    62   174    63
    4   213   149   150   152
    4   180   176   234   233
    4   167    59   180   233
    4   174   181   225   232
    4   167   180   234   233
    4    14    15    49   178
    4    31    96    10     8
    4   154    96     8     7
    4   103   178   170    49
    4   214   128   151   219
    4    31    32   215   157
    4    32    31   215   112
    4    15    14   119   178
    4   211   155   156    40
    4   140    23   229   144
    4    28   150   151   219
    4   139    19   159   142
    4    28   127   150   219
    4   211   155    40    41
    4   220   162    98   235
    4   206    41    38   160
    4   147   205   204   148
    4    14    85   119   178
    4   150   158   219   213
    4   178   119   228   184
    4   156   115   210    35
    4   150   151   219   158
    4   206    41   212   211
    4   151   128    28   219
    4    28   128   151    29
    4    58    57   164   180
    4    11    38   216   104
    4   164    57   177   180
    4    26    25   155   160
    4   227   109   108   141
    4    58   164   167   180
    4   147   151   204   153
    4    25    41   155   160
    4   205     6   147    95
    4   148   219   208   204
    4   167   164   169   180
    4   169   164   177   180
    4    60   173   231   179
    4   232    62    63   130
    4    60   133   231   173
    4    19    20    55   175
    4    20    19   142   175
    4     6     5   147    95
    4   140   234   169   146
    4   124    11   160   216
    4   169   234   145   146
    4    26   149   161   155
    4   229   140   144   224
    4   166   136   135   229
    4   155    26   160   161
    4   132    60   231   179
    4    27    26   149   161
    4   222    51   171    52
    4   148   219   204   151
    4   167   135   134   234
    4    45    20   142   175
    4    27   126   161   149
    4   232    62   130   131
    4    47   145   146   169
    4   143    47   146   169
    4    50   223   102    51
    4   185   183   230   223
    4   166   135   167   234
    4   183   185   230   186
    4    58    59   180   167
    4    28   126   150   127
    4    27    28   126   150
    4     4   147   204   153
    4   204     4   214    93
    4   140   234   146   224
    4   144   110   224   146
    4   148   147   151   204
    4   206    41   211    38
    4    59   176   180   233
    4   160    38   206   216
    4    11    38   160   216
    4    27   126   149   150
    4    15    49   178   103
    4    38    39   211   207
    4    40    39   165   211
    4   170   178   228   185
    4   147   205    95    94
    4   210   165   116   211
    4   178   184   228   185
    4   166   169   167   164
    4   143   140   164   169
    4   232    62   131   174
    4    94     5   147   204
    4     5     4   147   204
    4   140   143   146   169
    4   184   120   119   228
    4   121   120   182   230
    4   206   106   105    38
    4   161   126   125   217
    4   220   159   139   163
    4   185   184   228   230
    4    48    47   143   169
    4   156    40   165   211
    4    19    55   159   175
    4   185   170   223   228
    4   139    19   163   159
    4    18    19   163   139
    4    18   139   163   141
    4   169   167   180   234
    4   183   186   230   226
    4   143   164   177   169
    4    51   171   183   223
    4   142    19   159   175
    4   142    45   175   168
    4    50    49   103   170
    4   102    50   103   170
    4   209   156   152    34
    4   176   169   180   234
    4    41   155   160   212
    4    57    22   164   177
    4    22   143   164   177
    4   148   154   205   157
    4   156   115    35    34
    4     6   148   154   205
    4   160   125   124   212
    4   127   126   150   213
    4   156   115    34   209
    4   181   121    82   182
    4   181   121   182   225
    4   235   168   176   234
    4   152   114    33   208
    4   159   142   175   168
    4    54    55   175   159
    4    48   143   177   169
    4    22    21   177    57
    4    22   140   164   143
    4   186   182   230   225
    4    21    22   177   143
    4    59   134   233   167
    4    48    21   177   143
    4   173    59   233   176
    4   165   118   117   218
    4   160   125   212   161
    4   154    95   205    96
    4   154    95    96     7
    4    35    36   165    40
    4   155   160   212   161
    4    39    38   106   207
    4   165   117   116   211
    4   171    52   172   222
    4    40    35   156   165
    4    52   100   172   222
    4   100    53   172   221
    4   222    51    52   101
    4   174   181   186   225
    4    59   133   173   233
    4   182   120   184   230
    4   234   235   233   176
    4    38    25    11   160
    4    36    39    13   165
    4    82    16     1   181
    4    93     4     5   204
    4    38    41    25   160
    4    93     9     3   214
    4   154    95     7     6
    4    31    96     8   154
    4    40    39    36   165
    4    39    40    38   211
    4    40    41    38   211
    4   107     2    13   218
    4    12   104    11   216
    4   141    97    17   227
    4   118    13     2   218
    4   123    12    11   216
    4    31   112    10   215
    4   129    30     9   214
    4    24   136    23   229
    4    94    93     5   204
    4   154    95     6   205
    4    50   223    51   183
    4   222    51   101   223
    4   100    53    52   172
    4   122    82     1   181
    4    46   145    47   168
    4   104   105    38   206
    4   100    99    53   221
    4   106   107    39   207
    4   101   100    52   222
    4   102   101    51   223
    4   113   112    32   215
    4   124   123    11   216
    4   114   113    33   208
    4   115   114    34   209
    4   116   115    35   210
    4   162    54    53   176
    4   144   111    24   229
    4   128   127    28   219
    4   153   128    29   151
    4    84    83   120   182
    4   103   178    15   228
    4   178   119    15   228
    4   162    53    99   235
    4   132   131    61   226
    4   133   132    60   231
    4   134   133    59   233
    4   147   205    94   204
    4   232   122     1   181
    4   152   114   208   209
    4   163    98    97   220
    4   216   104    38   206
    4   162    99    98   235
    4   156   115   209   210
    4   145   169    47   168
235
    0.000000     0.000000   102.500000
    0.000000     0.000000   197.500000
 1000.000000   500.000000   500.000000
 1000.000000   404.491000   500.000000
 1000.000000   318.797000   500.000000
 1000.000000   189.550000   500.000000
 1000.000000   117.662000   500.000000
 1000.000000     0.000000   500.000000
 1000.000000   500.000000   447.500000
 1000.000000     0.000000   447.500000
    0.000000   500.000000   360.000000
    0.000000   500.000000   197.500000
    0.000000     0.000000   360.000000
    0.000000   500.000000    50.000000
    0.000000   500.000000   102.500000
    0.000000     0.000000    50.000000
 1000.000000   500.000000   352.500000
 1000.000000   500.000000   268.649000
 1000.000000   500.000000   133.314000
 1000.000000   500.000000    50.000000
 1000.000000     0.000000    50.000000
 1000.000000     0.000000   122.406000
 1000.000000     0.000000   272.437000
 1000.000000     0.000000   352.500000
  140.000000   500.000000   500.000000
  323.969000   500.000000   500.000000
  505.945000   500.000000   500.000000
  702.209000   500.000000   500.000000
  846.672000   500.000000   500.000000
  931.142000   500.000000   500.000000
  923.834000     0.000000   500.000000
  845.807000     0.000000   500.000000
  726.316000     0.000000   500.000000
  539.208000     0.000000   500.000000
  330.008000     0.000000   500.000000
  140.000000     0.000000   500.000000
    0.000000   500.000000   500.000000
    0.000000   333.333000   360.000000
    0.000000   166.667000   360.000000
  140.000000   166.667000   500.000000
  140.000000   333.333000   500.000000
    0.000000     0.000000   500.000000
    0.000000   242.991000   500.000000
    0.000000   396.572000   500.000000
 1000.000000   407.910000    50.000000
 1000.000000   315.820000    50.000000
 1000.000000   184.180000    50.000000
 1000.000000    92.090000    50.000000
   87.097000   500.000000    50.000000
  174.194000   500.000000    50.000000
  346.802000   500.000000    50.000000
  520.996000   500.000000    50.000000
  695.190000   500.000000    50.000000
  825.806000   500.000000    50.000000
  912.903000   500.000000    50.000000
    0.000000   500.000000     0.000000
  912.903000     0.000000    50.000000
  825.806000     0.000000    50.000000
  679.565000     0.000000    50.000000
  505.371000     0.000000    50.000000
  331.177000     0.000000    50.000000
  174.194000     0.000000    50.000000
   87.097000     0.000000    50.000000
 1000.000000     0.000000     0.000000
    0.000000     0.000000     0.000000
 1000.000000   500.000000     0.000000
  927.971000   500.000000     0.000000
  835.176000   500.000000     0.000000
  621.545000   500.000000     0.000000
  441.950000   500.000000     0.000000
  272.564000   500.000000     0.000000
  157.835000   500.000000     0.000000
   87.974000   500.000000     0.000000
 1000.000000   428.695000     0.000000
 1000.000000   315.029000     0.000000
 1000.000000   181.541000     0.000000
 1000.000000    95.467000     0.000000
    0.000000   417.316000     0.000000
    0.000000   319.131000     0.000000
    0.000000   165.292000     0.000000
    0.000000    98.300000     0.000000
    0.000000    92.090000    50.000000
    0.000000   192.578000    50.000000
    0.000000   315.820000    50.000000
    0.000000   407.910000    50.000000
   64.756000     0.000000     0.000000
  180.188000     0.000000     0.000000
  386.853000     0.000000     0.000000
  578.125000     0.000000     0.000000
  740.474000     0.000000     0.000000
  826.258000     0.000000     0.000000
  903.659000     0.000000     0.000000
 1000.000000   407.910000   447.500000
 1000.000000   315.820000   447.500000
 1000.000000   184.180000   447.500000
 1000.000000    92.090000   447.500000
  912.837000   500.000000   330.709000
  825.674000   500.000000   308.918000
  681.661000   500.000000   272.915000
  507.335000   500.000000   229.334000
  333.009000   500.000000   185.752000
  174.326000   500.000000   146.082000
   87.163000   500.000000   124.291000
    0.000000   407.910000   197.500000
    0.000000   315.820000   197.500000
    0.000000   184.180000   197.500000
    0.000000    92.090000   197.500000
 1000.000000   407.910000   352.500000
 1000.000000   315.820000   352.500000
 1000.000000   184.180000   352.500000
 1000.000000    92.090000   352.500000
  912.837000     0.000000   425.709000
  825.674000     0.000000   403.918000
  681.661000     0.000000   367.915000
  507.335000     0.000000   324.334000
  333.009000     0.000000   280.752000
  174.326000     0.000000   241.082000
   87.163000     0.000000   219.291000
    0.000000   407.910000   102.500000
    0.000000   315.820000   102.500000
    0.000000   184.180000   102.500000
    0.000000    92.090000   102.500000
   87.163000   500.000000   219.291000
  178.119000   500.000000   242.030000
  352.445000   500.000000   285.611000
  526.771000   500.000000   329.193000
  701.097000   500.000000   372.774000
  825.674000   500.000000   403.918000
  912.837000   500.000000   425.709000
   87.163000     0.000000   124.291000
  178.119000     0.000000   147.030000
  352.445000     0.000000   190.611000
  526.771000     0.000000   234.193000
  701.097000     0.000000   277.774000
  825.674000     0.000000   308.918000
  912.837000     0.000000   330.709000
    0.000000   362.742000   152.335000
    0.000000   140.035000   145.190000
 1000.000000   432.957000   200.916000
 1000.000000    83.280000   206.795000
 1000.000000   415.254000   282.170000
 1000.000000   406.463000   113.083000
 1000.000000    95.754000   104.165000
 1000.000000   100.571000   302.849000
 1000.000000   309.182000   180.970000
 1000.000000   197.466000   214.978000
  931.322000   284.182000   500.000000
  851.189000   235.588000   500.000000
  469.933000   371.345000   500.000000
  644.780000   377.796000   500.000000
  819.603000   386.988000   500.000000
  594.016000   190.405000   500.000000
  902.028000   434.186000   500.000000
  945.344000   119.548000   500.000000
  288.166000   338.757000   500.000000
  382.015000   184.353000   500.000000
  844.545000   110.273000   500.000000
  736.292000   250.994000   500.000000
  898.492000   500.000000   149.362000
  176.430000   500.000000   371.466000
  369.862000   500.000000   398.215000
  799.508000   500.000000   190.342000
  922.854000   500.000000   254.229000
  909.050000     0.000000   119.635000
  176.917000     0.000000   363.434000
  901.295000     0.000000   236.228000
  814.693000     0.000000   180.947000
  902.100000   318.754000    50.000000
  904.956000   151.544000    50.000000
  127.986000   428.854000    50.000000
  439.470000   334.436000    50.000000
  599.335000   353.575000    50.000000
  573.524000   173.267000    50.000000
  173.229000    90.086000    50.000000
  923.881000   442.714000    50.000000
  743.577000   270.416000    50.000000
  940.387000    55.213000    50.000000
   59.030000   438.370000    50.000000
  363.913000   177.088000    50.000000
  817.523000    80.623000    50.000000
   76.486000    99.577000    50.000000
   73.049000   213.386000    50.000000
  250.530000   343.442000    50.000000
   58.452000   350.689000    50.000000
  129.129000   341.626000    50.000000
  170.043000   212.867000    50.000000
  863.994000   380.551000     0.000000
  537.620000   340.330000     0.000000
  355.718000   338.059000     0.000000
  190.936000   366.544000     0.000000
  941.947000   179.901000     0.000000
  115.761000   137.287000     0.000000
  259.415000   171.983000     0.000000
  467.657000   171.603000     0.000000
  676.688000   179.842000     0.000000
  949.493000   426.838000     0.000000
   93.941000   391.297000     0.000000
  895.235000   100.429000     0.000000
   76.107000   266.493000     0.000000
   63.968000    52.985000     0.000000
  821.742000   203.797000     0.000000
  720.620000   377.265000     0.000000
 1000.000000   137.541000   395.013000
  926.774000   345.763000   429.194000
  922.517000   189.169000   428.129000
  123.187000   345.395000   228.297000
   90.473000   185.106000   220.118000
  788.581000   179.608000   394.645000
  566.944000   150.549000   339.236000
  386.035000   149.036000   294.009000
  204.107000   178.314000   248.527000
  279.572000   340.279000   267.393000
  637.661000   328.629000   356.915000
  929.424000   434.823000   429.856000
  914.084000    78.066000   426.021000
   85.176000   428.914000   218.794000
  463.902000   332.383000   313.476000
  103.275000    86.123000   223.319000
  778.961000   376.337000   392.240000
  868.696000   377.952000   319.674000
  593.687000   326.744000   250.922000
  400.435000   349.293000   202.609000
  244.879000   381.431000   163.720000
  927.383000   155.926000   334.346000
  102.860000   147.958000   128.215000
  249.610000   150.182000   164.902000
  947.301000   410.755000   339.325000
   82.191000   402.152000   123.048000
  910.809000    65.225000   330.202000
  118.800000   274.878000   132.200000
  460.258000   191.996000   217.565000
   84.465000    60.128000   123.616000
  654.761000   170.624000   266.190000
  808.130000   179.450000   304.533000
  734.355000   350.205000   286.089000
