volumemeshnew
7
1  1 2 3  
1  1 2 5
1  1 3 5
1  2 3 5
1  2 3 4
1  2 4 5
1  3 4 5
162
1     1    22     2     6
1     1    22     2    18
1     1    22     6     5
1     1    22    17    21
1     1    22     5    21
1     1    22    17    18
1    17    38    18    22
1    17    38    18    34
1    17    38    22    21
1    17    38    33    37
1    17    38    21    37
1    17    38    33    34
1    33    54    34    38
1    33    54    34    50
1    33    54    38    37
1    33    54    49    53
1    33    54    37    53
1    33    54    49    50
1     5    26     6    10
1     5    26     6    22
1     5    26    10     9
1     5    26    21    25
1     5    26     9    25
1     5    26    21    22
1    21    42    22    26
1    21    42    22    38
1    21    42    26    25
1    21    42    37    41
1    21    42    25    41
1    21    42    37    38
1    37    58    38    42
1    37    58    38    54
1    37    58    42    41
1    37    58    53    57
1    37    58    41    57
1    37    58    53    54
1     9    30    10    14
1     9    30    10    26
1     9    30    14    13
1     9    30    25    29
1     9    30    13    29
1     9    30    25    26
1    25    46    26    30
1    25    46    26    42
1    25    46    30    29
1    25    46    41    45
1    25    46    29    45
1    25    46    41    42
1    41    62    42    46
1    41    62    42    58
1    41    62    46    45
1    41    62    57    61
1    41    62    45    61
1    41    62    57    58
1     2    23     3     7
1     2    23     3    19
1     2    23     7     6
1     2    23    18    22
1     2    23     6    22
1     2    23    18    19
1    18    39    19    23
1    18    39    19    35
1    18    39    23    22
1    18    39    34    38
1    18    39    22    38
1    18    39    34    35
1    34    55    35    39
1    34    55    35    51
1    34    55    39    38
1    34    55    50    54
1    34    55    38    54
1    34    55    50    51
1     6    27     7    11
1     6    27     7    23
1     6    27    11    10
1     6    27    22    26
1     6    27    10    26
1     6    27    22    23
1    22    43    23    27
1    22    43    23    39
1    22    43    27    26
1    22    43    38    42
1    22    43    26    42
1    22    43    38    39
1    38    59    39    43
1    38    59    39    55
1    38    59    43    42
1    38    59    54    58
1    38    59    42    58
1    38    59    54    55
1    10    31    11    15
1    10    31    11    27
1    10    31    15    14
1    10    31    26    30
1    10    31    14    30
1    10    31    26    27
1    26    47    27    31
1    26    47    27    43
1    26    47    31    30
1    26    47    42    46
1    26    47    30    46
1    26    47    42    43
1    42    63    43    47
1    42    63    43    59
1    42    63    47    46
1    42    63    58    62
1    42    63    46    62
1    42    63    58    59
1     3    24     4     8
1     3    24     4    20
1     3    24     8     7
1     3    24    19    23
1     3    24     7    23
1     3    24    19    20
1    19    40    20    24
1    19    40    20    36
1    19    40    24    23
1    19    40    35    39
1    19    40    23    39
1    19    40    35    36
1    35    56    36    40
1    35    56    36    52
1    35    56    40    39
1    35    56    51    55
1    35    56    39    55
1    35    56    51    52
1     7    28     8    12
1     7    28     8    24
1     7    28    12    11
1     7    28    23    27
1     7    28    11    27
1     7    28    23    24
1    23    44    24    28
1    23    44    24    40
1    23    44    28    27
1    23    44    39    43
1    23    44    27    43
1    23    44    39    40
1    39    60    40    44
1    39    60    40    56
1    39    60    44    43
1    39    60    55    59
1    39    60    43    59
1    39    60    55    56
1    11    32    12    16
1    11    32    12    28
1    11    32    16    15
1    11    32    27    31
1    11    32    15    31
1    11    32    27    28
1    27    48    28    32
1    27    48    28    44
1    27    48    32    31
1    27    48    43    47
1    27    48    31    47
1    27    48    43    44
1    43    64    44    48
1    43    64    44    60
1    43    64    48    47
1    43    64    59    63
1    43    64    47    63
1    43    64    59    60
64
  0.000000   0.000000   0.000000
  0.000000   0.000000   0.333333
  0.000000   0.000000   0.666667
  0.000000   0.000000   1.000000
  0.000000   0.333333   0.000000
  0.000000   0.333333   0.333333
  0.000000   0.333333   0.666667
  0.000000   0.333333   1.000000
  0.000000   0.666667   0.000000
  0.000000   0.666667   0.333333
  0.000000   0.666667   0.666667
  0.000000   0.666667   1.000000
  0.000000   1.000000   0.000000
  0.000000   1.000000   0.333333
  0.000000   1.000000   0.666667
  0.000000   1.000000   1.000000
  0.333333   0.000000   0.000000
  0.333333   0.000000   0.333333
  0.333333   0.000000   0.666667
  0.333333   0.000000   1.000000
  0.333333   0.333333   0.000000
  0.333333   0.333333   0.333333
  0.333333   0.333333   0.666667
  0.333333   0.333333   1.000000
  0.333333   0.666667   0.000000
  0.333333   0.666667   0.333333
  0.333333   0.666667   0.666667
  0.333333   0.666667   1.000000
  0.333333   1.000000   0.000000
  0.333333   1.000000   0.333333
  0.333333   1.000000   0.666667
  0.333333   1.000000   1.000000
  0.666667   0.000000   0.000000
  0.666667   0.000000   0.333333
  0.666667   0.000000   0.666667
  0.666667   0.000000   1.000000
  0.666667   0.333333   0.000000
  0.666667   0.333333   0.333333
  0.666667   0.333333   0.666667
  0.666667   0.333333   1.000000
  0.666667   0.666667   0.000000
  0.666667   0.666667   0.333333
  0.666667   0.666667   0.666667
  0.666667   0.666667   1.000000
  0.666667   1.000000   0.000000
  0.666667   1.000000   0.333333
  0.666667   1.000000   0.666667
  0.666667   1.000000   1.000000
  1.000000   0.000000   0.000000
  1.000000   0.000000   0.333333
  1.000000   0.000000   0.666667
  1.000000   0.000000   1.000000
  1.000000   0.333333   0.000000
  1.000000   0.333333   0.333333
  1.000000   0.333333   0.666667
  1.000000   0.333333   1.000000
  1.000000   0.666667   0.000000
  1.000000   0.666667   0.333333
  1.000000   0.666667   0.666667
  1.000000   0.666667   1.000000
  1.000000   1.000000   0.000000
  1.000000   1.000000   0.333333
  1.000000   1.000000   0.666667
  1.000000   1.000000   1.000000
