volumemeshnew
678
   1  153  159    2
   1   37  156   34
   1  151  150  167
   1  156  157  167
   1  153  152  168
   1  158  159  168
   1  150   34  156
   1  150  156  167
   1    1    2  159
   1  159  153  168
   1  167  157  151
   1  158  152  157
   1  151  157  152
   1  158  168  152
   2  162  161  165
   2  165    2  162
   2  166  165  161
   2    2    1  162
   2   42   43  166
   2  161  160  166
   2  160   42  166
   3   18   17  169
   3   22   21  170
   3   17   16  171
   3  169   17  171
   3   16   56  171
   3   19   18  172
   3  129   19  172
   3   18  169  172
   3   21   20  173
   3  170   21  173
   3   20  132  173
   3   23   22  174
   3   53   23  174
   3   22  170  174
   3   53  174   54
   3  175   54  174
   3   56   55  171
   3  129  172  130
   3  176  130  172
   3  132  131  173
   3    4  115    3
   3  116  115    5
   3  118  117    7
   3    6    7  117
   3   10  118    8
   3    4    5  115
   3    9    3  115
   3   54  175   55
   3    7    8  118
   3   55  176  171
   3  130  176  131
   3  116    5  117
   3  175  174  170
   3    5    6  117
   3  176  172  169
   3  169  171  176
   3  131  175  173
   3  176   55  175
   3  175  131  176
   3  170  173  175
   4    5    4  177
   4  178  181    6
   4   12   13  179
   4    4    3  180
   4  177    4  180
   4    3   28  180
   4    8    7  181
   4   15    8  181
   4    7    6  181
   4   11   12  182
   4   30   11  182
   4   12  179  182
   4   14   15  183
   4   15  181  183
   4   25   24   31
   4   26   25  184
   4  182  179  184
   4   28   27  180
   4   25   31  184
   4   31   30  182
   4  177  178    5
   4  184  179  185
   4   31  182  184
   4   14  183   13
   4   27   26  185
   4  185   26  184
   4  183  181  178
   4   13  183  179
   4    6    5  178
   4   27  185  177
   4  180   27  177
   4  185  178  177
   4  183  178  185
   4  185  179  183
   5   84   83  186
   5  124  123  186
   5   85   84  187
   5   84  186  187
   5   88   87  188
   5   20   21  119
   5   22   23   88
   5   24   25  139
   5  139   25  140
   5  140   25   26
   5   27  141   26
   5   27   28  142
   5  142   28    9
   5   29   24  139
   5  188   87  189
   5   87   86  189
   5  187  122   85
   5  189   86  121
   5  119   21  190
   5  120  119  190
   5   21   22  190
   5   22   88  188
   5  120  190  189
   5   27  142  141
   5    3    9   28
   5   22  188  190
   5  140   26  141
   5   83   40  186
   5   39  186   40
   5  123  122  187
   5   39  124  186
   5  186  123  187
   5   86   85  122
   5  122  121   86
   5  121  120  189
   5  188  189  190
   6   77   78  191
   6  137  138  191
   6   81   82  192
   6  128  127   12
   6  136  137  193
   6  137  191  193
   6   12   11  128
   6   13   12  127
   6  127  126   13
   6   15   14  125
   6  125   14  126
   6  125   10   15
   6   16   17   82
   6   18   19  133
   6   11   43  128
   6   78   79  193
   6   82   17  192
   6   18  133  194
   6   17   18  194
   6  133  134  194
   6  134  135  192
   6  135  136   80
   6    8   15   10
   6   77  191   41
   6   42   41  191
   6   17  194  192
   6   79   80  136
   6   14   13  126
   6  135   80  192
   6  138   42  191
   6   78  193  191
   6   79  136  193
   6   80   81  192
   6  194  134  192
   7   90   89  148
   7   24   29  195
   7   44   24  195
   7   29  155  195
   7  195  154   33
   7   33   44  195
   7   89   36  149
   7   89  149  148
   7   40   90  147
   7  148  147   90
   7   36   37  149
   7   39   40  147
   7  155  154  195
   7   34   33  154
   8  112  113  196
   8  144  145  196
   8  113  114  197
   8  143  144  197
   8   29   24  198
   8  164   29  198
   8   24   31  198
   8   30  200   31
   8   42   41  199
   8  146   42  199
   8   41  111  199
   8   11   43  200
   8   30   11  200
   8   43  163  200
   8  197  144  196
   8  113  197  196
   8  198  200  164
   8  112  196  201
   8  196  145  201
   8  198   31  200
   8   39  143   40
   8   40  143  114
   8  197  114  143
   8  163  164  200
   8  199  111  201
   8  111  112  201
   8  146  199  201
   8  145  146  201
   9   30   48   11
   9   31   49   30
   9   48   30   49
   9   24   44   31
   9   32   11   48
   9   49   31   44
  10   92   93  161
  10   43   11  202
  10  166   43  202
  10   11   32  202
  10   32   35  202
  10   38   92  162
  10  162   92  161
  10   93   41  160
  10  160  161   93
  10  202   35  165
  10   35    2  165
  10    1   38  162
  10   41   42  160
  10  165  166  202
  11   34  150   33
  11   47  153   35
  11   47   46  152
  11  152   46  151
  11   37   36  156
  11   38    1  105
  11  151   46  150
  11   47  152  153
  11  106  105  158
  11  158  105  159
  11  159  105    1
  11  108  107  157
  11   36  108  156
  11  156  108  157
  11    2   35  153
  11   46   33  150
  11  157  107  106
  11  157  106  158
  12   44   33   45
  13   49   46   44
  13   33   44   46
  13   47   46   48
  13   48   46   49
  13   35   47   32
  13   48   32   47
  14   44   45   52
  14   51   50   48
  14   49   52   48
  14   51   48   52
  14   52   49   44
  14   32   48   50
  15   45   33   52
  15   33   46   52
  15   46   47   51
  15   51   47   50
  15   50   47   35
  15   51   52   46
  16   32   50   35
  17   23   53   57
  17   53   54   69
  17   69   54   68
  17   55   56   66
  17   66   56   16
  17   66   16   58
  17   53   69   57
  17   66   67   55
  17   68   54   67
  17   54   55   67
  18   54   53  203
  18   56   55  204
  18   77   78  205
  18   79   80  206
  18   84   83  207
  18   85   84  208
  18   84  207  208
  18  113  112  209
  18   53   23  210
  18  203   53  210
  18   23   88  210
  18   16   56  211
  18   82   16  211
  18   56  204  211
  18   41   77  111
  18  111   77  205
  18   81   82  212
  18   82  211  212
  18   83   40  114
  18   88   87  210
  18   83  114  207
  18  112  111  205
  18  114  113  213
  18  207  114  213
  18  113  209  213
  18   78   79  214
  18  205   78  214
  18   79  206  214
  18   86   85  215
  18  214  206  215
  18   87   86  216
  18  210   87  216
  18   86  215  216
  18  212  211  217
  18  211  204  217
  18   54  203   55
  18   81  212   80
  18   80  212  206
  18  216  215  206
  18  214  209  205
  18  213  209  215
  18  212  217  206
  18   85  208  215
  18  112  205  209
  18  215  208  213
  18  208  207  213
  18  203  210  216
  18  214  215  209
  18  216  217  203
  18   55  203  204
  18  216  206  217
  18  204  203  217
  19   23   57   59
  19   59   60   88
  19   88   60   87
  19   59   88   23
  19   87   60   86
  19   62   63   84
  19   84   63   64
  19   84   64   83
  19   83   64   65
  19   40   83   65
  19   84   85   62
  19   60   61   86
  19   61   62   85
  19   85   86   61
  20   58   16   70
  20   71   70   82
  20   82   70   16
  20   71   82   81
  20   74   73   78
  20   78   73   79
  20   75   74   78
  20   76   75   77
  20   77   75   78
  20   77   41   76
  20   71   81   80
  20   72   71   80
  20   73   72   79
  20   80   79   72
  21   60   59  218
  21   62   61  219
  21   64   63  220
  21   67   66  221
  21   73   74  222
  21   97   96  223
  21   59   57   69
  21   65   64   95
  21   66   58  224
  21  221   66  224
  21   58   70  224
  21  220  225   64
  21   70   71  224
  21   75   76   98
  21   96   95  225
  21  223   96  225
  21   95   64  225
  21   59   69  218
  21   98   97  222
  21   60  218   61
  21   72  227  221
  21   63   62  220
  21  221  226   67
  21   69   68  218
  21   72   73  227
  21  226  221  227
  21   73  222  227
  21   74   75  222
  21   61  226  219
  21  219  226  227
  21   62  219  220
  21   75   98  222
  21  223  225  228
  21  224   71  221
  21   68   67  226
  21   71   72  221
  21  227  222  228
  21   97  223  222
  21  219  227  228
  21  218   68  226
  21  222  223  228
  21  225  220  228
  21  219  228  220
  21  226   61  218
  22  100   90   65
  22   99   91   89
  22   90  100   89
  22   99   89  100
  22   40   65   90
  22   36   89   91
  23   65   40   95
  23   41   76  111
  23  111   76   98
  23   96   95  114
  23  114   95   40
  23   97   96  112
  23   96  114  113
  23   96  113  112
  23  111   98   97
  23  112  111   97
  24   90   89  229
  24   92   93  230
  24  112  113  231
  24   89   36  232
  24  229   89  232
  24   36  108  232
  24   40   90  233
  24  114   40  233
  24   90  229  233
  24   38   92  234
  24  105   38  234
  24   92  230  234
  24   93   41  235
  24  230   93  235
  24   41  111  235
  24  106  105  236
  24  105  234  236
  24  108  107  232
  24  231  235  112
  24  113  114  237
  24  231  113  237
  24  114  233  237
  24  106  236  107
  24  229  238  233
  24  237  233  238
  24  231  237  238
  24  229  232  238
  24  236  235  231
  24  234  230  236
  24  232  107  238
  24  230  235  236
  24  107  236  238
  24  231  238  236
  24  111  112  235
  25   36   91  101
  25   94   38  105
  25   94  105  104
  25  101  102  108
  25  108  102  107
  25  103  104  105
  25  101  108   36
  25  105  106  103
  25  107  102  106
  25  102  103  106
  26   93  110   41
  26   94  109   38
  26  109  110   92
  26   92   38  109
  26   93   92  110
  26   76   41  110
  27   95   96  239
  27  102  101  240
  27  241  243  103
  27   65   95  242
  27  100   65  242
  27   95  239  242
  27   98  243   97
  27   98   76  110
  27   91   99  101
  27  243  109  104
  27   94  104  109
  27  104  103  243
  27   99  100  242
  27  110  243   98
  27  240  241  102
  27  110  109  243
  27  101   99  240
  27   96   97  239
  27  240   99  242
  27   97  241  239
  27  241   97  243
  27  240  242  239
  27  103  102  241
  27  239  241  240
  28    9  115   20
  28  115  116  244
  28  131  132  244
  28  117  118  245
  28  129  130  245
  28  118   10  129
  28  129   10   19
  28  118  129  245
  28  132   20  115
  28  132  115  244
  28  245  130  117
  28  131  116  130
  28  117  130  116
  28  244  116  131
  29  116  115  246
  29  118  117  247
  29  127  126  248
  29  128  127  249
  29  127  248  249
  29  140  139  250
  29  249  248  250
  29  164  163  251
  29  249  250  251
  29  115    9  252
  29  246  115  252
  29    9  142  252
  29  140  250  253
  29  141  140  253
  29  250  248  253
  29   10  118  254
  29  125   10  254
  29  118  247  254
  29  126  125  254
  29   43  128  163
  29  163  128  251
  29  139   29  164
  29  139  164  251
  29  246  247  116
  29  128  249  251
  29  142  141  252
  29  139  251  250
  29  248  126  254
  29  248  247  253
  29  141  253  252
  29  252  253  246
  29  254  247  248
  29  253  247  246
  29  117  116  247
  30  122  123  139
  30   20  119  142
  30  119  120  141
  30  119  141  142
  30   20  142    9
  30  124   39   29
  30   29  139  124
  30  120  121  141
  30  121  122  140
  30  140  122  139
  30  123  124  139
  30  141  121  140
  31  120  119  255
  31  122  121  256
  31  124  123  257
  31  130  129  258
  31  136  137  259
  31  145  144  260
  31  119   20  132
  31   39  124  143
  31  129   19  261
  31  258  129  261
  31   19  133  261
  31  143  124  257
  31  133  134  261
  31  138   42  146
  31  144  143  262
  31  260  144  262
  31  143  257  262
  31  119  132  255
  31  259  137  263
  31  137  138  263
  31  120  255  121
  31  134  135  264
  31  123  122  265
  31  257  123  265
  31  122  256  265
  31  138  146  263
  31  130  258  131
  31  132  131  255
  31  135  136  266
  31  265  256  266
  31  135  266  264
  31  121  255  256
  31  146  145  263
  31  256  264  266
  31  266  136  259
  31  145  260  263
  31  261  134  258
  31  264  131  258
  31  264  258  134
  31  265  266  260
  31  255  131  264
  31  259  260  266
  31  257  265  262
  31  264  256  255
  31  263  260  259
  31  260  262  265
  32  137  136  128
  32   10  125   19
  32  125  126  133
  32  133  126  134
  32  125  133   19
  32   42  138   43
  32  134  126  135
  32  126  127  135
  32  127  128  136
  32  128   43  138
  32  135  127  136
  32  138  137  128
  33  148  149  154
  33   34  154  149
  33  154  155  148
  33   29   39  155
  33  147  148  155
  33   34  149   37
  33   39  147  155
  34   39   29  143
  34  144  143  164
  34  144  164  145
  34  146  145  163
  34  163  145  164
  34  146  163   43
  34   42  146   43
  34   29  164  143
  35  143  144  267
  35  149  148  268
  35  159  158  269
  35  160  161  270
  35   39  143  147
  35  145  146  270
  35  146   42  160
  35  146  160  270
  35   37  149  156
  35  156  149  268
  35  157  156  271
  35  156  268  271
  35    1  159  272
  35  162    1  272
  35  159  269  272
  35  147  143  267
  35  161  162  272
  35  267  144  273
  35  144  145  273
  35  148  147  274
  35  268  148  274
  35  147  267  274
  35  158  157  271
  35  161  272  270
  35  271  268  274
  35  269  273  270
  35  273  269  271
  35  267  273  271
  35  269  270  272
  35  145  270  273
  35  158  271  269
  35  267  271  274
  36  150  151  275
  36  152  153  276
  36   34  150  277
  36  154   34  277
  36  150  275  277
  36  151  152  278
  36  163  164  278
  36  153    2  279
  36  276  153  279
  36    2  165  279
  36  155  154  280
  36  154  277  280
  36   43  163  166
  36  155  280   29
  36  278  276  163
  36  165  166  279
  36  152  276  278
  36  166  163  276
  36  278  164  280
  36  164   29  280
  36  151  278  275
  36  280  277  275
  36  275  278  280
  36  279  166  276
958
    1   144   145   273   164
    1   144   143   164   267
    1   150   167   275   268
    1   150   156   167   268
    1   268   167   275   271
    1   162   279     2   272
    1   276   168   153   272
    1   276   168   272   269
    1    39   280   147   155
    1   276   168   269   152
    1   276   168   152   153
    1   151   157   271   167
    1   163   145   164   273
    1   167   151   275   271
    1    39   280   155    29
    1   269   278   276   152
    1   150   149   156   268
    1    42   146   166   160
    1   153   159   272   168
    1   158   152   269   168
    1   153     2   272   159
    1    42    43   166   146
    1   154   148   274   155
    1   146   160   270   166
    1   270   163   276   273
    1   161   279   270   166
    1   163   146   270   166
    1   144   164   273   267
    1   273   270   163   145
    1   276   153   279   272
    1   272   269   168   159
    1   276   163   270   166
    1   154   277   280   274
    8   205   214   263   260
    1   267   275   280   278
    1   270   272   269   276
    1   271   268   274   275
    1   276   270   273   269
    1   280   277   275   274
    1   267   275   278   271
    1     2   159     1   272
    1   162     2     1   272
    1   149    37    34   156
    1    39   280    29   143
    1   143    29   164   280
    8   266   215   265   260
    8   248   183   254   126
    1   146   163    43   166
    1   153   272     2   279
    1   162   279   272   161
    1   148   155   147   274
    1   163   146   145   270
    1   150   149    34   156
    1   151   157   152   271
    1   154    34   277   149
    1   157   158   152   271
    1   167   151   150   275
    8   247   181   118   254
    1   157   167   156   271
    1   159   168   158   269
    1   166   161   160   270
    1   162   279   161   165
    1   158   269   152   271
    1   151   152   278   271
    1   155   274   154   280
    1   167   268   156   271
    1   161   279   166   165
    8   215   262   208   265
    8   266   259   214   260
    1   275   271   151   278
    1   269   278   152   271
    1   267   275   271   274
    1   267   275   274   280
    1   269   278   271   273
    1   166   276   279   270
    1   269   278   273   276
    8   163   251   128   200
    1   147   280   143   267
    1   154   268   277   274
    1   162   279   165     2
    1   147   280   267   274
    8   259   263   214   260
    1   150   275   277   268
    1   272   279   276   270
    1   267   278   280   164
    8   180   246   115   252
    1   277   275   274   268
    1   147   280   274   155
    1   280   164   143   267
    1   154   268   274   148
    1   161   279   272   270
    1    39   280   143   147
    8   265   256   215   266
    8   216   266   256   264
    1   154   268   148   149
    1   154   268   149   277
    1   150   149   268   277
    8   262   257   208   265
    8   255   216   256   264
    8   249   250   184   251
    8   250   248   185   253
    8   253   248   178   247
    8   247   248   183   254
    8    30    11   182   200
    8    19    18   172   261
    8   116     5   117   178
    8   183   178   248   247
    8   250   249   179   248
    8   178   246   253   247
    8   246   252   177   253
    8   134   258   264   192
    8   134   258   194   261
    1   150   149   277    34
    8   179   183   185   248
    1   276   278   273   163
    8   120   189   255   190
    1   271   267   273   278
    8   258   261   129   172
    8   216   266   264   206
    1   273   267   164   278
    8   177   178   253   185
    1   278   163   164   273
    2   248   247   264   258
    2    20   119   142   252
    2   258   254   129   261
    2   245   130   247   258
    2   251   164   262   257
    2   164   251   262   260
    2   254   258   245   247
    2   132   115   246   252
    2   141   255   121   253
    2   249   135   266   136
    2    19   125   261   254
    2   248   250   266   264
    2   163   251   260   263
    2   249   135   136   127
    2    10    19   129   254
    2   250   265   266   256
    2   246   132   252   255
    2   264   247   131   258
    2   266   265   250   251
    2   253   250   264   256
    2   128   136   249   259
    2    42    43   146   138
    2   129   254   258   245
    8   178   116   246   247
    2   146    43   163   263
    2   126   125   261   133
    2   131   116   246   244
    2   261   125    19   133
    2   131   132   244   246
    2   117   130   247   245
    2   259   251   128   263
    2   128   251   259   249
    2   246   253   264   255
    2   139   251   265   257
    2   140   121   256   253
    2   126   134   248   135
    2   140   122   250   256
    2   126   258   134   261
    2   122   139   250   265
    2   143    29   257   164
    2   246   115   132   244
    2   126   258   261   254
    2    29   124   257   139
    2   249   251   259   266
    2   145   163   164   260
    2   128    43   138   263
    2   121   255   141   120
    2   131   247   246   116
    2   119   141   252   255
    2   129   118   254   245
    2   252   141   119   142
    2   131   247   116   130
    8   206   264   135   266
    8   206   266   135   136
    2   125    19    10   254
    2   124    39    29   143
    2   129   118    10   254
    2   119    20   132   252
    2   146   138    43   263
    2   139    29   164   257
    2   163    43   128   263
    2   116   117   130   247
    2   120   141   119   255
    2   122   140   121   256
    2   139   122   123   265
    2   124   139   123   257
    2   127   135   126   248
    2   128   136   127   249
    2   134   133   126   261
    2   249   135   127   248
    2   139   140   122   250
    2   137   136   128   259
    2   140   141   121   253
    2   129   254    19   261
    2   138   137   128   263
    8   264   135   134   192
    2   257   124    29   143
    2   143   144   164   262
    2   145   164   144   260
    2   146   163   145   263
    2   116   244   115   246
    2   245   117   118   247
    2   131   247   130   258
    8   200   164   163   251
    2   130   245   129   258
    2   254   126   125   261
    2   132   255   119   252
    2   132   246   131   255
    2   131   247   264   246
    2   134   135   264   248
    8   143   257   124   186
    2   251   163   128   263
    2   164   251   139   257
    2   164   257   143   262
    2   163   260   145   263
    2   251   164   163   260
    8   255   132   119   173
    2   254   245   118   247
    2   249   135   248   266
    8   201   146   145   263
    2   126   258   254   248
    2   250   256   122   265
    2   256   253   121   255
    8   196   145   144   260
    2   251   250   139   265
    2   250   253   140   256
    2   249   259   136   266
    2   265   257   123   139
    2   248   266   135   264
    2   255   131   264   246
    2   259   263   128   137
    8   186   187   207   257
    2   262   260   144   164
    2   249   248   250   266
    2   248   247   253   264
    2   248   254   247   258
    2   250   251   249   266
    2   253   250   248   264
    2   252   253   246   255
    2   247   264   246   253
    2   257   262   251   265
    2   264   256   250   266
    8   197   144   143   262
    2   264   255   253   256
    2   259   251   263   260
    2   259   266   251   260
    2   260   262   265   251
    2   255   141   252   253
    2   265   251   266   260
    2   248   264   134   258
    2    20   142     9   252
    8   260   201   145   263
    2   126   258   248   134
    2    20   132   252   115
    2   252     9    20   115
    8   262   196   144   260
    3    76    98   235   110
    3   104   234   236   243
    3   102   107   241   236
    3   103   104   236   243
    3   231   238   241   239
    3    91    99   101   232
    3   231   236   241   238
    3    97   111   235   112
    3   102   103   236   241
    3   108   107   232   240
    3    98    97   111   235
    3   109   104   243   234
    3   236   103   243   241
    3   231    96   237   239
    3    97   231   241   239
    3    95    96   239   237
    3   243   231   241    97
    3    89    99   232   229
    3   102   107   108   240
    3   112    97   231   235
    3    98    97   235   243
    3    96   113   237   114
    3   243   231    97   235
    3   101   108   232   240
    3    97    96   231   239
    3   109   110   230   243
    3   230   109   243   234
    3   235   230   243   236
    3    95   114   237   233
    3    95    96   237   114
    3    93    92   110   230
    3   234   230   236   243
    3   229   233   100   242
    3   101   102   108   240
    3   105   103   236   106
    3   238   107   241   240
    3   100   233   229    90
    8   137   193   136   259
    3   229   233   242   238
    3   236   107   241   238
    3   110   230   243   235
    3    92   109   110   230
    3   238   239   242   240
    3   229   238   242   240
    3   238   237   242   239
    3   233   237   242   238
    3   104   105   236   234
    3   104   103   236   105
    3    97    96   112   231
    3    95   237   239   242
    3    95   233   237   242
    3    96   112   231   113
    3   238   239   240   241
    3   100    65   242   233
    3    65    95   242   233
    3   243   231   235   236
    3   229   232   238   240
    3    99   101   232   240
    3    99   229   242   240
    3    92   109   230   234
    3    89    99   229   100
    3   237    96   231   113
    3   232   107   238   240
    3    38    92   234   109
    3   104    94   234   109
    3    94   104   234   105
    3    94    38   234   109
    3    38    94   234   105
    3   107   102   241   240
    3   103   102   236   106
    3    90    89   229   100
    3   243   231   236   241
    3    93    41   235   110
    3    98   110   243   235
    3   237   231   239   238
    3   102   106   107   236
    3   110    93   230   235
    3   229    99   232   240
    3    76    41   235   111
    3    41    76   235   110
    8   208   122   187    85
    3    99   100   242   229
    3    98    76   235   111
    3   114   233    95    40
    3    90    40    65   233
    3    95    65    40   233
    8   259   206   266   214
    8   262   143   207   257
    3   101   108    36   232
    3   100    90    65   233
    3   232    36   101    91
    8   263   193   137   259
    3    99   232    91    89
    3   232    36    91    89
    8    27   253   177   252
    4   203   204   226   217
    4   213   208   220   228
    4   222   111   112   205
    4   111   222    75   205
    4    75    77   205    78
    4   227   212   217   221
    4    97    98   111   222
    4   207    64   225   220
    4    75   222   111    98
    4    75   222    78   205
    4   206    73   227   214
    4   222   214   228   227
    4    64   225   114   207
    4    60    61    86   216
    4    53    54    69   203
    4   227   212   221    72
    4   207    63    64   220
    4    83    64   114   207
    4    64    83    84   207
    4    73    79   214   206
    4   223   222   112   209
    4   222   209   223   228
    4   214   209   222   228
    4   114   225    64    95
    4   213   223   228   225
    4   112   222   223    97
    4    69    68   218   203
    4   112   205   209   222
    4   208   219   220   228
    4   208    62   220   219
    4    69   203   218   210
    4    59    69   218   210
    4    60    59   218   210
    4    80    71    81   212
    4    67   203   204   226
    4   220   213   228   225
    4   222    73    78   214
    4    55    66    67   204
    4   208   213   215   228
    4   203   210   216   218
    4    60    61   216   218
    4    61   216   226   219
    4   227   212    72   206
    4   216   210    60   218
    4    80    72   212   206
    4    63    62   220   208
    4    71    72   212    80
    4   227   212   206   217
    4    84    62   208    85
    4   216    61   226   218
    4    60   210   216    87
    8   134   194   133   261
    4    62    63    84   208
    4   208   207   213   220
    4   207    63   220   208
    4   207    63   208    84
    4   223   113   213   209
    4    71    72   221   212
    4   223   113   209   112
    8   176   131   130   258
    4    96    97   112   223
    4   207    63    84    64
    4   227   216   219   226
    4   216   227   217   226
    4    86    60   216    87
    4   219   215   227   228
    4   213   209   228   223
    4    78    73   222    74
    4   215   206   216   227
    4    86    85   215   219
    4    61    85    86   219
    4   215    86   219   216
    4    86    61   219   216
    4    85   208   215   219
    4   221   217   227   226
    4    62    85   219   208
    4    62    61   219    85
    4    73    72   206   227
    4   214    73   227   222
    4    16    58    66   224
    4    78    73    79   214
    4   214   209   228   215
    4   217   227   216   206
    4    67   203   226    68
    4    67   203    68    54
    4   221   211    66   224
    4    66   211   221   204
    4    72    79   206    80
    8   132   131   173   255
    4   219   216   227   215
    8   175   204    55   203
    4   223   113   112    96
    4   211   212   224   221
    4   211    82   224   212
    4    78   222    75    74
    4   205    78   214   222
    4    82    16   211   224
    8   186   124   123   257
    4   205   209   222   214
    4    66   211    16   224
    4    16   211    66    56
    4   215   214   227   228
    4    57    59   210    69
    4   212   211   217   221
    8   123   122   187   265
    4   112   111   222    97
    8   172   130   129   258
    8   120   189   121   255
    8   190   120   119   255
    4    69    53   203   210
    4   211   204   217   221
    4   223   113   225   213
    4   212    71   224   221
    4    59    60    88   210
    4    66    67   204   221
    8   140   250    26   253
    4   216   203   218   226
    4   203   216   217   226
    4    68   203   226   218
    4    76    41   111    77
    4    70    71   224    82
    4   208   215   219   228
    4    60    87    88   210
    4    82   212    71   224
    8   178   117   116   247
    4    71   212    82    81
    4    76    75   111    98
    4    75    76   111    77
    4   204   203    67    55
    4   214   206   215   227
    8   163   128    43   200
    4   114   113   213   225
    4   225   113   223    96
    4    96   113   114   225
    4    95    96   114   225
    4    66    56   211   204
    4    72    73   206    79
    4    77    75   205   111
    4   217   204   226   221
    4   204    67   226   221
    4   207   114   213   225
    8   139   164    29   198
    4    54    68    69   203
    4    56    55   204    66
    8   142   180     9   252
    4   213   207   225   220
    4   209   213   228   215
    8   251   128   182   249
    8   250   139   184   251
    4    70    58    16   224
    4    82    70    16   224
    4    59    88    23   210
    8   176   264   131   258
    8   187   257   123   265
    4    95    40    65   281
    4    95   114    40   281
    4    67   203    54    55
    8   122   121    86   256
    4    57    59    23   210
    8   189   256   121   255
    4   114    95    64   281
    8   255   131   175   264
    4    69   210    57    53
    4    65    40    83   281
    4   210    23    57    53
    8   248   179   127   249
    4    95    65    64   281
    8   251   164   139   198
    4    83    64    65   281
    4   281   114    40    83
    4    83   114    64   281
    5    33    44    52    45
    5    52    51    48    46
    5    35    47    32    50
    5    44    46    33    52
    5    47    48    32    50
    5    46    44    49    52
    5    48    47    46    51
    5    49    48    46    52
    5    50    51    47    48
    7   231   196   201   273
    7   201   196   231   112
    7    30    48   200    49
    7   196   113   237   231
    7    31    30   200    49
    7   273   235   236   270
    7   111   199   235   201
    7    93   230   235   270
    7   233    40   143   147
    7    90    40   233   147
    7   201   112   231   235
    7    31    49   200   198
    7   143    40   233   114
    7    49    46   280   195
    7    47   202   278   276
    7   234   230   272   269
    7    92   162   234   272
    7   105   234   269   236
    7   200   163   278   202
    7   105   159   269   234
    7    46   195   277   280
    7    38    92   162   234
    7   230    92   234   272
    7    93   161   230   270
    7    49   195   280   198
    7    49   198   280   278
    7    46    33   277   195
    7    46    49   280   278
    7    33    46   277   150
    7   198    44    49   195
    7   195    29   280   198
    7    24    29   195   198
    7   164   198   200   278
    7    93   199   270   235
    7    35   165   202   279
    7    92   161   272   230
    7   232   229   238   268
    7   106   105   158   236
    7    47    35   279   153
    7   158   105   269   236
    7   147    90   274   233
    7   111    41   235   199
    7    93   199   235    41
    7   201   199   235   270
    7    41    42   160   199
    7   146   199   201   270
    7   238   229   274   268
    7    92    93   161   230
    7    93   199    41   160
    7    89    36   149   232
    7   233   229   274   238
    7   108    36   232   156
    7   230   236   270   269
    7   198    44   195    24
    7   233   267   238   274
    7   230   235   270   236
    7    42   146   160   199
    7   157   107   236   271
    7    36   156   149   232
    7    89   229   232   268
    7   149    89   232   268
    7   149   156    36    37
    7   148    89   268   229
    7    47   202   276   279
    7   267   238   274   271
    8   172   129    19   261
    7   197   233   267   237
    7   197   143   267   233
    7   197   196   237   267
    7   144   196   197   267
    7   143   147   267   233
    7   163    43   202   200
    7   114   143   197   233
    7    47    46   152   278
    7    47    35   202   279
    7    11    43   200   202
    7   229    90   233   274
    7    32    11    48   202
    7   274    90   147   148
    7   114   113   237   197
    7   231   267   273   271
    7    33   154   277   195
    7   148    90   229   274
    7   234   230   269   236
    7   156   108   157   232
    7   200    48   202   278
    7    48    47   202   278
    7   267   238   271   231
    8   142   141    27   252
    7   198    49   200   278
    7   106   157   236   158
    7   200    48    11   202
    7    11    48   200    30
    8   141   140    26   253
    7    93   199   160   270
    7    49    48   200   278
    7   238   267   233   237
    7   236   231   271   238
    7   157   107   271   232
    7   112   111   235   201
    7   108   107   157   232
    7   273   235   270   201
    7   232   107   271   238
    7   112   113   196   231
    7   114   197   237   233
    7    89    90   229   148
    7   273   235   201   231
    7   236   107   238   271
    7   267   238   231   237
    7   231   267   237   196
    7   113   196   237   197
    7     1    38   162   234
    7   107   106   157   236
    7   231   236   271   273
    7   145   196   273   201
    7   238   232   268   271
    7   273   235   231   236
    8   143   124    39   186
    7   198    44    24    31
    7    47    35    32   202
    7    46    44    33   195
    7   198    44    31    49
    7    48    47    32   202
    7    46    49    44   195
    7    47    48    46   278
    7    48    49    46   278
    7   105    38     1   234
    7   153     2    35   279
    7   165    35     2   279
    7    34   150    33   277
    7   154    34    33   277
    7   143    40    39   147
    7   159   105     1   234
    8   115     9   180   252
    7   151   152    46   278
    7   152   153    47   276
    7   166   163    43   202
    7   155   195    29   280
    7   149   148    89   268
    7   198   164    29   280
    7   234   162     1   272
    7   160   161    93   270
    7   161   162    92   272
    7   159   158   105   269
    7   159     1   272   234
    7   277   150    46   275
    7   278   152    47   276
    7   153   279    47   276
    7   144   197   143   267
    7   145   196   144   273
    7   146   201   145   270
    7   195   155   154   280
    7   160   199   146   270
    7   164   200   163   278
    8   140   139    25   250
    7   166   202   165   279
    7   232   157   156   271
    7   236   158   157   271
    7   268   149   156   232
    7   151   150   275    46
    7   280   277    46   275
    7   196   267   144   273
    7   201   273   145   270
    7   277   195   154   280
    7   198   278   164   280
    7   278   202   163   276
    7   229   268   148   274
    7   267   233   147   274
    7   270   161   230   272
    7   269   234   159   272
    7   271   268   156   232
    7   269   271   158   236
    7   166   279   276   202
    7   269   270   230   272
    7   231   267   196   273
    7   273   270   236   269
    7   238   268   274   271
    7   271   273   236   269
    8   178   177   253   246
    7    46   151   278   275
    7   166   163   202   276
    7   275    46   280   278
    8   191    78   193   205
    8   127    13   179   248
    8   182   184   251   249
    8    13    14   183   126
    8   184   182   251   198
    8   182   128   251   200
    8   182   198   200   251
    8   201   199   263   205
    8   111   199   201   205
    8   176   192   264   258
    8   255   216   264   203
    8   139   184   251   198
    8    54   175    55   203
    8   171   194   192   176
    8   194   258   134   192
    8   179   184   249   250
    8   119   132    20   173
    8   122   215    85   208
    8   176   172   194   258
    8   259   206   214    79
    8   174   188   203   210
    8    88    87   188   210
    8   175    55   204   176
    8   176   171   204   192
    8    55   171   204   176
    8    53   174   203   210
    8    22   174   210   188
    8    25    26   250   184
    8    88    22   210   188
    8   171   194   176   169
    8   208   122   265   187
    8   194   258   172   261
    8   208   187   265   257
    8   128   127    12   249
    8   255   216   203   189
    8   128    12   182   249
    8   255   216   189   256
    8   255   189   170   190
    8    12   179   182   249
    8    23    53   210   174
    8    22    23   210   174
    8    23    22   210    88
    8   146   191   263   199
    8    87    86   189   216
    8   203   255   189   170
    8   173   170   190   255
    8   194   172   176   169
    8   135    80   192   206
    8    12    13   179   127
    8    55    56   204   171
    8   264   192   176   217
    8   146   199   263   201
    8   127   126    13   248
    8    16    56   171   211
    8   112   196   209   201
    8   112   201   209   205
    8   171    56   204   211
    8    17    16   171   211
    8    16    17    82   211
    8   130   172   176   258
    8   215   209   262   260
    8   171   192   211   204
    8    17   171   192   211
    8    82    17   192   211
    8   122   215   208   265
    8    77    78   191   205
    8    86   189   216   256
    8   170   173   175   255
    8    86   121   189   256
    8   126   125    14   254
    8   183   181   247   254
    8    15   181   183   254
    8   192   176   194   258
    8   137   191   193   263
    8   215   262   265   260
    8   192    82   211   212
    8    81    82   192   212
    8   138   137   263   191
    8    18   169   172   194
    8   198   164   200   251
    8    54    53   174   203
    8   171   194   169    17
    8   144   196   262   197
    8    80   192   206   212
    8   188   203   210   216
    8   188   189   203   216
    8   175   203   264   217
    8    80    81   192   212
    8   201   205   263   260
    8   171   194    17   192
    8   214   193   263   259
    8   191    77   205   199
    8   207   208   262   257
    8   262   209   215   213
    8    18    17   169   194
    8   215   262   213   208
    8   174    54   203   175
    8   208   207   262   213
    8    85    84   187   208
    8   253    27   185    26
    8   203   216   264   217
    8    77   111   205   199
    8   178   181   247   183
    8    87   188   210   216
    8   215   214   260   266
    8   188    87   189   216
    8    15   118   181   254
    8    15   118   254    10
    8   264   206   192   217
    8    13   126   183   248
    8    14    15   183   254
    8   214   209   215   260
    8   264   216   206   217
    8    15    14   125   254
    8   175   176   204   217
    8    39    40   143   186
    8    40   114   143   186
    8    40    83   114   186
    8   192   206   212   217
    8   135   264   206   192
    8   138    42   191   146
    8   203   170   188   174
    8   203   170   174   175
    8   205   193   263   214
    8   118   117     7   247
    8   207   143   262   197
    8   116   115     5   246
    8    15   118    10     8
    8   203   175   204   217
    8   143   207   257   186
    8   176   192   204   217
    8   127    12   249   179
    8    21    20   173   119
    8   213   113   196   209
    8   203   255   170   175
    8   209   196   262   260
    8   146   138   263   191
    8    84   186   187   207
    8   193   191   205   263
    8   216   266   206   215
    8     8   181   118     7
    8   196   113   213   197
    8    19   133    18   261
    8   112   113   209   196
    8   187    84   207   208
    8   177   180   252   246
    8   201   196   209   260
    8     5     6   117   178
    8   199   191   263   205
    8     5   178   246   177
    8   196   209   262   213
    8   178     6   247   181
    8   117     6   247   178
    8   114   197   207   213
    8   114   113   197   213
    8   145   196   201   260
    8   192   211   217   212
    8   192   204   217   211
    8    15   125    10   254
    8    25    24   198   139
    8    15   118     8   181
    8    27   177   180   252
    8    80   135   136   206
    8   143   207   186   114
    8    84    83   186   207
    8    24    25   198    31
    8   207   187   208   257
    8    25   139   198   184
    8   180   142    27   252
    8    31    25   198   184
    8    27   142   180    28
    8   117     6     7   247
    8   177     4   180   246
    8   175   131   176   264
    8    22   170   174   188
    8   136    79   259   193
    8    29    24   139   198
    8   177   253    27   185
    8   253    27    26   141
    8     4   115   180   246
    8    26   185   253   250
    8   215    86   216   256
    8    83   114   186   207
    8   112   111   201   205
    8    31   182   184   198
    8   216   266   215   256
    8     4     3   180   115
    8   197   196   262   213
    8     9     3   180    28
    8   126    14   183   254
    8    80    79   206   136
    8   122   215   265   256
    8   203   170   189   188
    8   186   123   187   257
    8   179   182   249   184
    8   259   206    79   136
    8   253    27   141   252
    8     3     9   180   115
    8   250    26    25   140
    8   259   206   136   266
    8   246   178     5   116
    8     5     4   177   246
    8    86   215   122   256
    8   146    42   191   199
    8    42    41   191   199
    8   143   207   114   197
    8   193    78   214   205
    8    79    78   214   193
    8   139    25   250   184
    8   115     4     5   246
    8   209   205   260   214
    8    11    43   128   200
    8   201   205   260   209
    8   193    79   259   214
    8    28     9   142   180
    8   185   248   250   179
    8   179    13   183   248
    8   178   185   248   253
    8    41    77   191   199
    8    77    41   111   199
    8   122   215    86    85
    8    26   184   185   250
    8   173   119   255   190
    8   133    18   261   194
    8   203   255   175   264
    8    18   172   261   194
    8   197   207   213   262
    8   170   188   190   189
    8   179   184   250   185
    8   206   214   215   266
    8   170    21   173   190
    8    21   119   173   190
    8   131   173   255   175
    8    22   170   188   190
    8    11   182   128    12
    8   175   176   217   264
    8    22    21   170   190
    8     7   118   247   181
    8   128   182    11   200
    8    31   182   198   200
    8    31    30   182   200
    8     6     7   247   181
    8   178   183   248   185
281
    0.000000     0.000000   102.500000
    0.000000     0.000000   197.500000
 1000.000000   500.000000   500.000000
 1000.000000   396.645000   500.000000
 1000.000000   320.351000   500.000000
 1000.000000   178.572000   500.000000
 1000.000000   118.316000   500.000000
 1000.000000     0.000000   500.000000
 1000.000000   500.000000   447.500000
 1000.000000     0.000000   447.500000
  300.000000     0.000000   500.000000
  549.414000     0.000000   500.000000
  732.337000     0.000000   500.000000
  843.421000     0.000000   500.000000
  923.115000     0.000000   500.000000
 1000.000000     0.000000    50.000000
 1000.000000     0.000000   140.652000
 1000.000000     0.000000   278.896000
 1000.000000     0.000000   352.500000
 1000.000000   500.000000   352.500000
 1000.000000   500.000000   262.310000
 1000.000000   500.000000   119.401000
 1000.000000   500.000000    50.000000
  300.000000   500.000000   500.000000
  501.124000   500.000000   500.000000
  688.364000   500.000000   500.000000
  841.303000   500.000000   500.000000
  933.241000   500.000000   500.000000
  300.000000   500.000000   272.500000
  300.000000   166.667000   500.000000
  300.000000   333.333000   500.000000
  140.000000     0.000000   500.000000
    0.000000   500.000000   360.000000
    0.000000   500.000000   197.500000
    0.000000     0.000000   360.000000
    0.000000   500.000000    50.000000
    0.000000   500.000000   102.500000
    0.000000     0.000000    50.000000
  300.000000   500.000000   177.500000
  300.000000   500.000000    50.000000
  300.000000     0.000000    50.000000
  300.000000     0.000000   177.500000
  300.000000     0.000000   272.500000
  140.000000   500.000000   500.000000
    0.000000   500.000000   500.000000
    0.000000   333.333000   360.000000
    0.000000   166.667000   360.000000
  140.000000   166.667000   500.000000
  140.000000   333.333000   500.000000
    0.000000     0.000000   500.000000
    0.000000   189.856000   500.000000
    0.000000   367.555000   500.000000
 1000.000000   407.910000    50.000000
 1000.000000   315.820000    50.000000
 1000.000000   184.180000    50.000000
 1000.000000    92.090000    50.000000
 1000.000000   500.000000     0.000000
 1000.000000     0.000000     0.000000
  930.625000   500.000000     0.000000
  858.567000   500.000000     0.000000
  730.396000   500.000000     0.000000
  541.772000   500.000000     0.000000
  461.523000   500.000000     0.000000
  389.381000   500.000000     0.000000
  300.000000   500.000000     0.000000
 1000.000000   104.652000     0.000000
 1000.000000   224.896000     0.000000
 1000.000000   320.735000     0.000000
 1000.000000   401.567000     0.000000
  931.379000     0.000000     0.000000
  839.643000     0.000000     0.000000
  723.742000     0.000000     0.000000
  561.311000     0.000000     0.000000
  456.099000     0.000000     0.000000
  379.756000     0.000000     0.000000
  300.000000     0.000000     0.000000
  381.794000     0.000000    50.000000
  463.588000     0.000000    50.000000
  571.038000     0.000000    50.000000
  734.626000     0.000000    50.000000
  836.412000     0.000000    50.000000
  918.206000     0.000000    50.000000
  381.794000   500.000000    50.000000
  463.588000   500.000000    50.000000
  571.038000   500.000000    50.000000
  734.626000   500.000000    50.000000
  836.412000   500.000000    50.000000
  918.206000   500.000000    50.000000
  100.000000   500.000000    50.000000
  200.000000   500.000000    50.000000
    0.000000   500.000000     0.000000
  100.000000     0.000000    50.000000
  200.000000     0.000000    50.000000
    0.000000     0.000000     0.000000
  300.000000   416.699000     0.000000
  300.000000   333.398000     0.000000
  300.000000   228.711000     0.000000
  300.000000    83.301000     0.000000
   97.966000   500.000000     0.000000
  181.922000   500.000000     0.000000
    0.000000   422.223000     0.000000
    0.000000   293.733000     0.000000
    0.000000   190.359000     0.000000
    0.000000    91.811000     0.000000
    0.000000    92.090000    50.000000
    0.000000   192.578000    50.000000
    0.000000   315.820000    50.000000
    0.000000   407.910000    50.000000
   85.611000     0.000000     0.000000
  191.346000     0.000000     0.000000
  300.000000    83.301000    50.000000
  300.000000   245.312000    50.000000
  300.000000   333.398000    50.000000
  300.000000   416.699000    50.000000
 1000.000000   407.910000   447.500000
 1000.000000   315.820000   447.500000
 1000.000000   184.180000   447.500000
 1000.000000    92.090000   447.500000
  918.880000   500.000000   332.220000
  837.761000   500.000000   311.940000
  717.922000   500.000000   281.980000
  555.683000   500.000000   241.421000
  462.239000   500.000000   218.060000
  381.120000   500.000000   197.780000
  909.536000     0.000000   424.884000
  819.072000     0.000000   402.268000
  661.856000     0.000000   362.964000
  480.928000     0.000000   317.732000
 1000.000000    92.090000   352.500000
 1000.000000   192.578000   352.500000
 1000.000000   315.820000   352.500000
 1000.000000   407.910000   352.500000
  918.880000     0.000000   332.220000
  837.761000     0.000000   311.940000
  717.922000     0.000000   281.980000
  555.683000     0.000000   241.421000
  462.239000     0.000000   218.060000
  381.120000     0.000000   197.780000
  482.796000   500.000000   318.199000
  665.593000   500.000000   363.898000
  817.204000   500.000000   401.801000
  908.602000   500.000000   424.650000
  300.000000   416.699000   177.500000
  300.000000   333.398000   177.500000
  300.000000   228.711000   177.500000
  300.000000    83.301000   177.500000
  225.000000   500.000000   158.750000
  150.000000   500.000000   140.000000
   75.000000   500.000000   121.250000
    0.000000   407.910000   197.500000
    0.000000   315.820000   197.500000
    0.000000   184.180000   197.500000
    0.000000    92.090000   197.500000
   94.054000   500.000000   221.014000
  188.109000   500.000000   244.527000
    0.000000   407.910000   102.500000
    0.000000   315.820000   102.500000
    0.000000   184.180000   102.500000
    0.000000    92.090000   102.500000
  225.000000     0.000000   158.750000
  150.000000     0.000000   140.000000
   75.000000     0.000000   121.250000
  300.000000   166.667000   272.500000
  300.000000   333.333000   272.500000
   94.054000     0.000000   221.014000
  188.109000     0.000000   244.527000
    0.000000   362.493000   156.766000
    0.000000   132.483000   151.592000
 1000.000000    43.340000   221.677000
 1000.000000   410.809000   192.564000
 1000.000000    84.894000   127.343000
 1000.000000    86.546000   289.850000
 1000.000000   415.688000   287.998000
 1000.000000   402.876000   102.552000
 1000.000000   274.615000   169.470000
 1000.000000   157.947000   209.673000
  881.814000   370.061000   500.000000
  905.384000   253.324000   500.000000
  655.064000   143.298000   500.000000
  937.027000   443.372000   500.000000
  931.001000   114.009000   500.000000
  433.234000   176.307000   500.000000
  840.104000   108.021000   500.000000
  504.713000   312.132000   500.000000
  738.390000   298.948000   500.000000
  377.197000   500.000000   120.717000
  466.199000   500.000000   134.093000
  906.302000   500.000000   125.406000
  831.862000   500.000000   199.886000
  933.193000   500.000000   243.003000
  375.712000     0.000000   133.181000
  847.605000     0.000000   166.123000
  472.667000     0.000000   137.139000
  923.950000     0.000000   236.504000
  155.496000   500.000000   343.669000
  300.000000   289.982000   112.313000
  300.000000   363.588000   114.199000
  300.000000   367.310000   384.318000
  300.000000    68.705000   109.427000
  300.000000   174.588000   392.896000
  300.000000   176.992000   114.566000
  155.516000     0.000000   361.551000
  916.602000   326.216000    50.000000
  929.496000   171.174000    50.000000
  399.360000   110.664000    50.000000
  671.800000   134.203000    50.000000
  407.080000   432.719000    50.000000
  497.172000   416.036000    50.000000
  412.775000   248.611000    50.000000
  929.925000   443.820000    50.000000
  921.023000    70.448000    50.000000
  815.534000    67.390000    50.000000
  406.534000   343.399000    50.000000
  517.315000   152.918000    50.000000
  586.538000   321.174000    50.000000
  781.186000   373.910000    50.000000
  814.972000   189.789000    50.000000
  876.148000   386.011000     0.000000
  626.759000   390.616000     0.000000
  460.728000   410.382000     0.000000
  859.151000   128.869000     0.000000
  417.853000   136.125000     0.000000
  369.647000   285.892000     0.000000
  926.778000    49.632000     0.000000
  370.765000   375.143000     0.000000
  832.529000   290.656000     0.000000
  681.364000   184.361000     0.000000
  489.321000   301.534000     0.000000
  142.694000   441.893000    50.000000
  138.720000    70.932000    50.000000
  216.071000   264.513000    50.000000
   64.578000   418.530000    50.000000
  227.832000   433.206000    50.000000
   56.200000    62.172000    50.000000
  223.290000   103.302000    50.000000
   86.223000   196.616000    50.000000
  238.244000   358.360000    50.000000
  141.601000   351.476000    50.000000
  203.297000   328.779000     0.000000
   75.137000   373.595000     0.000000
  122.053000   268.866000     0.000000
  189.078000   412.819000     0.000000
  140.039000   134.101000     0.000000
 1000.000000   359.842000   409.330000
 1000.000000   138.601000   395.760000
  928.911000   355.153000   429.728000
  921.132000   177.946000   427.783000
  768.243000   144.587000   389.561000
  585.015000   127.812000   343.754000
  624.323000   331.609000   353.581000
  442.682000   260.736000   308.171000
  906.870000   431.698000   424.218000
  792.098000   355.286000   395.524000
  914.357000    75.819000   426.089000
  863.223000   389.072000   318.306000
  685.979000   372.376000   273.995000
  411.884000   424.550000   205.471000
  902.113000   136.902000   328.028000
  508.822000   104.759000   229.705000
  406.303000   234.670000   204.076000
  928.313000    54.512000   334.578000
  390.022000   336.252000   200.006000
  394.150000   104.202000   201.038000
  803.179000   227.071000   303.295000
  516.045000   362.200000   231.511000
  620.204000   208.907000   257.551000
  214.740000   355.867000   156.185000
  100.848000   425.616000   127.712000
   73.045000   156.849000   120.761000
  195.765000   104.893000   151.441000
   95.988000   312.558000   126.497000
   82.313000    73.873000   123.078000
  203.175000   237.298000   153.294000
  166.748000   423.755000   144.187000
   85.677000   353.022000   218.919000
  116.510000   135.050000   226.627000
   70.962000   432.162000   215.241000
  152.457000   262.951000   235.614000
   88.648000    59.947000   219.662000
  201.505000   413.511000   247.876000
  323.357000   476.992000    24.646000
