
Matrix product 0: A

id   = 0
size = 5
rmap = ( 1, 1)
dmap = ( 1, 1)
X00( 0, 0) = A0( 0, 0)
X01(-1, 0) = A1( 0, 0)
X02( 1, 0) = A2( 0, 0)
X03( 0,-1) = A3( 0, 0)
X04( 0, 1) = A4( 0, 0)

         X04      
   X01   X00   X02
         X03      


Matrix product 1: B

id   = 1
size = 3
rmap = ( 1, 1)
dmap = ( 1, 1)
X00( 0, 0) = B0( 0, 0)
X01(-1, 0) = B1( 0, 0)
X02( 1, 0) = B2( 0, 0)

   X01   X00   X02


Matrix product 2: A B

id   = 2
size = 11
rmap = ( 1, 1)
dmap = ( 1, 1)
X00( 0, 0) = B2(-1, 0)*A1( 0, 0) + B1( 1, 0)*A2( 0, 0) + B0( 0, 0)*A0( 0, 0)
X01(-1, 0) = B1( 0, 0)*A0( 0, 0) + B0(-1, 0)*A1( 0, 0)
X02( 1, 0) = B2( 0, 0)*A0( 0, 0) + B0( 1, 0)*A2( 0, 0)
X03( 0,-1) = B0( 0,-1)*A3( 0, 0)
X04( 0, 1) = B0( 0, 1)*A4( 0, 0)
X05(-2, 0) = B1(-1, 0)*A1( 0, 0)
X06(-1,-1) = B1( 0,-1)*A3( 0, 0)
X07(-1, 1) = B1( 0, 1)*A4( 0, 0)
X08( 2, 0) = B2( 1, 0)*A2( 0, 0)
X09( 1,-1) = B2( 0,-1)*A3( 0, 0)
X10( 1, 1) = B2( 0, 1)*A4( 0, 0)

         X07   X04   X10      
   X05   X01   X00   X02   X08
         X06   X03   X09      


Matrix product 3: At B

id   = 2
size = 11
rmap = ( 1, 1)
dmap = ( 1, 1)
X00( 0, 0) = B2(-1, 0)*A2(-1, 0) + B1( 1, 0)*A1( 1, 0) + B0( 0, 0)*A0( 0, 0)
X01( 1, 0) = B2( 0, 0)*A0( 0, 0) + B0( 1, 0)*A1( 1, 0)
X02(-1, 0) = B1( 0, 0)*A0( 0, 0) + B0(-1, 0)*A2(-1, 0)
X03( 0, 1) = B0( 0, 1)*A3( 0, 1)
X04( 0,-1) = B0( 0,-1)*A4( 0,-1)
X05(-2, 0) = B1(-1, 0)*A2(-1, 0)
X06(-1, 1) = B1( 0, 1)*A3( 0, 1)
X07(-1,-1) = B1( 0,-1)*A4( 0,-1)
X08( 2, 0) = B2( 1, 0)*A1( 1, 0)
X09( 1, 1) = B2( 0, 1)*A3( 0, 1)
X10( 1,-1) = B2( 0,-1)*A4( 0,-1)

         X06   X03   X09      
   X05   X02   X00   X01   X08
         X07   X04   X10      


Matrix product 4: Bt At

id   = 2
size = 11
rmap = ( 1, 1)
dmap = ( 1, 1)
X00( 0, 0) = A2( 0, 0)*B1( 1, 0) + A1( 0, 0)*B2(-1, 0) + A0( 0, 0)*B0( 0, 0)
X01( 1, 0) = A1( 1, 0)*B0( 0, 0) + A0( 1, 0)*B1( 1, 0)
X02(-1, 0) = A2(-1, 0)*B0( 0, 0) + A0(-1, 0)*B2(-1, 0)
X03( 2, 0) = A1( 2, 0)*B1( 1, 0)
X04(-2, 0) = A2(-2, 0)*B2(-1, 0)
X05( 0, 1) = A3( 0, 1)*B0( 0, 0)
X06( 1, 1) = A3( 1, 1)*B1( 1, 0)
X07(-1, 1) = A3(-1, 1)*B2(-1, 0)
X08( 0,-1) = A4( 0,-1)*B0( 0, 0)
X09( 1,-1) = A4( 1,-1)*B1( 1, 0)
X10(-1,-1) = A4(-1,-1)*B2(-1, 0)

         X07   X05   X06      
   X04   X02   X00   X01   X03
         X10   X08   X09      


Matrix product 5: Bt A B

id   = 2
size = 17
rmap = ( 1, 1)
dmap = ( 1, 1)
X00( 0, 0) = B2(-1, 0)*A0(-1, 0)*B2(-1, 0) + B2(-1, 0)*A1( 0, 0)*B0( 0, 0) + B1( 1, 0)*A0( 1, 0)*B1( 1, 0) + B1( 1, 0)*A2( 0, 0)*B0( 0, 0) + B0( 0, 0)*A0( 0, 0)*B0( 0, 0) + B0( 0, 0)*A1( 1, 0)*B1( 1, 0) + B0( 0, 0)*A2(-1, 0)*B2(-1, 0)
X01( 1, 0) = B2( 0, 0)*A0( 0, 0)*B0( 0, 0) + B2( 0, 0)*A1( 1, 0)*B1( 1, 0) + B2( 0, 0)*A2(-1, 0)*B2(-1, 0) + B1( 2, 0)*A2( 1, 0)*B1( 1, 0) + B0( 1, 0)*A0( 1, 0)*B1( 1, 0) + B0( 1, 0)*A2( 0, 0)*B0( 0, 0)
X02(-1, 0) = B2(-2, 0)*A1(-1, 0)*B2(-1, 0) + B1( 0, 0)*A0( 0, 0)*B0( 0, 0) + B1( 0, 0)*A1( 1, 0)*B1( 1, 0) + B1( 0, 0)*A2(-1, 0)*B2(-1, 0) + B0(-1, 0)*A0(-1, 0)*B2(-1, 0) + B0(-1, 0)*A1( 0, 0)*B0( 0, 0)
X03(-2, 0) = B1(-1, 0)*A0(-1, 0)*B2(-1, 0) + B1(-1, 0)*A1( 0, 0)*B0( 0, 0) + B0(-2, 0)*A1(-1, 0)*B2(-1, 0)
X04( 2, 0) = B2( 1, 0)*A0( 1, 0)*B1( 1, 0) + B2( 1, 0)*A2( 0, 0)*B0( 0, 0) + B0( 2, 0)*A2( 1, 0)*B1( 1, 0)
X05( 0,-1) = B2(-1,-1)*A3(-1, 0)*B2(-1, 0) + B1( 1,-1)*A3( 1, 0)*B1( 1, 0) + B0( 0,-1)*A3( 0, 0)*B0( 0, 0)
X06( 1,-1) = B2( 0,-1)*A3( 0, 0)*B0( 0, 0) + B0( 1,-1)*A3( 1, 0)*B1( 1, 0)
X07(-1,-1) = B1( 0,-1)*A3( 0, 0)*B0( 0, 0) + B0(-1,-1)*A3(-1, 0)*B2(-1, 0)
X08( 0, 1) = B2(-1, 1)*A4(-1, 0)*B2(-1, 0) + B1( 1, 1)*A4( 1, 0)*B1( 1, 0) + B0( 0, 1)*A4( 0, 0)*B0( 0, 0)
X09( 1, 1) = B2( 0, 1)*A4( 0, 0)*B0( 0, 0) + B0( 1, 1)*A4( 1, 0)*B1( 1, 0)
X10(-1, 1) = B1( 0, 1)*A4( 0, 0)*B0( 0, 0) + B0(-1, 1)*A4(-1, 0)*B2(-1, 0)
X11(-3, 0) = B1(-2, 0)*A1(-1, 0)*B2(-1, 0)
X12(-2,-1) = B1(-1,-1)*A3(-1, 0)*B2(-1, 0)
X13(-2, 1) = B1(-1, 1)*A4(-1, 0)*B2(-1, 0)
X14( 3, 0) = B2( 2, 0)*A2( 1, 0)*B1( 1, 0)
X15( 2,-1) = B2( 1,-1)*A3( 1, 0)*B1( 1, 0)
X16( 2, 1) = B2( 1, 1)*A4( 1, 0)*B1( 1, 0)

         X13   X10   X08   X09   X16      
   X11   X03   X02   X00   X01   X04   X14
         X12   X07   X05   X06   X15      

