This file contains any messages produced by compilers while
running configure, to aid debugging if configure makes a mistake.

It was created by hypre configure 2.10.1, which was
generated by GNU Autoconf 2.69.  Invocation command line was

  $ ./configure --prefix=/home/ulrikey/hypre-dist/hypre-2.10.1-130-g7586c02

## --------- ##
## Platform. ##
## --------- ##

hostname = tux340
uname -m = x86_64
uname -r = 2.6.18-407.el5
uname -s = Linux
uname -v = #1 SMP Fri Oct 16 12:04:40 EDT 2015

/usr/bin/uname -p = unknown
/bin/uname -X     = unknown

/bin/arch              = x86_64
/usr/bin/arch -k       = unknown
/usr/convex/getsysinfo = unknown
/usr/bin/hostinfo      = unknown
/bin/machine           = unknown
/usr/bin/oslevel       = unknown
/bin/universe          = unknown

PATH: /home/ulrikey/opt/hpctoolkit/bin
PATH: /home/ulrikey/opt/jdk1.6.0_19/bin
PATH: /nfs/apps/gcc/4.3.2/bin
PATH: /nfs/apps/swig/1.3.37/bin
PATH: /nfs/apps/python/2.6.5/bin
PATH: /nfs/apps/insure++/7.1.6/bin
PATH: /nfs/apps/insure++/7.1.6/lib
PATH: .
PATH: /home/ulrikey/bin
PATH: /home/ulrikey/doc++-3.4.10/src
PATH: /usr/apps/autoconf/new/bin
PATH: /usr/apps/automake/new/bin
PATH: /usr/apps/libtool/new/bin
PATH: /home/ulrikey/codes/mpich2-1.4.1-install/bin
PATH: /home/ulrikey/codes/mpich2-1.4.1-install/lib
PATH: /home/ulrikey/codes/mpich2-1.4.1-install/include
PATH: /usr/apps/gcc/default/bin
PATH: /usr/apps/matlab/latest/bin
PATH: /nfs/apps/MathWorks/new/bin
PATH: /usr/bin
PATH: /usr/lib
PATH: /usr/apps/netscape/7.1
PATH: /bin
PATH: /usr/bin/X11
PATH: /usr/local/bin
PATH: /usr/X11R6/bin
PATH: /usr/apps/bin
PATH: /usr/apps/pgi/3.2/linux86
PATH: /usr/apps/totalview/release/bin
PATH: /usr/apps/toolworks/latest/bin
PATH: /usr/apps/insure++/default/bin
PATH: /usr/java/j2sdk1.4.0/bin
PATH: /usr/home/casc/bin
PATH: /home/ulrikey/Latex
PATH: /home/ulrikey/MFEM/cmake-2.8.9/bin
PATH: /usr/casc/asde/tools/git/tux/bin
PATH: /home/ulrikey/GPU/cuda/bin
PATH: /home/ulrikey/local_python/bin
PATH: .
PATH: /home/ulrikey/bin
PATH: /home/ulrikey/doc++-3.4.10/src
PATH: /usr/apps/autoconf/new/bin
PATH: /usr/apps/automake/new/bin
PATH: /usr/apps/libtool/new/bin
PATH: /home/ulrikey/codes/mpich2-1.4.1-install/bin
PATH: /home/ulrikey/codes/mpich2-1.4.1-install/lib
PATH: /home/ulrikey/codes/mpich2-1.4.1-install/include
PATH: /usr/apps/gcc/default/bin
PATH: /usr/apps/matlab/latest/bin
PATH: /nfs/apps/MathWorks/new/bin
PATH: /usr/bin
PATH: /usr/lib
PATH: /usr/apps/netscape/7.1
PATH: /bin
PATH: /usr/bin/X11
PATH: /usr/local/bin
PATH: /usr/X11R6/bin
PATH: /usr/apps/bin
PATH: /usr/apps/pgi/3.2/linux86
PATH: /usr/apps/totalview/release/bin
PATH: /usr/apps/toolworks/latest/bin
PATH: /usr/apps/insure++/default/bin
PATH: /usr/java/j2sdk1.4.0/bin
PATH: /usr/home/casc/bin
PATH: /home/ulrikey/Latex
PATH: /home/ulrikey/MFEM/cmake-2.8.9/bin
PATH: /usr/casc/asde/tools/git/tux/bin
PATH: /home/ulrikey/GPU/cuda/bin


## ----------- ##
## Core tests. ##
## ----------- ##

configure:2324: checking build system type
configure:2338: result: x86_64-unknown-linux-gnu
configure:2362: checking host system type
configure:2375: result: x86_64-unknown-linux-gnu
configure:3304: checking for mpxlc
configure:3334: result: no
configure:3304: checking for mpixlc
configure:3334: result: no
configure:3304: checking for mpiicc
configure:3334: result: no
configure:3304: checking for mpicc
configure:3320: found /home/ulrikey/codes/mpich2-1.4.1-install/bin/mpicc
configure:3331: result: mpicc
configure:3493: checking for mpxlC
configure:3523: result: no
configure:3493: checking for mpixlcxx
configure:3523: result: no
configure:3493: checking for mpiicpc
configure:3523: result: no
configure:3493: checking for mpiCC
configure:3523: result: no
configure:3493: checking for mpicxx
configure:3509: found /home/ulrikey/codes/mpich2-1.4.1-install/bin/mpicxx
configure:3520: result: mpicxx
configure:3682: checking for mpxlf
configure:3712: result: no
configure:3682: checking for mpixlf77
configure:3712: result: no
configure:3682: checking for mpiifort
configure:3712: result: no
configure:3682: checking for mpif77
configure:3698: found /home/ulrikey/codes/mpich2-1.4.1-install/bin/mpif77
configure:3709: result: mpif77
configure:3729: checking whether make sets $(MAKE)
configure:3751: result: yes
configure:3803: checking for ranlib
configure:3819: found /usr/bin/ranlib
configure:3830: result: ranlib
configure:4159: checking for C compiler version
configure:4168: mpicc --version >&5
gcc (GCC) 4.3.2
Copyright (C) 2008 Free Software Foundation, Inc.
This is free software; see the source for copying conditions.  There is NO
warranty; not even for MERCHANTABILITY or FITNESS FOR A PARTICULAR PURPOSE.

configure:4179: $? = 0
configure:4168: mpicc -v >&5
mpicc for MPICH2 version 1.4.1p1
Using built-in specs.
Target: x86_64-unknown-linux-gnu
Configured with: ../gcc-4.3.2/configure --prefix=/nfs/apps/gcc/4.3.2 --with-gmp=/nfs/apps/gmp/4.2.4 --with-mpfr=/nfs/apps/mpfr/2.3.2
Thread model: posix
gcc version 4.3.2 (GCC) 
configure:4179: $? = 0
configure:4168: mpicc -V >&5
gcc: couldn't run 'x86_64-unknown-linux-gnu-gcc--I/home/ulrikey/codes/mpich2-1.4.1-install/include': No such file or directory
configure:4179: $? = 1
configure:4168: mpicc -qversion >&5
gcc: unrecognized option '-qversion'
/usr/lib/../lib64/crt1.o: In function `_start':
(.text+0x20): undefined reference to `main'
collect2: ld returned 1 exit status
configure:4179: $? = 1
configure:4199: checking whether the C compiler works
configure:4221: mpicc    conftest.c  >&5
configure:4225: $? = 0
configure:4273: result: yes
configure:4276: checking for C compiler default output file name
configure:4278: result: a.out
configure:4284: checking for suffix of executables
configure:4291: mpicc -o conftest    conftest.c  >&5
configure:4295: $? = 0
configure:4317: result: 
configure:4339: checking whether we are cross compiling
configure:4347: mpicc -o conftest    conftest.c  >&5
configure:4351: $? = 0
configure:4358: ./conftest
configure:4362: $? = 0
configure:4377: result: no
configure:4382: checking for suffix of object files
configure:4404: mpicc -c   conftest.c >&5
configure:4408: $? = 0
configure:4429: result: o
configure:4433: checking whether we are using the GNU C compiler
configure:4452: mpicc -c   conftest.c >&5
configure:4452: $? = 0
configure:4461: result: yes
configure:4470: checking whether mpicc accepts -g
configure:4490: mpicc -c -g  conftest.c >&5
configure:4490: $? = 0
configure:4531: result: yes
configure:4548: checking for mpicc option to accept ISO C89
configure:4611: mpicc  -c -g -O2  conftest.c >&5
configure:4611: $? = 0
configure:4624: result: none needed
configure:4760: checking for C++ compiler version
configure:4769: mpicxx --version >&5
c++ (GCC) 4.3.2
Copyright (C) 2008 Free Software Foundation, Inc.
This is free software; see the source for copying conditions.  There is NO
warranty; not even for MERCHANTABILITY or FITNESS FOR A PARTICULAR PURPOSE.

configure:4780: $? = 0
configure:4769: mpicxx -v >&5
mpicxx for MPICH2 version 1.4.1p1
Using built-in specs.
Target: x86_64-unknown-linux-gnu
Configured with: ../gcc-4.3.2/configure --prefix=/nfs/apps/gcc/4.3.2 --with-gmp=/nfs/apps/gmp/4.2.4 --with-mpfr=/nfs/apps/mpfr/2.3.2
Thread model: posix
gcc version 4.3.2 (GCC) 
configure:4780: $? = 0
configure:4769: mpicxx -V >&5
c++: couldn't run 'x86_64-unknown-linux-gnu-gcc--I/home/ulrikey/codes/mpich2-1.4.1-install/include': No such file or directory
configure:4780: $? = 1
configure:4769: mpicxx -qversion >&5
c++: unrecognized option '-qversion'
/usr/lib/../lib64/crt1.o: In function `_start':
(.text+0x20): undefined reference to `main'
collect2: ld returned 1 exit status
configure:4780: $? = 1
configure:4784: checking whether we are using the GNU C++ compiler
configure:4803: mpicxx -c   conftest.cpp >&5
configure:4803: $? = 0
configure:4812: result: yes
configure:4821: checking whether mpicxx accepts -g
configure:4841: mpicxx -c -g  conftest.cpp >&5
configure:4841: $? = 0
configure:4882: result: yes
configure:5015: checking for Fortran compiler version
configure:5024: mpif77 --version >&5
GNU Fortran (GCC) 4.3.2
Copyright (C) 2008 Free Software Foundation, Inc.

GNU Fortran comes with NO WARRANTY, to the extent permitted by law.
You may redistribute copies of GNU Fortran
under the terms of the GNU General Public License.
For more information about these matters, see the file named COPYING

configure:5035: $? = 0
configure:5024: mpif77 -v >&5
mpif77 for MPICH2 version 1.4.1p1
Using built-in specs.
Target: x86_64-unknown-linux-gnu
Configured with: ../gcc-4.3.2/configure --prefix=/nfs/apps/gcc/4.3.2 --with-gmp=/nfs/apps/gmp/4.2.4 --with-mpfr=/nfs/apps/mpfr/2.3.2
Thread model: posix
gcc version 4.3.2 (GCC) 
configure:5035: $? = 0
configure:5024: mpif77 -V >&5
gfortran: couldn't run 'x86_64-unknown-linux-gnu-gcc--I/home/ulrikey/codes/mpich2-1.4.1-install/include': No such file or directory
configure:5035: $? = 1
configure:5024: mpif77 -qversion >&5
gfortran: unrecognized option '-qversion'
/nfs/apps/gcc/4.3.2/lib/gcc/x86_64-unknown-linux-gnu/4.3.2/libgfortranbegin.a(fmain.o): In function `main':
/export/src/build/x86_64-unknown-linux-gnu/libgfortran/../../../gcc-4.3.2/libgfortran/fmain.c:21: undefined reference to `MAIN__'
collect2: ld returned 1 exit status
configure:5035: $? = 1
configure:5044: checking whether we are using the GNU Fortran compiler
configure:5057: mpif77 -c   conftest.F >&5
configure:5057: $? = 0
configure:5066: result: yes
configure:5072: checking whether mpif77 accepts -g
configure:5083: mpif77 -c -g  conftest.f >&5
configure:5083: $? = 0
configure:5091: result: yes
configure:5125: checking how to get verbose linking output from mpif77
configure:5135: mpif77 -c -g -O2  conftest.f >&5
configure:5135: $? = 0
configure:5153: mpif77 -o conftest -g -O2 -v conftest.f
mpif77 for MPICH2 version 1.4.1p1
Using built-in specs.
Target: x86_64-unknown-linux-gnu
Thread model: posix
gcc version 4.3.2 (GCC) 
 /nfs/apps/gcc/4.3.2/libexec/gcc/x86_64-unknown-linux-gnu/4.3.2/f951 conftest.f -ffixed-form -quiet -dumpbase conftest.f -mtune=generic -auxbase conftest -g -O2 -version -I/home/ulrikey/codes/mpich2-1.4.1-install/include -fintrinsic-modules-path /nfs/apps/gcc/4.3.2/lib/gcc/x86_64-unknown-linux-gnu/4.3.2/finclude -o /tmp/ccwk5ds4.s
GNU F95 (GCC) version 4.3.2 (x86_64-unknown-linux-gnu)
	compiled by GNU C version 4.3.2, GMP version 4.2.4, MPFR version 2.3.2.
GGC heuristics: --param ggc-min-expand=100 --param ggc-min-heapsize=131072
 as -V -Qy -o /tmp/cciW9CKZ.o /tmp/ccwk5ds4.s
GNU assembler version 2.17.50.0.6-26.el5 (x86_64-redhat-linux) using BFD version 2.17.50.0.6-26.el5 20061020
 /nfs/apps/gcc/4.3.2/libexec/gcc/x86_64-unknown-linux-gnu/4.3.2/collect2 --eh-frame-hdr -m elf_x86_64 -dynamic-linker /lib64/ld-linux-x86-64.so.2 -o conftest /usr/lib/../lib64/crt1.o /usr/lib/../lib64/crti.o /nfs/apps/gcc/4.3.2/lib/gcc/x86_64-unknown-linux-gnu/4.3.2/crtbegin.o -L/home/ulrikey/codes/mpich2-1.4.1-install/lib -L/nfs/apps/gcc/4.3.2/lib/gcc/x86_64-unknown-linux-gnu/4.3.2 -L/nfs/apps/gcc/4.3.2/lib/gcc/x86_64-unknown-linux-gnu/4.3.2/../../../../lib64 -L/lib/../lib64 -L/usr/lib/../lib64 -L/nfs/apps/gcc/4.3.2/lib/gcc/x86_64-unknown-linux-gnu/4.3.2/../../.. /tmp/cciW9CKZ.o -rpath /home/ulrikey/codes/mpich2-1.4.1-install/lib -lmpich -lopa -lmpl -lrt -lpthread -lgfortranbegin -lgfortran -lm -lgcc_s -lgcc -lc -lgcc_s -lgcc /nfs/apps/gcc/4.3.2/lib/gcc/x86_64-unknown-linux-gnu/4.3.2/crtend.o /usr/lib/../lib64/crtn.o
configure:5236: result: -v
configure:5238: checking for Fortran libraries of mpif77
configure:5261: mpif77 -o conftest -g -O2 -v conftest.f
mpif77 for MPICH2 version 1.4.1p1
Using built-in specs.
Target: x86_64-unknown-linux-gnu
Thread model: posix
gcc version 4.3.2 (GCC) 
 /nfs/apps/gcc/4.3.2/libexec/gcc/x86_64-unknown-linux-gnu/4.3.2/f951 conftest.f -ffixed-form -quiet -dumpbase conftest.f -mtune=generic -auxbase conftest -g -O2 -version -I/home/ulrikey/codes/mpich2-1.4.1-install/include -fintrinsic-modules-path /nfs/apps/gcc/4.3.2/lib/gcc/x86_64-unknown-linux-gnu/4.3.2/finclude -o /tmp/ccF6Hnra.s
GNU F95 (GCC) version 4.3.2 (x86_64-unknown-linux-gnu)
	compiled by GNU C version 4.3.2, GMP version 4.2.4, MPFR version 2.3.2.
GGC heuristics: --param ggc-min-expand=100 --param ggc-min-heapsize=131072
 as -V -Qy -o /tmp/ccqFl89a.o /tmp/ccF6Hnra.s
GNU assembler version 2.17.50.0.6-26.el5 (x86_64-redhat-linux) using BFD version 2.17.50.0.6-26.el5 20061020
 /nfs/apps/gcc/4.3.2/libexec/gcc/x86_64-unknown-linux-gnu/4.3.2/collect2 --eh-frame-hdr -m elf_x86_64 -dynamic-linker /lib64/ld-linux-x86-64.so.2 -o conftest /usr/lib/../lib64/crt1.o /usr/lib/../lib64/crti.o /nfs/apps/gcc/4.3.2/lib/gcc/x86_64-unknown-linux-gnu/4.3.2/crtbegin.o -L/home/ulrikey/codes/mpich2-1.4.1-install/lib -L/nfs/apps/gcc/4.3.2/lib/gcc/x86_64-unknown-linux-gnu/4.3.2 -L/nfs/apps/gcc/4.3.2/lib/gcc/x86_64-unknown-linux-gnu/4.3.2/../../../../lib64 -L/lib/../lib64 -L/usr/lib/../lib64 -L/nfs/apps/gcc/4.3.2/lib/gcc/x86_64-unknown-linux-gnu/4.3.2/../../.. /tmp/ccqFl89a.o -rpath /home/ulrikey/codes/mpich2-1.4.1-install/lib -lmpich -lopa -lmpl -lrt -lpthread -lgfortranbegin -lgfortran -lm -lgcc_s -lgcc -lc -lgcc_s -lgcc /nfs/apps/gcc/4.3.2/lib/gcc/x86_64-unknown-linux-gnu/4.3.2/crtend.o /usr/lib/../lib64/crtn.o
configure:5457: result:  -L/home/ulrikey/codes/mpich2-1.4.1-install/lib -L/nfs/apps/gcc/4.3.2/lib/gcc/x86_64-unknown-linux-gnu/4.3.2 -L/nfs/apps/gcc/4.3.2/lib/gcc/x86_64-unknown-linux-gnu/4.3.2/../../../../lib64 -L/lib/../lib64 -L/usr/lib/../lib64 -L/nfs/apps/gcc/4.3.2/lib/gcc/x86_64-unknown-linux-gnu/4.3.2/../../.. -lmpich -lopa -lmpl -lrt -lpthread -lgfortranbegin -lgfortran -lm
configure:5474: checking for dummy main to link with Fortran libraries
configure:5508: mpicc -o conftest -g -O2   conftest.c   -L/home/ulrikey/codes/mpich2-1.4.1-install/lib -L/nfs/apps/gcc/4.3.2/lib/gcc/x86_64-unknown-linux-gnu/4.3.2 -L/nfs/apps/gcc/4.3.2/lib/gcc/x86_64-unknown-linux-gnu/4.3.2/../../../../lib64 -L/lib/../lib64 -L/usr/lib/../lib64 -L/nfs/apps/gcc/4.3.2/lib/gcc/x86_64-unknown-linux-gnu/4.3.2/../../.. -lmpich -lopa -lmpl -lrt -lpthread -lgfortranbegin -lgfortran -lm >&5
configure:5508: $? = 0
configure:5553: result: none
configure:5586: checking for Fortran name-mangling scheme
configure:5599: mpif77 -c -g -O2  conftest.f >&5
configure:5599: $? = 0
configure:5640: mpicc -o conftest -g -O2   conftest.c cfortran_test.o   -L/home/ulrikey/codes/mpich2-1.4.1-install/lib -L/nfs/apps/gcc/4.3.2/lib/gcc/x86_64-unknown-linux-gnu/4.3.2 -L/nfs/apps/gcc/4.3.2/lib/gcc/x86_64-unknown-linux-gnu/4.3.2/../../../../lib64 -L/lib/../lib64 -L/usr/lib/../lib64 -L/nfs/apps/gcc/4.3.2/lib/gcc/x86_64-unknown-linux-gnu/4.3.2/../../.. -lmpich -lopa -lmpl -lrt -lpthread -lgfortranbegin -lgfortran -lm >&5
/tmp/ccMoyTKc.o: In function `main':
/home/ulrikey/hypre-dist/hypre-2.10.1-130-g7586c02/src/conftest.c:37: undefined reference to `foobar'
collect2: ld returned 1 exit status
configure:5640: $? = 1
configure: failed program was:
| /* confdefs.h */
| #define PACKAGE_NAME "hypre"
| #define PACKAGE_TARNAME "hypre"
| #define PACKAGE_VERSION "2.10.1"
| #define PACKAGE_STRING "hypre 2.10.1"
| #define PACKAGE_BUGREPORT ""
| #define PACKAGE_URL ""
| #define HYPRE_RELEASE_NAME "hypre"
| #define HYPRE_RELEASE_VERSION "2.10.1"
| #define HYPRE_RELEASE_DATE "2015/09/11"
| #define HYPRE_RELEASE_TIME "00:00:00"
| #define HYPRE_RELEASE_BUGS "hypre-support@llnl.gov"
| #define HYPRE_MAXDIM 3
| #define HYPRE_FMANGLE 0
| #define HYPRE_FMANGLE_BLAS 0
| #define HYPRE_FMANGLE_LAPACK 0
| /* end confdefs.h.  */
| 
| /* Override any GCC internal prototype to avoid an error.
|    Use char because int might match the return type of a GCC
|    builtin and then its argument prototype would still apply.  */
| #ifdef __cplusplus
| extern "C"
| #endif
| char foobar ();
| #ifdef FC_DUMMY_MAIN
| #ifndef FC_DUMMY_MAIN_EQ_F77
| #  ifdef __cplusplus
|      extern "C"
| #  endif
|    int FC_DUMMY_MAIN() { return 1; }
| #endif
| #endif
| int
| main ()
| {
| return foobar ();
|   ;
|   return 0;
| }
configure:5640: mpicc -o conftest -g -O2   conftest.c cfortran_test.o   -L/home/ulrikey/codes/mpich2-1.4.1-install/lib -L/nfs/apps/gcc/4.3.2/lib/gcc/x86_64-unknown-linux-gnu/4.3.2 -L/nfs/apps/gcc/4.3.2/lib/gcc/x86_64-unknown-linux-gnu/4.3.2/../../../../lib64 -L/lib/../lib64 -L/usr/lib/../lib64 -L/nfs/apps/gcc/4.3.2/lib/gcc/x86_64-unknown-linux-gnu/4.3.2/../../.. -lmpich -lopa -lmpl -lrt -lpthread -lgfortranbegin -lgfortran -lm >&5
configure:5640: $? = 0
configure:5698: mpicc -o conftest -g -O2   conftest.c cfortran_test.o   -L/home/ulrikey/codes/mpich2-1.4.1-install/lib -L/nfs/apps/gcc/4.3.2/lib/gcc/x86_64-unknown-linux-gnu/4.3.2 -L/nfs/apps/gcc/4.3.2/lib/gcc/x86_64-unknown-linux-gnu/4.3.2/../../../../lib64 -L/lib/../lib64 -L/usr/lib/../lib64 -L/nfs/apps/gcc/4.3.2/lib/gcc/x86_64-unknown-linux-gnu/4.3.2/../../.. -lmpich -lopa -lmpl -lrt -lpthread -lgfortranbegin -lgfortran -lm >&5
configure:5698: $? = 0
configure:5740: result: lower case, underscore, no extra underscore
configure:5816: checking for MPI_Init
configure:5816: mpicc -o conftest -g -O2   conftest.c  >&5
configure:5816: $? = 0
configure:5816: result: yes
configure:5926: checking for mpi.h
configure:5947: mpicc -c -g -O2  conftest.c >&5
configure:5947: $? = 0
configure:5948: result: yes
configure:5974: checking for MPI_Comm_f2c
configure:5974: mpicc -o conftest -g -O2   conftest.c    >&5
/tmp/ccA7PpXO.o: In function `main':
/home/ulrikey/hypre-dist/hypre-2.10.1-130-g7586c02/src/conftest.c:63: undefined reference to `MPI_Comm_f2c'
collect2: ld returned 1 exit status
configure:5974: $? = 1
configure: failed program was:
| /* confdefs.h */
| #define PACKAGE_NAME "hypre"
| #define PACKAGE_TARNAME "hypre"
| #define PACKAGE_VERSION "2.10.1"
| #define PACKAGE_STRING "hypre 2.10.1"
| #define PACKAGE_BUGREPORT ""
| #define PACKAGE_URL ""
| #define HYPRE_RELEASE_NAME "hypre"
| #define HYPRE_RELEASE_VERSION "2.10.1"
| #define HYPRE_RELEASE_DATE "2015/09/11"
| #define HYPRE_RELEASE_TIME "00:00:00"
| #define HYPRE_RELEASE_BUGS "hypre-support@llnl.gov"
| #define HYPRE_MAXDIM 3
| #define HYPRE_FMANGLE 0
| #define HYPRE_FMANGLE_BLAS 0
| #define HYPRE_FMANGLE_LAPACK 0
| #define FC_FUNC(name,NAME) name ## _
| #define FC_FUNC_(name,NAME) name ## _
| #define HYPRE_HAVE_MPI 1
| /* end confdefs.h.  */
| /* Define MPI_Comm_f2c to an innocuous variant, in case <limits.h> declares MPI_Comm_f2c.
|    For example, HP-UX 11i <limits.h> declares gettimeofday.  */
| #define MPI_Comm_f2c innocuous_MPI_Comm_f2c
| 
| /* System header to define __stub macros and hopefully few prototypes,
|     which can conflict with char MPI_Comm_f2c (); below.
|     Prefer <limits.h> to <assert.h> if __STDC__ is defined, since
|     <limits.h> exists even on freestanding compilers.  */
| 
| #ifdef __STDC__
| # include <limits.h>
| #else
| # include <assert.h>
| #endif
| 
| #undef MPI_Comm_f2c
| 
| /* Override any GCC internal prototype to avoid an error.
|    Use char because int might match the return type of a GCC
|    builtin and then its argument prototype would still apply.  */
| #ifdef __cplusplus
| extern "C"
| #endif
| char MPI_Comm_f2c ();
| /* The GNU C library defines this for functions which it implements
|     to always fail with ENOSYS.  Some functions are actually named
|     something starting with __ and the normal name is an alias.  */
| #if defined __stub_MPI_Comm_f2c || defined __stub___MPI_Comm_f2c
| choke me
| #endif
| 
| #ifdef FC_DUMMY_MAIN
| #ifndef FC_DUMMY_MAIN_EQ_F77
| #  ifdef __cplusplus
|      extern "C"
| #  endif
|    int FC_DUMMY_MAIN() { return 1; }
| #endif
| #endif
| int
| main ()
| {
| return MPI_Comm_f2c ();
|   ;
|   return 0;
| }
configure:5974: result: no
configure:5988: checking how to run the C preprocessor
configure:6019: mpicc -E  conftest.c
configure:6019: $? = 0
configure:6033: mpicc -E  conftest.c
conftest.c:21:28: error: ac_nonexistent.h: No such file or directory
configure:6033: $? = 1
configure: failed program was:
| /* confdefs.h */
| #define PACKAGE_NAME "hypre"
| #define PACKAGE_TARNAME "hypre"
| #define PACKAGE_VERSION "2.10.1"
| #define PACKAGE_STRING "hypre 2.10.1"
| #define PACKAGE_BUGREPORT ""
| #define PACKAGE_URL ""
| #define HYPRE_RELEASE_NAME "hypre"
| #define HYPRE_RELEASE_VERSION "2.10.1"
| #define HYPRE_RELEASE_DATE "2015/09/11"
| #define HYPRE_RELEASE_TIME "00:00:00"
| #define HYPRE_RELEASE_BUGS "hypre-support@llnl.gov"
| #define HYPRE_MAXDIM 3
| #define HYPRE_FMANGLE 0
| #define HYPRE_FMANGLE_BLAS 0
| #define HYPRE_FMANGLE_LAPACK 0
| #define FC_FUNC(name,NAME) name ## _
| #define FC_FUNC_(name,NAME) name ## _
| #define HYPRE_HAVE_MPI 1
| /* end confdefs.h.  */
| #include <ac_nonexistent.h>
configure:6058: result: mpicc -E
configure:6078: mpicc -E  conftest.c
configure:6078: $? = 0
configure:6092: mpicc -E  conftest.c
conftest.c:21:28: error: ac_nonexistent.h: No such file or directory
configure:6092: $? = 1
configure: failed program was:
| /* confdefs.h */
| #define PACKAGE_NAME "hypre"
| #define PACKAGE_TARNAME "hypre"
| #define PACKAGE_VERSION "2.10.1"
| #define PACKAGE_STRING "hypre 2.10.1"
| #define PACKAGE_BUGREPORT ""
| #define PACKAGE_URL ""
| #define HYPRE_RELEASE_NAME "hypre"
| #define HYPRE_RELEASE_VERSION "2.10.1"
| #define HYPRE_RELEASE_DATE "2015/09/11"
| #define HYPRE_RELEASE_TIME "00:00:00"
| #define HYPRE_RELEASE_BUGS "hypre-support@llnl.gov"
| #define HYPRE_MAXDIM 3
| #define HYPRE_FMANGLE 0
| #define HYPRE_FMANGLE_BLAS 0
| #define HYPRE_FMANGLE_LAPACK 0
| #define FC_FUNC(name,NAME) name ## _
| #define FC_FUNC_(name,NAME) name ## _
| #define HYPRE_HAVE_MPI 1
| /* end confdefs.h.  */
| #include <ac_nonexistent.h>
configure:6121: checking for grep that handles long lines and -e
configure:6179: result: /bin/grep
configure:6184: checking for egrep
configure:6246: result: /bin/grep -E
configure:6251: checking whether MPI_Comm_f2c is a macro
configure:6273: result: yes
configure:6727: checking for __gxx_personality_v0 in -lstdc++
configure:6760: mpicc -o conftest -g -O2   conftest.c -lstdc++     >&5
configure:6760: $? = 0
configure:6769: result: yes
configure:7082: checking for cabs in -lm
configure:7115: mpicc -o conftest -O2   conftest.c -lm     -lstdc++ >&5
conftest.c:32: warning: conflicting types for built-in function 'cabs'
configure:7115: $? = 0
configure:7124: result: yes
configure:7405: checking the hostname
configure:7416: result: tux340
configure:7420: checking the architecture
configure:7451: result: LINUX
configure:7689: creating ./config.status

## ---------------------- ##
## Running config.status. ##
## ---------------------- ##

This file was extended by hypre config.status 2.10.1, which was
generated by GNU Autoconf 2.69.  Invocation command line was

  CONFIG_FILES    = 
  CONFIG_HEADERS  = 
  CONFIG_LINKS    = 
  CONFIG_COMMANDS = 
  $ ./config.status 

on tux340

config.status:872: creating config/Makefile.config
config.status:872: creating HYPRE_config.h

## ---------------- ##
## Cache variables. ##
## ---------------- ##

ac_cv_build=x86_64-unknown-linux-gnu
ac_cv_c_compiler_gnu=yes
ac_cv_cxx_compiler_gnu=yes
ac_cv_env_CCC_set=
ac_cv_env_CCC_value=
ac_cv_env_CC_set=
ac_cv_env_CC_value=
ac_cv_env_CFLAGS_set=
ac_cv_env_CFLAGS_value=
ac_cv_env_CPPFLAGS_set=
ac_cv_env_CPPFLAGS_value=
ac_cv_env_CPP_set=
ac_cv_env_CPP_value=
ac_cv_env_CXXFLAGS_set=
ac_cv_env_CXXFLAGS_value=
ac_cv_env_CXX_set=
ac_cv_env_CXX_value=
ac_cv_env_FCFLAGS_set=
ac_cv_env_FCFLAGS_value=
ac_cv_env_FC_set=
ac_cv_env_FC_value=
ac_cv_env_LDFLAGS_set=
ac_cv_env_LDFLAGS_value=
ac_cv_env_LIBS_set=
ac_cv_env_LIBS_value=
ac_cv_env_build_alias_set=
ac_cv_env_build_alias_value=
ac_cv_env_host_alias_set=
ac_cv_env_host_alias_value=
ac_cv_env_target_alias_set=
ac_cv_env_target_alias_value=
ac_cv_fc_compiler_gnu=yes
ac_cv_fc_dummy_main=none
ac_cv_fc_libs=' -L/home/ulrikey/codes/mpich2-1.4.1-install/lib -L/nfs/apps/gcc/4.3.2/lib/gcc/x86_64-unknown-linux-gnu/4.3.2 -L/nfs/apps/gcc/4.3.2/lib/gcc/x86_64-unknown-linux-gnu/4.3.2/../../../../lib64 -L/lib/../lib64 -L/usr/lib/../lib64 -L/nfs/apps/gcc/4.3.2/lib/gcc/x86_64-unknown-linux-gnu/4.3.2/../../.. -lmpich -lopa -lmpl -lrt -lpthread -lgfortranbegin -lgfortran -lm'
ac_cv_fc_mangling='lower case, underscore, no extra underscore'
ac_cv_fortran_dummy_main=none
ac_cv_func_MPI_Comm_f2c=no
ac_cv_func_MPI_Init=yes
ac_cv_host=x86_64-unknown-linux-gnu
ac_cv_lib_m_cabs=yes
ac_cv_lib_stdcpp___gxx_personality_v0=yes
ac_cv_objext=o
ac_cv_path_EGREP='/bin/grep -E'
ac_cv_path_GREP=/bin/grep
ac_cv_prog_CC=mpicc
ac_cv_prog_CPP='mpicc -E'
ac_cv_prog_CXX=mpicxx
ac_cv_prog_FC=mpif77
ac_cv_prog_ac_ct_RANLIB=ranlib
ac_cv_prog_cc_c89=
ac_cv_prog_cc_g=yes
ac_cv_prog_cxx_g=yes
ac_cv_prog_fc_g=yes
ac_cv_prog_fc_v=-v
ac_cv_prog_make_make_set=yes
hypre_cv_func_MPI_Comm_f2c_macro=yes

## ----------------- ##
## Output variables. ##
## ----------------- ##

AR='ar -rcu'
BLASLIBDIRS=''
BLASLIBS=''
BUILD_CC_SHARED=''
BUILD_CXX_SHARED=''
BUILD_FC_SHARED=''
BUILD_JAVA='0'
BUILD_PYTHON='0'
CC='mpicc'
CFLAGS='-O2'
CPP='mpicc -E'
CPPFLAGS=''
CXX='mpicxx'
CXXFLAGS='-O2'
DEFS='-DHAVE_CONFIG_H'
ECHO_C=''
ECHO_N='-n'
ECHO_T=''
EGREP='/bin/grep -E'
EXAMPLEDIR=''
EXEEXT=''
FC='mpif77'
FCFLAGS='-g -O2'
FCLIBS=' -L/home/ulrikey/codes/mpich2-1.4.1-install/lib -L/nfs/apps/gcc/4.3.2/lib/gcc/x86_64-unknown-linux-gnu/4.3.2 -L/nfs/apps/gcc/4.3.2/lib/gcc/x86_64-unknown-linux-gnu/4.3.2/../../../../lib64 -L/lib/../lib64 -L/usr/lib/../lib64 -L/nfs/apps/gcc/4.3.2/lib/gcc/x86_64-unknown-linux-gnu/4.3.2/../../.. -lmpich -lopa -lmpl -lrt -lpthread -lgfortranbegin -lgfortran -lm'
FFLAGS='-O2'
FLIBS=''
GREP='/bin/grep'
HOSTNAME='tux340'
HYPRE_ARCH='LINUX'
HYPRE_BLAS_FILES='/home/ulrikey/hypre-dist/hypre-2.10.1-130-g7586c02/src/blas/*.o'
HYPRE_BLAS_SRC_DIR='/home/ulrikey/hypre-dist/hypre-2.10.1-130-g7586c02/src/blas'
HYPRE_BUGS='hypre-support@llnl.gov'
HYPRE_DATE='2015/09/11'
HYPRE_FEI_BASE_DIR='/home/ulrikey/hypre-dist/hypre-2.10.1-130-g7586c02/src/FEI_mv/fei-base'
HYPRE_FEI_FEMLI_FILES='/home/ulrikey/hypre-dist/hypre-2.10.1-130-g7586c02/src/FEI_mv/femli/*.o'
HYPRE_FEI_HYPRE_FILES='/home/ulrikey/hypre-dist/hypre-2.10.1-130-g7586c02/src/FEI_mv/fei-hypre/*.o'
HYPRE_FEI_SRC_DIR='/home/ulrikey/hypre-dist/hypre-2.10.1-130-g7586c02/src/FEI_mv'
HYPRE_FEI_SUBDIRS='SuperLU femli fei-hypre'
HYPRE_FEI_SUPERLU_FILES='/home/ulrikey/hypre-dist/hypre-2.10.1-130-g7586c02/src/FEI_mv/SuperLU/SRC/*.o'
HYPRE_INCINSTALL='${prefix}/include'
HYPRE_INSTALLDIR='/home/ulrikey/hypre-dist/hypre-2.10.1-130-g7586c02'
HYPRE_LAPACK_FILES='/home/ulrikey/hypre-dist/hypre-2.10.1-130-g7586c02/src/lapack/*.o'
HYPRE_LAPACK_SRC_DIR='/home/ulrikey/hypre-dist/hypre-2.10.1-130-g7586c02/src/lapack'
HYPRE_LIBINSTALL='${exec_prefix}/lib'
HYPRE_LIBSUFFIX='.a'
HYPRE_NAME='hypre'
HYPRE_SRCDIR='/home/ulrikey/hypre-dist/hypre-2.10.1-130-g7586c02/src'
HYPRE_TIME='00:00:00'
HYPRE_VERSION='2.10.1'
LAPACKLIBDIRS=''
LAPACKLIBS=''
LDFLAGS=''
LIBOBJS=''
LIBS='   -lstdc++ -lm'
LINK_CC='mpicc'
LINK_CXX='mpicxx'
LINK_FC='mpif77'
LTLIBOBJS=''
MPIFLAGS=''
MPIINCLUDE=''
MPILIBDIRS=''
MPILIBS=' '
OBJEXT='o'
PACKAGE_BUGREPORT=''
PACKAGE_NAME=''
PACKAGE_STRING=''
PACKAGE_TARNAME=''
PACKAGE_URL=''
PACKAGE_VERSION=''
PATH_SEPARATOR=':'
PYTHON=''
RANLIB='ranlib'
SET_MAKE=''
SHARED_BUILD_FLAG=''
SHARED_COMPILE_FLAG=''
SHARED_OPTIONS=''
SHARED_SET_SONAME=''
SHELL='/bin/sh'
ac_ct_CC=''
ac_ct_CXX=''
ac_ct_FC=''
bindir='${exec_prefix}/bin'
build='x86_64-unknown-linux-gnu'
build_alias=''
build_cpu='x86_64'
build_os='linux-gnu'
build_vendor='unknown'
datadir='${datarootdir}'
datarootdir='${prefix}/share'
docdir='${datarootdir}/doc/${PACKAGE_TARNAME}'
dvidir='${docdir}'
exec_prefix='${prefix}'
host='x86_64-unknown-linux-gnu'
host_alias=''
host_cpu='x86_64'
host_os='linux-gnu'
host_vendor='unknown'
htmldir='${docdir}'
includedir='${prefix}/include'
infodir='${datarootdir}/info'
libdir='${exec_prefix}/lib'
libexecdir='${exec_prefix}/libexec'
localedir='${datarootdir}/locale'
localstatedir='${prefix}/var'
mandir='${datarootdir}/man'
oldincludedir='/usr/include'
pdfdir='${docdir}'
prefix='/home/ulrikey/hypre-dist/hypre-2.10.1-130-g7586c02'
program_transform_name='s,x,x,'
psdir='${docdir}'
sbindir='${exec_prefix}/sbin'
sharedstatedir='${prefix}/com'
sysconfdir='${prefix}/etc'
target_alias=''

## ----------- ##
## confdefs.h. ##
## ----------- ##

/* confdefs.h */
#define PACKAGE_NAME "hypre"
#define PACKAGE_TARNAME "hypre"
#define PACKAGE_VERSION "2.10.1"
#define PACKAGE_STRING "hypre 2.10.1"
#define PACKAGE_BUGREPORT ""
#define PACKAGE_URL ""
#define HYPRE_RELEASE_NAME "hypre"
#define HYPRE_RELEASE_VERSION "2.10.1"
#define HYPRE_RELEASE_DATE "2015/09/11"
#define HYPRE_RELEASE_TIME "00:00:00"
#define HYPRE_RELEASE_BUGS "hypre-support@llnl.gov"
#define HYPRE_MAXDIM 3
#define HYPRE_FMANGLE 0
#define HYPRE_FMANGLE_BLAS 0
#define HYPRE_FMANGLE_LAPACK 0
#define FC_FUNC(name,NAME) name ## _
#define FC_FUNC_(name,NAME) name ## _
#define HYPRE_HAVE_MPI 1
#define HYPRE_HAVE_MPI_COMM_F2C 1
#define HYPRE_NO_GLOBAL_PARTITION 1
#define HYPRE_USING_HYPRE_BLAS 1
#define HYPRE_USING_HYPRE_LAPACK 1
#define HYPRE_LINUX 1

configure: exit 0
